Log file open, 06/30/23 14:46:14
LogWindows: Failed to load 'aqProf.dll' (GetLastError=126)
LogWindows: File 'aqProf.dll' does not exist
LogWindows: Failed to load 'VtuneApi.dll' (GetLastError=126)
LogWindows: File 'VtuneApi.dll' does not exist
LogWindows: Failed to load 'VtuneApi32e.dll' (GetLastError=126)
LogWindows: File 'VtuneApi32e.dll' does not exist
LogConsoleResponse: Display: Failed to find resolution value strings in scalability ini. Falling back to default.
LogInit: Display: Running engine for game: Hour_10
LogPakFile: Registered encryption key '00000000000000000000000000000000': 0 pak files mounted, 0 remain pending
LogPlatformFile: Not using cached read wrapper
LogTaskGraph: Started task graph with 5 named threads and 35 total threads with 3 sets of task threads.
LogStats: Stats thread started at 0.799029
LogD3D11RHI: Loaded GFSDK_Aftermath_Lib.x64.dll
LogICUInternationalization: ICU TimeZone Detection - Raw Offset: +9:00, Platform Override: ''
LogPluginManager: Mounting plugin Paper2D
LogPluginManager: Mounting plugin AISupport
LogPluginManager: Mounting plugin LightPropagationVolume
LogPluginManager: Mounting plugin ActorLayerUtilities
LogPluginManager: Mounting plugin CLionSourceCodeAccess
LogPluginManager: Mounting plugin CodeLiteSourceCodeAccess
LogPluginManager: Mounting plugin GitSourceControl
LogPluginManager: Mounting plugin KDevelopSourceCodeAccess
LogPluginManager: Mounting plugin NullSourceCodeAccess
LogPluginManager: Mounting plugin PerforceSourceControl
LogPluginManager: Mounting plugin SubversionSourceControl
LogPluginManager: Mounting plugin UObjectPlugin
LogPluginManager: Mounting plugin VisualStudioCodeSourceCodeAccess
LogPluginManager: Mounting plugin VisualStudioSourceCodeAccess
LogPluginManager: Mounting plugin XCodeSourceCodeAccess
LogPluginManager: Mounting plugin AssetManagerEditor
LogPluginManager: Mounting plugin CryptoKeys
LogPluginManager: Mounting plugin DataValidation
LogPluginManager: Mounting plugin FacialAnimation
LogPluginManager: Mounting plugin GameplayTagsEditor
LogPluginManager: Mounting plugin MacGraphicsSwitching
LogPluginManager: Mounting plugin MeshEditor
LogPluginManager: Mounting plugin MobileLauncherProfileWizard
LogPluginManager: Mounting plugin PluginBrowser
LogPluginManager: Mounting plugin SpeedTreeImporter
LogPluginManager: Mounting plugin DatasmithContent
LogPluginManager: Mounting plugin VariantManagerContent
LogPluginManager: Mounting plugin AlembicImporter
LogPluginManager: Mounting plugin AppleImageUtils
LogPluginManager: Mounting plugin AppleVision
LogPluginManager: Mounting plugin BackChannel
LogPluginManager: Mounting plugin CharacterAI
LogPluginManager: Mounting plugin GeometryCache
LogPluginManager: Mounting plugin HTML5Networking
LogPluginManager: Mounting plugin ProxyLODPlugin
LogPluginManager: Mounting plugin MagicLeap
LogPluginManager: Mounting plugin MagicLeapMedia
LogPluginManager: Mounting plugin AndroidMedia
LogPluginManager: Mounting plugin AvfMedia
LogPluginManager: Mounting plugin ImgMedia
LogPluginManager: Mounting plugin LinearTimecode
LogPluginManager: Mounting plugin MediaCompositing
LogPluginManager: Mounting plugin MediaPlayerEditor
LogPluginManager: Mounting plugin WebMMedia
LogPluginManager: Mounting plugin WmfMedia
LogPluginManager: Mounting plugin TcpMessaging
LogPluginManager: Mounting plugin UdpMessaging
LogPluginManager: Mounting plugin ActorSequence
LogPluginManager: Mounting plugin LevelSequenceEditor
LogPluginManager: Mounting plugin MatineeToLevelSequence
LogPluginManager: Mounting plugin NetcodeUnitTest
LogPluginManager: Mounting plugin NUTUnrealEngine4
LogPluginManager: Mounting plugin OnlineSubsystemGooglePlay
LogPluginManager: Mounting plugin OnlineSubsystemIOS
LogPluginManager: Mounting plugin OnlineSubsystem
LogPluginManager: Mounting plugin OnlineSubsystemNull
LogPluginManager: Mounting plugin OnlineSubsystemUtils
LogPluginManager: Mounting plugin LauncherChunkInstaller
LogPluginManager: Mounting plugin AndroidDeviceProfileSelector
LogPluginManager: Mounting plugin AndroidMoviePlayer
LogPluginManager: Mounting plugin AndroidPermission
LogPluginManager: Mounting plugin AppleMoviePlayer
LogPluginManager: Mounting plugin ArchVisCharacter
LogPluginManager: Mounting plugin AudioCapture
LogPluginManager: Mounting plugin CableComponent
LogPluginManager: Mounting plugin CustomMeshComponent
LogPluginManager: Mounting plugin EditableMesh
LogPluginManager: Mounting plugin ExampleDeviceProfileSelector
LogPluginManager: Mounting plugin Firebase
LogPluginManager: Mounting plugin GoogleCloudMessaging
LogPluginManager: Mounting plugin IOSDeviceProfileSelector
LogPluginManager: Mounting plugin LinuxDeviceProfileSelector
LogPluginManager: Mounting plugin LocationServicesBPLibrary
LogPluginManager: Mounting plugin MobilePatchingUtils
LogPluginManager: Mounting plugin OculusVR
LogPluginManager: Mounting plugin PhysXVehicles
LogPluginManager: Mounting plugin ProceduralMeshComponent
LogPluginManager: Mounting plugin RuntimePhysXCooking
LogPluginManager: Mounting plugin SteamVR
LogPluginManager: Mounting plugin WebMMoviePlayer
LogPluginManager: Mounting plugin WindowsMoviePlayer
LogStreaming: Display: Took  0.116s to configure plugins.
LogInit: Using libcurl 7.55.1-DEV
LogInit:  - built for x86_64-pc-win32
LogInit:  - supports SSL with OpenSSL/1.0.2h
LogInit:  - supports HTTP deflate (compression) using libz 1.2.8
LogInit:  - other features:
LogInit:      CURL_VERSION_SSL
LogInit:      CURL_VERSION_LIBZ
LogInit:      CURL_VERSION_IPV6
LogInit:      CURL_VERSION_ASYNCHDNS
LogInit:      CURL_VERSION_LARGEFILE
LogInit:      CURL_VERSION_IDN
LogInit:  CurlRequestOptions (configurable via config and command line):
LogInit:  - bVerifyPeer = true  - Libcurl will verify peer certificate
LogInit:  - bUseHttpProxy = false  - Libcurl will NOT use HTTP proxy
LogInit:  - bDontReuseConnections = false  - Libcurl will reuse connections
LogInit:  - MaxHostConnections = 16  - Libcurl will limit the number of connections to a host
LogInit:  - LocalHostAddr = Default
LogInit:  - BufferSize = 65536
LogInit: WinSock: version 1.1 (2.2), MaxSocks=32767, MaxUdp=65467
LogInit: Build: ++UE4+Release-4.21-CL-4753647
LogInit: Engine Version: 4.21.2-4753647+++UE4+Release-4.21
LogInit: Compatible Engine Version: 4.21.0-4541578+++UE4+Release-4.21
LogInit: Net CL: 4541578
LogInit: OS: Windows 10 (), CPU: Intel(R) Core(TM) i7-8750H CPU @ 2.20GHz, GPU: Intel(R) UHD Graphics 630
LogInit: Compiled (64-bit): Jan 19 2019 02:07:31
LogInit: Compiled with Visual C++: 19.13.26129.00
LogInit: Build Configuration: Development
LogInit: Branch Name: ++UE4+Release-4.21
LogInit: Command Line: 
LogInit: Base Directory: D:/UE_4.21/Engine/Binaries/Win64/
LogInit: Installed Engine Build: 1
LogDevObjectVersion: Number of dev versions registered: 22
LogDevObjectVersion:   Dev-Blueprints (B0D832E4-1F89-4F0D-ACCF-7EB736FD4AA2): 10
LogDevObjectVersion:   Dev-Build (E1C64328-A22C-4D53-A36C-8E866417BD8C): 0
LogDevObjectVersion:   Dev-Core (375EC13C-06E4-48FB-B500-84F0262A717E): 2
LogDevObjectVersion:   Dev-Editor (E4B068ED-F494-42E9-A231-DA0B2E46BB41): 26
LogDevObjectVersion:   Dev-Framework (CFFC743F-43B0-4480-9391-14DF171D2073): 34
LogDevObjectVersion:   Dev-Mobile (B02B49B5-BB20-44E9-A304-32B752E40360): 2
LogDevObjectVersion:   Dev-Networking (A4E4105C-59A1-49B5-A7C5-40C4547EDFEE): 0
LogDevObjectVersion:   Dev-Online (39C831C9-5AE6-47DC-9A44-9C173E1C8E7C): 0
LogDevObjectVersion:   Dev-Physics (78F01B33-EBEA-4F98-B9B4-84EACCB95AA2): 0
LogDevObjectVersion:   Dev-Platform (6631380F-2D4D-43E0-8009-CF276956A95A): 0
LogDevObjectVersion:   Dev-Rendering (12F88B9F-8875-4AFC-A67C-D90C383ABD29): 27
LogDevObjectVersion:   Dev-Sequencer (7B5AE74C-D270-4C10-A958-57980B212A5A): 9
LogDevObjectVersion:   Dev-VR (D7296918-1DD6-4BDD-9DE2-64A83CC13884): 2
LogDevObjectVersion:   Dev-LoadTimes (C2A15278-BFE7-4AFE-6C17-90FF531DF755): 1
LogDevObjectVersion:   Private-Geometry (6EACA3D4-40EC-4CC1-B786-8BED09428FC5): 3
LogDevObjectVersion:   Dev-AnimPhys (29E575DD-E0A3-4627-9D10-D276232CDCEA): 17
LogDevObjectVersion:   Dev-Anim (AF43A65D-7FD3-4947-9873-3E8ED9C1BB05): 2
LogDevObjectVersion:   Dev-ReflectionCapture (6B266CEC-1EC7-4B8F-A30B-E4D90942FC07): 1
LogDevObjectVersion:   Dev-Automation (0DF73D61-A23F-47EA-B727-89E90C41499A): 1
LogDevObjectVersion:   FortniteMain (601D1886-AC64-4F84-AA16-D3DE0DEAC7D6): 17
LogDevObjectVersion:   Dev-Enterprise (9DFFBCD6-494F-0158-E221-12823C92A888): 4
LogDevObjectVersion:   Dev-Niagara (F2AED0AC-9AFE-416F-8664-AA7FFA26D6FC): 1
LogStreaming: Display: Took  0.000s to delete old logs.
LogInit: Presizing for max 8388607 objects, including 0 objects not considered by GC, pre-allocating 0 bytes for permanent pool.
LogInit: Object subsystem initialized
LogConfig: Setting CVar [[con.DebugEarlyDefault:1]]
LogConfig: Setting CVar [[r.setres:1280x720]]
[2023.06.30-05.46.17:153][  0]LogConfig: Setting CVar [[r.VSync:0]]
[2023.06.30-05.46.17:153][  0]LogConfig: Setting CVar [[r.RHICmdBypass:0]]
[2023.06.30-05.46.17:153][  0]LogConfig: Applying CVar settings from Section [/Script/Engine.RendererSettings] File [C:/Users/MDC/Downloads/hour_10/Hour_10/Saved/Config/Windows/Engine.ini]
[2023.06.30-05.46.17:153][  0]LogConfig: Setting CVar [[r.GPUCrashDebugging:0]]
[2023.06.30-05.46.17:153][  0]LogConfig: Setting CVar [[r.MobileHDR:1]]
[2023.06.30-05.46.17:153][  0]LogConfig: Setting CVar [[r.MobileNumDynamicPointLights:4]]
[2023.06.30-05.46.17:153][  0]LogConfig: Setting CVar [[r.MobileDynamicPointLightsUseStaticBranch:1]]
[2023.06.30-05.46.17:153][  0]LogConfig: Setting CVar [[r.AllowOcclusionQueries:1]]
[2023.06.30-05.46.17:153][  0]LogConfig: Setting CVar [[r.MinScreenRadiusForLights:0.030000]]
[2023.06.30-05.46.17:153][  0]LogConfig: Setting CVar [[r.MinScreenRadiusForDepthPrepass:0.030000]]
[2023.06.30-05.46.17:153][  0]LogConfig: Setting CVar [[r.PrecomputedVisibilityWarning:0]]
[2023.06.30-05.46.17:153][  0]LogConfig: Setting CVar [[r.TextureStreaming:1]]
[2023.06.30-05.46.17:153][  0]LogConfig: Setting CVar [[Compat.UseDXT5NormalMaps:0]]
[2023.06.30-05.46.17:153][  0]LogConfig: Setting CVar [[r.AllowStaticLighting:1]]
[2023.06.30-05.46.17:153][  0]LogConfig: Setting CVar [[r.NormalMapsForStaticLighting:0]]
[2023.06.30-05.46.17:153][  0]LogConfig: Setting CVar [[r.GenerateMeshDistanceFields:0]]
[2023.06.30-05.46.17:153][  0]LogConfig: Setting CVar [[r.GenerateLandscapeGIData:1]]
[2023.06.30-05.46.17:153][  0]LogConfig: Setting CVar [[r.TessellationAdaptivePixelsPerTriangle:48.000000]]
[2023.06.30-05.46.17:153][  0]LogConfig: Setting CVar [[r.SeparateTranslucency:1]]
[2023.06.30-05.46.17:153][  0]LogConfig: Setting CVar [[r.TranslucentSortPolicy:0]]
[2023.06.30-05.46.17:153][  0]LogConfig: Setting CVar [[r.CustomDepth:1]]
[2023.06.30-05.46.17:153][  0]LogConfig: Setting CVar [[r.DefaultFeature.Bloom:1]]
[2023.06.30-05.46.17:153][  0]LogConfig: Setting CVar [[r.DefaultFeature.AmbientOcclusion:1]]
[2023.06.30-05.46.17:153][  0]LogConfig: Setting CVar [[r.DefaultFeature.AmbientOcclusionStaticFraction:1]]
[2023.06.30-05.46.17:154][  0]LogConfig: Setting CVar [[r.DefaultFeature.AutoExposure:1]]
[2023.06.30-05.46.17:154][  0]LogConfig: Setting CVar [[r.DefaultFeature.MotionBlur:1]]
[2023.06.30-05.46.17:154][  0]LogConfig: Setting CVar [[r.DefaultFeature.LensFlare:1]]
[2023.06.30-05.46.17:154][  0]LogConfig: Setting CVar [[r.DefaultFeature.AntiAliasing:2]]
[2023.06.30-05.46.17:154][  0]LogConfig: Setting CVar [[r.EarlyZPass:3]]
[2023.06.30-05.46.17:154][  0]LogConfig: Setting CVar [[r.EarlyZPassMovable:0]]
[2023.06.30-05.46.17:154][  0]LogConfig: Setting CVar [[r.DBuffer:0]]
[2023.06.30-05.46.17:154][  0]LogConfig: Setting CVar [[r.ClearSceneMethod:1]]
[2023.06.30-05.46.17:154][  0]LogConfig: Setting CVar [[r.BasePassOutputsVelocity:0]]
[2023.06.30-05.46.17:154][  0]LogConfig: Setting CVar [[r.WireframeCullThreshold:5.000000]]
[2023.06.30-05.46.17:154][  0]LogConfig: Applying CVar settings from Section [/Script/Engine.RendererOverrideSettings] File [C:/Users/MDC/Downloads/hour_10/Hour_10/Saved/Config/Windows/Engine.ini]
[2023.06.30-05.46.17:154][  0]LogConfig: Applying CVar settings from Section [/Script/Engine.StreamingSettings] File [C:/Users/MDC/Downloads/hour_10/Hour_10/Saved/Config/Windows/Engine.ini]
[2023.06.30-05.46.17:154][  0]LogConfig: Setting CVar [[s.MinBulkDataSizeForAsyncLoading:131072]]
[2023.06.30-05.46.17:154][  0]LogConfig: Setting CVar [[s.AsyncLoadingThreadEnabled:0]]
[2023.06.30-05.46.17:154][  0]LogConfig: Setting CVar [[s.EventDrivenLoaderEnabled:1]]
[2023.06.30-05.46.17:154][  0]LogConfig: Setting CVar [[s.WarnIfTimeLimitExceeded:0]]
[2023.06.30-05.46.17:154][  0]LogConfig: Setting CVar [[s.TimeLimitExceededMultiplier:1.5]]
[2023.06.30-05.46.17:154][  0]LogConfig: Setting CVar [[s.TimeLimitExceededMinTime:0.005]]
[2023.06.30-05.46.17:154][  0]LogConfig: Setting CVar [[s.UseBackgroundLevelStreaming:1]]
[2023.06.30-05.46.17:154][  0]LogConfig: Setting CVar [[s.PriorityAsyncLoadingExtraTime:15.0]]
[2023.06.30-05.46.17:154][  0]LogConfig: Setting CVar [[s.LevelStreamingActorsUpdateTimeLimit:5.0]]
[2023.06.30-05.46.17:154][  0]LogConfig: Setting CVar [[s.PriorityLevelStreamingActorsUpdateExtraTime:5.0]]
[2023.06.30-05.46.17:154][  0]LogConfig: Setting CVar [[s.LevelStreamingComponentsRegistrationGranularity:10]]
[2023.06.30-05.46.17:154][  0]LogConfig: Setting CVar [[s.UnregisterComponentsTimeLimit:1.0]]
[2023.06.30-05.46.17:154][  0]LogConfig: Setting CVar [[s.LevelStreamingComponentsUnregistrationGranularity:5]]
[2023.06.30-05.46.17:154][  0]LogConfig: Applying CVar settings from Section [/Script/Engine.GarbageCollectionSettings] File [C:/Users/MDC/Downloads/hour_10/Hour_10/Saved/Config/Windows/Engine.ini]
[2023.06.30-05.46.17:154][  0]LogConfig: Setting CVar [[gc.MaxObjectsNotConsideredByGC:1]]
[2023.06.30-05.46.17:154][  0]LogConfig: Setting CVar [[gc.SizeOfPermanentObjectPool:0]]
[2023.06.30-05.46.17:154][  0]LogConfig: Setting CVar [[gc.FlushStreamingOnGC:0]]
[2023.06.30-05.46.17:154][  0]LogConfig: Setting CVar [[gc.NumRetriesBeforeForcingGC:10]]
[2023.06.30-05.46.17:154][  0]LogConfig: Setting CVar [[gc.AllowParallelGC:1]]
[2023.06.30-05.46.17:154][  0]LogConfig: Setting CVar [[gc.TimeBetweenPurgingPendingKillObjects:61.1]]
[2023.06.30-05.46.17:154][  0]LogConfig: Setting CVar [[gc.MaxObjectsInEditor:8388607]]
[2023.06.30-05.46.17:154][  0]LogConfig: Setting CVar [[gc.IncrementalBeginDestroyEnabled:1]]
[2023.06.30-05.46.17:154][  0]LogConfig: Setting CVar [[gc.CreateGCClusters:1]]
[2023.06.30-05.46.17:154][  0]LogConfig: Setting CVar [[gc.MergeGCClusters:0]]
[2023.06.30-05.46.17:154][  0]LogConfig: Setting CVar [[gc.MinGCClusterSize:5]]
[2023.06.30-05.46.17:154][  0]LogConfig: Setting CVar [[gc.ActorClusteringEnabled:0]]
[2023.06.30-05.46.17:154][  0]LogConfig: Setting CVar [[gc.BlueprintClusteringEnabled:0]]
[2023.06.30-05.46.17:154][  0]LogConfig: Setting CVar [[gc.UseDisregardForGCOnDedicatedServers:0]]
[2023.06.30-05.46.17:154][  0]LogConfig: Applying CVar settings from Section [/Script/Engine.NetworkSettings] File [C:/Users/MDC/Downloads/hour_10/Hour_10/Saved/Config/Windows/Engine.ini]
[2023.06.30-05.46.17:154][  0]LogConfig: Applying CVar settings from Section [/Script/UnrealEd.CookerSettings] File [C:/Users/MDC/Downloads/hour_10/Hour_10/Saved/Config/Windows/Engine.ini]
[2023.06.30-05.46.17:157][  0]LogConfig: Applying CVar settings from Section [ViewDistanceQuality@3] File [C:/Users/MDC/Downloads/hour_10/Hour_10/Saved/Config/Windows/Scalability.ini]
[2023.06.30-05.46.17:158][  0]LogConfig: Setting CVar [[r.SkeletalMeshLODBias:0]]
[2023.06.30-05.46.17:158][  0]LogConfig: Setting CVar [[r.ViewDistanceScale:1.0]]
[2023.06.30-05.46.17:158][  0]LogConfig: Applying CVar settings from Section [AntiAliasingQuality@3] File [C:/Users/MDC/Downloads/hour_10/Hour_10/Saved/Config/Windows/Scalability.ini]
[2023.06.30-05.46.17:158][  0]LogConfig: Setting CVar [[r.PostProcessAAQuality:4]]
[2023.06.30-05.46.17:158][  0]LogConfig: Applying CVar settings from Section [ShadowQuality@3] File [C:/Users/MDC/Downloads/hour_10/Hour_10/Saved/Config/Windows/Scalability.ini]
[2023.06.30-05.46.17:158][  0]LogConfig: Setting CVar [[r.LightFunctionQuality:1]]
[2023.06.30-05.46.17:158][  0]LogConfig: Setting CVar [[r.ShadowQuality:5]]
[2023.06.30-05.46.17:158][  0]LogConfig: Setting CVar [[r.Shadow.CSM.MaxCascades:10]]
[2023.06.30-05.46.17:158][  0]LogConfig: Setting CVar [[r.Shadow.MaxResolution:2048]]
[2023.06.30-05.46.17:158][  0]LogConfig: Setting CVar [[r.Shadow.MaxCSMResolution:2048]]
[2023.06.30-05.46.17:158][  0]LogConfig: Setting CVar [[r.Shadow.RadiusThreshold:0.01]]
[2023.06.30-05.46.17:158][  0]LogConfig: Setting CVar [[r.Shadow.DistanceScale:1.0]]
[2023.06.30-05.46.17:158][  0]LogConfig: Setting CVar [[r.Shadow.CSM.TransitionScale:1.0]]
[2023.06.30-05.46.17:158][  0]LogConfig: Setting CVar [[r.Shadow.PreShadowResolutionFactor:1.0]]
[2023.06.30-05.46.17:158][  0]LogConfig: Setting CVar [[r.DistanceFieldShadowing:1]]
[2023.06.30-05.46.17:158][  0]LogConfig: Setting CVar [[r.DistanceFieldAO:1]]
[2023.06.30-05.46.17:158][  0]LogConfig: Setting CVar [[r.AOQuality:2]]
[2023.06.30-05.46.17:158][  0]LogConfig: Setting CVar [[r.VolumetricFog:1]]
[2023.06.30-05.46.17:158][  0]LogConfig: Setting CVar [[r.VolumetricFog.GridPixelSize:8]]
[2023.06.30-05.46.17:158][  0]LogConfig: Setting CVar [[r.VolumetricFog.GridSizeZ:128]]
[2023.06.30-05.46.17:158][  0]LogConfig: Setting CVar [[r.VolumetricFog.HistoryMissSupersampleCount:4]]
[2023.06.30-05.46.17:158][  0]LogConfig: Setting CVar [[r.LightMaxDrawDistanceScale:1]]
[2023.06.30-05.46.17:158][  0]LogConfig: Setting CVar [[r.CapsuleShadows:1]]
[2023.06.30-05.46.17:158][  0]LogConfig: Applying CVar settings from Section [PostProcessQuality@3] File [C:/Users/MDC/Downloads/hour_10/Hour_10/Saved/Config/Windows/Scalability.ini]
[2023.06.30-05.46.17:158][  0]LogConfig: Setting CVar [[r.MotionBlurQuality:4]]
[2023.06.30-05.46.17:158][  0]LogConfig: Setting CVar [[r.AmbientOcclusionMipLevelFactor:0.4]]
[2023.06.30-05.46.17:158][  0]LogConfig: Setting CVar [[r.AmbientOcclusionMaxQuality:100]]
[2023.06.30-05.46.17:158][  0]LogConfig: Setting CVar [[r.AmbientOcclusionLevels:-1]]
[2023.06.30-05.46.17:158][  0]LogConfig: Setting CVar [[r.AmbientOcclusionRadiusScale:1.0]]
[2023.06.30-05.46.17:158][  0]LogConfig: Setting CVar [[r.DepthOfFieldQuality:2]]
[2023.06.30-05.46.17:158][  0]LogConfig: Setting CVar [[r.RenderTargetPoolMin:400]]
[2023.06.30-05.46.17:158][  0]LogConfig: Setting CVar [[r.LensFlareQuality:2]]
[2023.06.30-05.46.17:158][  0]LogConfig: Setting CVar [[r.SceneColorFringeQuality:1]]
[2023.06.30-05.46.17:158][  0]LogConfig: Setting CVar [[r.EyeAdaptationQuality:2]]
[2023.06.30-05.46.17:158][  0]LogConfig: Setting CVar [[r.BloomQuality:5]]
[2023.06.30-05.46.17:158][  0]LogConfig: Setting CVar [[r.FastBlurThreshold:100]]
[2023.06.30-05.46.17:158][  0]LogConfig: Setting CVar [[r.Upscale.Quality:3]]
[2023.06.30-05.46.17:158][  0]LogConfig: Setting CVar [[r.Tonemapper.GrainQuantization:1]]
[2023.06.30-05.46.17:158][  0]LogConfig: Setting CVar [[r.LightShaftQuality:1]]
[2023.06.30-05.46.17:158][  0]LogConfig: Setting CVar [[r.Filter.SizeScale:1]]
[2023.06.30-05.46.17:158][  0]LogConfig: Setting CVar [[r.Tonemapper.Quality:5]]
[2023.06.30-05.46.17:158][  0]LogConfig: Setting CVar [[r.DOF.Gather.AccumulatorQuality:1        ; higher gathering accumulator quality]]
[2023.06.30-05.46.17:158][  0]LogConfig: Setting CVar [[r.DOF.Gather.PostfilterMethod:1          ; Median3x3 postfilering method]]
[2023.06.30-05.46.17:158][  0]LogConfig: Setting CVar [[r.DOF.Gather.EnableBokehSettings:0       ; no bokeh simulation when gathering]]
[2023.06.30-05.46.17:158][  0]LogConfig: Setting CVar [[r.DOF.Gather.RingCount:4                 ; medium number of samples when gathering]]
[2023.06.30-05.46.17:158][  0]LogConfig: Setting CVar [[r.DOF.Scatter.ForegroundCompositing:1    ; additive foreground scattering]]
[2023.06.30-05.46.17:158][  0]LogConfig: Setting CVar [[r.DOF.Scatter.BackgroundCompositing:2    ; additive background scattering]]
[2023.06.30-05.46.17:158][  0]LogConfig: Setting CVar [[r.DOF.Scatter.EnableBokehSettings:1      ; bokeh simulation when scattering]]
[2023.06.30-05.46.17:158][  0]LogConfig: Setting CVar [[r.DOF.Scatter.MaxSpriteRatio:0.1         ; only a maximum of 10% of scattered bokeh]]
[2023.06.30-05.46.17:158][  0]LogConfig: Setting CVar [[r.DOF.Recombine.Quality:1                ; cheap slight out of focus]]
[2023.06.30-05.46.17:158][  0]LogConfig: Setting CVar [[r.DOF.Recombine.EnableBokehSettings:0    ; no bokeh simulation on slight out of focus]]
[2023.06.30-05.46.17:158][  0]LogConfig: Setting CVar [[r.DOF.TemporalAAQuality:1                ; more stable temporal accumulation]]
[2023.06.30-05.46.17:158][  0]LogConfig: Setting CVar [[r.DOF.Kernel.MaxForegroundRadius:0.025]]
[2023.06.30-05.46.17:158][  0]LogConfig: Setting CVar [[r.DOF.Kernel.MaxBackgroundRadius:0.025]]
[2023.06.30-05.46.17:158][  0]LogConfig: Applying CVar settings from Section [TextureQuality@3] File [C:/Users/MDC/Downloads/hour_10/Hour_10/Saved/Config/Windows/Scalability.ini]
[2023.06.30-05.46.17:158][  0]LogConfig: Setting CVar [[r.Streaming.MipBias:0]]
[2023.06.30-05.46.17:158][  0]LogConfig: Setting CVar [[r.Streaming.AmortizeCPUToGPUCopy:0]]
[2023.06.30-05.46.17:158][  0]LogConfig: Setting CVar [[r.Streaming.MaxNumTexturesToStreamPerFrame:0]]
[2023.06.30-05.46.17:158][  0]LogConfig: Setting CVar [[r.Streaming.Boost:1]]
[2023.06.30-05.46.17:158][  0]LogConfig: Setting CVar [[r.MaxAnisotropy:8]]
[2023.06.30-05.46.17:158][  0]LogConfig: Setting CVar [[r.Streaming.LimitPoolSizeToVRAM:0]]
[2023.06.30-05.46.17:158][  0]LogConfig: Setting CVar [[r.Streaming.PoolSize:1000]]
[2023.06.30-05.46.17:158][  0]LogConfig: Setting CVar [[r.Streaming.MaxEffectiveScreenSize:0]]
[2023.06.30-05.46.17:158][  0]LogConfig: Applying CVar settings from Section [EffectsQuality@3] File [C:/Users/MDC/Downloads/hour_10/Hour_10/Saved/Config/Windows/Scalability.ini]
[2023.06.30-05.46.17:158][  0]LogConfig: Setting CVar [[r.TranslucencyLightingVolumeDim:64]]
[2023.06.30-05.46.17:158][  0]LogConfig: Setting CVar [[r.RefractionQuality:2]]
[2023.06.30-05.46.17:158][  0]LogConfig: Setting CVar [[r.SSR.Quality:3]]
[2023.06.30-05.46.17:158][  0]LogConfig: Setting CVar [[r.SceneColorFormat:4]]
[2023.06.30-05.46.17:158][  0]LogConfig: Setting CVar [[r.DetailMode:2]]
[2023.06.30-05.46.17:158][  0]LogConfig: Setting CVar [[r.TranslucencyVolumeBlur:1]]
[2023.06.30-05.46.17:158][  0]LogConfig: Setting CVar [[r.MaterialQualityLevel:1 ; High quality]]
[2023.06.30-05.46.17:158][  0]LogConfig: Setting CVar [[r.SSS.Scale:1]]
[2023.06.30-05.46.17:158][  0]LogConfig: Setting CVar [[r.SSS.SampleSet:2]]
[2023.06.30-05.46.17:158][  0]LogConfig: Setting CVar [[r.SSS.Quality:1]]
[2023.06.30-05.46.17:158][  0]LogConfig: Setting CVar [[r.SSS.HalfRes:1]]
[2023.06.30-05.46.17:159][  0]LogConfig: Setting CVar [[r.EmitterSpawnRateScale:1.0]]
[2023.06.30-05.46.17:159][  0]LogConfig: Setting CVar [[r.ParticleLightQuality:2]]
[2023.06.30-05.46.17:159][  0]LogConfig: Applying CVar settings from Section [FoliageQuality@3] File [C:/Users/MDC/Downloads/hour_10/Hour_10/Saved/Config/Windows/Scalability.ini]
[2023.06.30-05.46.17:159][  0]LogConfig: Setting CVar [[foliage.DensityScale:1.0]]
[2023.06.30-05.46.17:159][  0]LogConfig: Setting CVar [[grass.DensityScale:1.0]]
[2023.06.30-05.46.17:159][  0]LogInit: Selected Device Profile: [Windows]
[2023.06.30-05.46.17:159][  0]LogInit: Applying CVar settings loaded from the selected device profile: [Windows]
[2023.06.30-05.46.17:172][  0]LogHAL: Display: Platform has ~ 16 GB [17016332288 / 17179869184 / 16], which maps to Larger [LargestMinGB=32, LargerMinGB=12, DefaultMinGB=8, SmallerMinGB=6, SmallestMinGB=0)
[2023.06.30-05.46.17:172][  0]LogConfig: Setting CVar [[r.Vulkan.UseRealUBs:1]]
[2023.06.30-05.46.17:172][  0]LogInit: Going up to parent DeviceProfile []
[2023.06.30-05.46.17:172][  0]LogConfig: Applying CVar settings from Section [ViewDistanceQuality@3] File [C:/Users/MDC/Downloads/hour_10/Hour_10/Saved/Config/Windows/Scalability.ini]
[2023.06.30-05.46.17:172][  0]LogConfig: Setting CVar [[r.SkeletalMeshLODBias:0]]
[2023.06.30-05.46.17:172][  0]LogConfig: Setting CVar [[r.ViewDistanceScale:1.0]]
[2023.06.30-05.46.17:172][  0]LogConfig: Applying CVar settings from Section [AntiAliasingQuality@3] File [C:/Users/MDC/Downloads/hour_10/Hour_10/Saved/Config/Windows/Scalability.ini]
[2023.06.30-05.46.17:172][  0]LogConfig: Setting CVar [[r.PostProcessAAQuality:4]]
[2023.06.30-05.46.17:172][  0]LogConfig: Applying CVar settings from Section [ShadowQuality@3] File [C:/Users/MDC/Downloads/hour_10/Hour_10/Saved/Config/Windows/Scalability.ini]
[2023.06.30-05.46.17:172][  0]LogConfig: Setting CVar [[r.LightFunctionQuality:1]]
[2023.06.30-05.46.17:172][  0]LogConfig: Setting CVar [[r.ShadowQuality:5]]
[2023.06.30-05.46.17:172][  0]LogConfig: Setting CVar [[r.Shadow.CSM.MaxCascades:10]]
[2023.06.30-05.46.17:172][  0]LogConfig: Setting CVar [[r.Shadow.MaxResolution:2048]]
[2023.06.30-05.46.17:172][  0]LogConfig: Setting CVar [[r.Shadow.MaxCSMResolution:2048]]
[2023.06.30-05.46.17:172][  0]LogConfig: Setting CVar [[r.Shadow.RadiusThreshold:0.01]]
[2023.06.30-05.46.17:172][  0]LogConfig: Setting CVar [[r.Shadow.DistanceScale:1.0]]
[2023.06.30-05.46.17:172][  0]LogConfig: Setting CVar [[r.Shadow.CSM.TransitionScale:1.0]]
[2023.06.30-05.46.17:172][  0]LogConfig: Setting CVar [[r.Shadow.PreShadowResolutionFactor:1.0]]
[2023.06.30-05.46.17:172][  0]LogConfig: Setting CVar [[r.DistanceFieldShadowing:1]]
[2023.06.30-05.46.17:172][  0]LogConfig: Setting CVar [[r.DistanceFieldAO:1]]
[2023.06.30-05.46.17:172][  0]LogConfig: Setting CVar [[r.AOQuality:2]]
[2023.06.30-05.46.17:172][  0]LogConfig: Setting CVar [[r.VolumetricFog:1]]
[2023.06.30-05.46.17:172][  0]LogConfig: Setting CVar [[r.VolumetricFog.GridPixelSize:8]]
[2023.06.30-05.46.17:172][  0]LogConfig: Setting CVar [[r.VolumetricFog.GridSizeZ:128]]
[2023.06.30-05.46.17:172][  0]LogConfig: Setting CVar [[r.VolumetricFog.HistoryMissSupersampleCount:4]]
[2023.06.30-05.46.17:172][  0]LogConfig: Setting CVar [[r.LightMaxDrawDistanceScale:1]]
[2023.06.30-05.46.17:172][  0]LogConfig: Setting CVar [[r.CapsuleShadows:1]]
[2023.06.30-05.46.17:172][  0]LogConfig: Applying CVar settings from Section [PostProcessQuality@3] File [C:/Users/MDC/Downloads/hour_10/Hour_10/Saved/Config/Windows/Scalability.ini]
[2023.06.30-05.46.17:172][  0]LogConfig: Setting CVar [[r.MotionBlurQuality:4]]
[2023.06.30-05.46.17:172][  0]LogConfig: Setting CVar [[r.AmbientOcclusionMipLevelFactor:0.4]]
[2023.06.30-05.46.17:172][  0]LogConfig: Setting CVar [[r.AmbientOcclusionMaxQuality:100]]
[2023.06.30-05.46.17:172][  0]LogConfig: Setting CVar [[r.AmbientOcclusionLevels:-1]]
[2023.06.30-05.46.17:173][  0]LogConfig: Setting CVar [[r.AmbientOcclusionRadiusScale:1.0]]
[2023.06.30-05.46.17:173][  0]LogConfig: Setting CVar [[r.DepthOfFieldQuality:2]]
[2023.06.30-05.46.17:173][  0]LogConfig: Setting CVar [[r.RenderTargetPoolMin:400]]
[2023.06.30-05.46.17:173][  0]LogConfig: Setting CVar [[r.LensFlareQuality:2]]
[2023.06.30-05.46.17:173][  0]LogConfig: Setting CVar [[r.SceneColorFringeQuality:1]]
[2023.06.30-05.46.17:173][  0]LogConfig: Setting CVar [[r.EyeAdaptationQuality:2]]
[2023.06.30-05.46.17:173][  0]LogConfig: Setting CVar [[r.BloomQuality:5]]
[2023.06.30-05.46.17:173][  0]LogConfig: Setting CVar [[r.FastBlurThreshold:100]]
[2023.06.30-05.46.17:173][  0]LogConfig: Setting CVar [[r.Upscale.Quality:3]]
[2023.06.30-05.46.17:173][  0]LogConfig: Setting CVar [[r.Tonemapper.GrainQuantization:1]]
[2023.06.30-05.46.17:173][  0]LogConfig: Setting CVar [[r.LightShaftQuality:1]]
[2023.06.30-05.46.17:173][  0]LogConfig: Setting CVar [[r.Filter.SizeScale:1]]
[2023.06.30-05.46.17:173][  0]LogConfig: Setting CVar [[r.Tonemapper.Quality:5]]
[2023.06.30-05.46.17:173][  0]LogConfig: Setting CVar [[r.DOF.Gather.AccumulatorQuality:1        ; higher gathering accumulator quality]]
[2023.06.30-05.46.17:173][  0]LogConfig: Setting CVar [[r.DOF.Gather.PostfilterMethod:1          ; Median3x3 postfilering method]]
[2023.06.30-05.46.17:173][  0]LogConfig: Setting CVar [[r.DOF.Gather.EnableBokehSettings:0       ; no bokeh simulation when gathering]]
[2023.06.30-05.46.17:173][  0]LogConfig: Setting CVar [[r.DOF.Gather.RingCount:4                 ; medium number of samples when gathering]]
[2023.06.30-05.46.17:173][  0]LogConfig: Setting CVar [[r.DOF.Scatter.ForegroundCompositing:1    ; additive foreground scattering]]
[2023.06.30-05.46.17:173][  0]LogConfig: Setting CVar [[r.DOF.Scatter.BackgroundCompositing:2    ; additive background scattering]]
[2023.06.30-05.46.17:173][  0]LogConfig: Setting CVar [[r.DOF.Scatter.EnableBokehSettings:1      ; bokeh simulation when scattering]]
[2023.06.30-05.46.17:173][  0]LogConfig: Setting CVar [[r.DOF.Scatter.MaxSpriteRatio:0.1         ; only a maximum of 10% of scattered bokeh]]
[2023.06.30-05.46.17:173][  0]LogConfig: Setting CVar [[r.DOF.Recombine.Quality:1                ; cheap slight out of focus]]
[2023.06.30-05.46.17:173][  0]LogConfig: Setting CVar [[r.DOF.Recombine.EnableBokehSettings:0    ; no bokeh simulation on slight out of focus]]
[2023.06.30-05.46.17:173][  0]LogConfig: Setting CVar [[r.DOF.TemporalAAQuality:1                ; more stable temporal accumulation]]
[2023.06.30-05.46.17:173][  0]LogConfig: Setting CVar [[r.DOF.Kernel.MaxForegroundRadius:0.025]]
[2023.06.30-05.46.17:173][  0]LogConfig: Setting CVar [[r.DOF.Kernel.MaxBackgroundRadius:0.025]]
[2023.06.30-05.46.17:173][  0]LogConfig: Applying CVar settings from Section [TextureQuality@3] File [C:/Users/MDC/Downloads/hour_10/Hour_10/Saved/Config/Windows/Scalability.ini]
[2023.06.30-05.46.17:173][  0]LogConfig: Setting CVar [[r.Streaming.MipBias:0]]
[2023.06.30-05.46.17:173][  0]LogConfig: Setting CVar [[r.Streaming.AmortizeCPUToGPUCopy:0]]
[2023.06.30-05.46.17:173][  0]LogConfig: Setting CVar [[r.Streaming.MaxNumTexturesToStreamPerFrame:0]]
[2023.06.30-05.46.17:173][  0]LogConfig: Setting CVar [[r.Streaming.Boost:1]]
[2023.06.30-05.46.17:173][  0]LogConfig: Setting CVar [[r.MaxAnisotropy:8]]
[2023.06.30-05.46.17:173][  0]LogConfig: Setting CVar [[r.Streaming.LimitPoolSizeToVRAM:0]]
[2023.06.30-05.46.17:173][  0]LogConfig: Setting CVar [[r.Streaming.PoolSize:1000]]
[2023.06.30-05.46.17:173][  0]LogConfig: Setting CVar [[r.Streaming.MaxEffectiveScreenSize:0]]
[2023.06.30-05.46.17:173][  0]LogConfig: Applying CVar settings from Section [EffectsQuality@3] File [C:/Users/MDC/Downloads/hour_10/Hour_10/Saved/Config/Windows/Scalability.ini]
[2023.06.30-05.46.17:173][  0]LogConfig: Setting CVar [[r.TranslucencyLightingVolumeDim:64]]
[2023.06.30-05.46.17:173][  0]LogConfig: Setting CVar [[r.RefractionQuality:2]]
[2023.06.30-05.46.17:173][  0]LogConfig: Setting CVar [[r.SSR.Quality:3]]
[2023.06.30-05.46.17:173][  0]LogConfig: Setting CVar [[r.SceneColorFormat:4]]
[2023.06.30-05.46.17:173][  0]LogConfig: Setting CVar [[r.DetailMode:2]]
[2023.06.30-05.46.17:173][  0]LogConfig: Setting CVar [[r.TranslucencyVolumeBlur:1]]
[2023.06.30-05.46.17:173][  0]LogConfig: Setting CVar [[r.MaterialQualityLevel:1 ; High quality]]
[2023.06.30-05.46.17:173][  0]LogConfig: Setting CVar [[r.SSS.Scale:1]]
[2023.06.30-05.46.17:173][  0]LogConfig: Setting CVar [[r.SSS.SampleSet:2]]
[2023.06.30-05.46.17:173][  0]LogConfig: Setting CVar [[r.SSS.Quality:1]]
[2023.06.30-05.46.17:173][  0]LogConfig: Setting CVar [[r.SSS.HalfRes:1]]
[2023.06.30-05.46.17:173][  0]LogConfig: Setting CVar [[r.EmitterSpawnRateScale:1.0]]
[2023.06.30-05.46.17:173][  0]LogConfig: Setting CVar [[r.ParticleLightQuality:2]]
[2023.06.30-05.46.17:173][  0]LogConfig: Applying CVar settings from Section [FoliageQuality@3] File [C:/Users/MDC/Downloads/hour_10/Hour_10/Saved/Config/Windows/Scalability.ini]
[2023.06.30-05.46.17:173][  0]LogConfig: Setting CVar [[foliage.DensityScale:1.0]]
[2023.06.30-05.46.17:173][  0]LogConfig: Setting CVar [[grass.DensityScale:1.0]]
[2023.06.30-05.46.17:173][  0]LogConfig: Applying CVar settings from Section [Startup] File [../../../Engine/Config/ConsoleVariables.ini]
[2023.06.30-05.46.17:174][  0]LogConfig: Setting CVar [[net.UseAdaptiveNetUpdateFrequency:0]]
[2023.06.30-05.46.17:174][  0]LogConfig: Applying CVar settings from Section [ConsoleVariables] File [C:/Users/MDC/Downloads/hour_10/Hour_10/Saved/Config/Windows/Engine.ini]
[2023.06.30-05.46.17:174][  0]LogInit: Computer: DESKTOP-FVBURUN
[2023.06.30-05.46.17:174][  0]LogInit: User: MDC
[2023.06.30-05.46.17:174][  0]LogInit: CPU Page size=4096, Cores=6
[2023.06.30-05.46.17:174][  0]LogInit: High frequency timer resolution =10.000000 MHz
[2023.06.30-05.46.17:175][  0]LogMemory: Memory total: Physical=15.8GB (16GB approx)
[2023.06.30-05.46.17:175][  0]LogMemory: Platform Memory Stats for Windows
[2023.06.30-05.46.17:175][  0]LogMemory: Process Physical Memory: 105.57 MB used, 105.57 MB peak
[2023.06.30-05.46.17:175][  0]LogMemory: Process Virtual Memory: 86.35 MB used, 86.35 MB peak
[2023.06.30-05.46.17:175][  0]LogMemory: Physical Memory: 7897.38 MB used,  8330.66 MB free, 16228.04 MB total
[2023.06.30-05.46.17:175][  0]LogMemory: Virtual Memory: 4655.84 MB used,  134213072.00 MB free, 134217728.00 MB total
[2023.06.30-05.46.17:630][  0]LogInit: Using OS detected language (ko-KR).
[2023.06.30-05.46.17:630][  0]LogInit: Using OS detected locale (ko-KR).
[2023.06.30-05.46.17:631][  0]LogTextLocalizationManager: No specific localization for 'ko-KR' exists, so the 'ko' localization will be used.
[2023.06.30-05.46.18:084][  0]LogStreaming: Display: Took  0.454s to InitEngineTextLocalization.
[2023.06.30-05.46.18:084][  0]LogInit: Setting process to per monitor DPI aware
[2023.06.30-05.46.18:286][  0]LogSlate: New Slate User Created.  User Index 0, Is Virtual User: 0
[2023.06.30-05.46.18:286][  0]LogSlate: Slate User Registered.  User Index 0, Is Virtual User: 0
[2023.06.30-05.46.20:911][  0]LogHMD: Failed to initialize OpenVR with code 110
[2023.06.30-05.46.20:911][  0]LogD3D11RHI: D3D11 adapters:
[2023.06.30-05.46.21:922][  0]LogD3D11RHI:    0. 'NVIDIA GeForce GTX 1060' (Feature Level 11_0)
[2023.06.30-05.46.21:922][  0]LogD3D11RHI:       6043/0/8114 MB DedicatedVideo/DedicatedSystem/SharedSystem, Outputs:1, VendorId:0x10de
[2023.06.30-05.46.21:958][  0]LogD3D11RHI:    1. 'Intel(R) UHD Graphics 630' (Feature Level 11_0)
[2023.06.30-05.46.21:958][  0]LogD3D11RHI:       128/0/8114 MB DedicatedVideo/DedicatedSystem/SharedSystem, Outputs:0, VendorId:0x8086
[2023.06.30-05.46.21:993][  0]LogD3D11RHI:    2. 'Microsoft Basic Render Driver' (Feature Level 11_0)
[2023.06.30-05.46.21:993][  0]LogD3D11RHI:       0/0/8114 MB DedicatedVideo/DedicatedSystem/SharedSystem, Outputs:0, VendorId:0x1414
[2023.06.30-05.46.21:993][  0]LogD3D11RHI: Chosen D3D11 Adapter: 0
[2023.06.30-05.46.22:001][  0]LogD3D11RHI: Creating new Direct3DDevice
[2023.06.30-05.46.22:001][  0]LogD3D11RHI:     GPU DeviceId: 0x1c20 (for the marketing name, search the web for "GPU Device Id")
[2023.06.30-05.46.22:001][  0]LogWindows: EnumDisplayDevices:
[2023.06.30-05.46.22:001][  0]LogWindows:    0. 'Intel(R) UHD Graphics 630' (P:1 D:1)
[2023.06.30-05.46.22:002][  0]LogWindows:    1. 'Intel(R) UHD Graphics 630' (P:0 D:0)
[2023.06.30-05.46.22:002][  0]LogWindows:    2. 'Intel(R) UHD Graphics 630' (P:0 D:0)
[2023.06.30-05.46.22:003][  0]LogWindows:    3. 'NVIDIA GeForce GTX 1060' (P:0 D:0)
[2023.06.30-05.46.22:003][  0]LogWindows:    4. 'NVIDIA GeForce GTX 1060' (P:0 D:0)
[2023.06.30-05.46.22:003][  0]LogWindows:    5. 'NVIDIA GeForce GTX 1060' (P:0 D:0)
[2023.06.30-05.46.22:003][  0]LogWindows:    6. 'NVIDIA GeForce GTX 1060' (P:0 D:0)
[2023.06.30-05.46.22:004][  0]LogWindows: DebugString: PrimaryIsNotTheChoosenAdapter PrimaryIsNotTheChoosenAdapter PrimaryIsNotTheChoosenAdapter FoundDriverCount:4 
[2023.06.30-05.46.22:004][  0]LogD3D11RHI:     Adapter Name: NVIDIA GeForce GTX 1060
[2023.06.30-05.46.22:004][  0]LogD3D11RHI:   Driver Version: 536.40 (internal:31.0.15.3640, unified:536.40)
[2023.06.30-05.46.22:004][  0]LogD3D11RHI:      Driver Date: 6-23-2023
[2023.06.30-05.46.22:004][  0]LogRHI: Texture pool is 4230 MB (70% of 6043 MB)
[2023.06.30-05.46.22:076][  0]LogD3D11RHI: Async texture creation enabled
[2023.06.30-05.46.22:093][  0]LogD3D11RHI: GPU Timing Frequency: 1000.000000 (Debug: 2 1)
[2023.06.30-05.46.23:230][  0]LogTemp: Display: Loaded TP AllDesktopTargetPlatform
[2023.06.30-05.46.23:269][  0]LogTemp: Display: Loaded TP MacClientTargetPlatform
[2023.06.30-05.46.23:324][  0]LogTemp: Display: Loaded TP MacNoEditorTargetPlatform
[2023.06.30-05.46.23:366][  0]LogTemp: Display: Loaded TP MacServerTargetPlatform
[2023.06.30-05.46.23:421][  0]LogTemp: Display: Loaded TP MacTargetPlatform
[2023.06.30-05.46.23:473][  0]LogTemp: Display: Loaded TP WindowsClientTargetPlatform
[2023.06.30-05.46.23:527][  0]LogTemp: Display: Loaded TP WindowsNoEditorTargetPlatform
[2023.06.30-05.46.23:582][  0]LogTemp: Display: Loaded TP WindowsServerTargetPlatform
[2023.06.30-05.46.23:636][  0]LogTemp: Display: Loaded TP WindowsTargetPlatform
[2023.06.30-05.46.23:781][  0]LogTemp: Display: Loaded TP AndroidTargetPlatform
[2023.06.30-05.46.23:781][  0]LogTemp: Display: Loaded TP AndroidTargetPlatform
[2023.06.30-05.46.23:781][  0]LogTemp: Display: Loaded TP AndroidTargetPlatform
[2023.06.30-05.46.23:781][  0]LogTemp: Display: Loaded TP AndroidTargetPlatform
[2023.06.30-05.46.23:781][  0]LogTemp: Display: Loaded TP AndroidTargetPlatform
[2023.06.30-05.46.23:781][  0]LogTemp: Display: Loaded TP AndroidTargetPlatform
[2023.06.30-05.46.23:781][  0]LogTemp: Display: Loaded TP AndroidTargetPlatform
[2023.06.30-05.46.23:781][  0]LogTemp: Display: Loaded TP AndroidTargetPlatform
[2023.06.30-05.46.23:781][  0]LogTemp: Display: Loaded TP AndroidTargetPlatform
[2023.06.30-05.46.23:782][  0]LogTemp: Display: Loaded TP AndroidTargetPlatform
[2023.06.30-05.46.23:782][  0]LogTemp: Display: Loaded TP AndroidTargetPlatform
[2023.06.30-05.46.23:782][  0]LogTemp: Display: Loaded TP AndroidTargetPlatform
[2023.06.30-05.46.23:782][  0]LogTemp: Display: Loaded TP AndroidTargetPlatform
[2023.06.30-05.46.23:782][  0]LogTemp: Display: Loaded TP AndroidTargetPlatform
[2023.06.30-05.46.23:782][  0]LogTemp: Display: Loaded TP AndroidTargetPlatform
[2023.06.30-05.46.23:782][  0]LogTemp: Display: Loaded TP AndroidTargetPlatform
[2023.06.30-05.46.23:782][  0]LogTemp: Display: Loaded TP AndroidTargetPlatform
[2023.06.30-05.46.23:782][  0]LogTemp: Display: Loaded TP AndroidTargetPlatform
[2023.06.30-05.46.23:842][  0]LogTemp: Display: Loaded TP HTML5TargetPlatform
[2023.06.30-05.46.24:562][  0]LogTemp: Display: Loaded TP IOSTargetPlatform
[2023.06.30-05.46.24:562][  0]LogTemp: Display: Loaded TP IOSTargetPlatform
[2023.06.30-05.46.24:661][  0]LogTemp: Display: Loaded TP TVOSTargetPlatform
[2023.06.30-05.46.24:661][  0]LogTemp: Display: Loaded TP TVOSTargetPlatform
[2023.06.30-05.46.24:708][  0]LogTemp: Display: Loaded TP LinuxClientTargetPlatform
[2023.06.30-05.46.24:742][  0]LogTemp: Display: Loaded TP LinuxNoEditorTargetPlatform
[2023.06.30-05.46.24:776][  0]LogTemp: Display: Loaded TP LinuxServerTargetPlatform
[2023.06.30-05.46.24:869][  0]LogTemp: Display: Loaded TP LinuxTargetPlatform
[2023.06.30-05.46.24:965][  0]LogTemp: Display: Loaded TP LuminTargetPlatform
[2023.06.30-05.46.24:965][  0]LogTemp: Display: Loaded TP LuminTargetPlatform
[2023.06.30-05.46.24:965][  0]LogTargetPlatformManager: Display: Building Assets For Windows
[2023.06.30-05.46.26:127][  0]LogShaderCompilers: Guid format shader working directory is 5 characters bigger than the processId version (C:/Users/MDC/Downloads/hour_10/Hour_10/Intermediate/Shaders/WorkingDirectory/12320/).
[2023.06.30-05.46.26:127][  0]LogShaderCompilers: Cleaned the shader compiler working directory 'C:/Users/MDC/AppData/Local/Temp/UnrealShaderWorkingDir/19472DA841470AA79537AD815D42A869/'.
[2023.06.30-05.46.26:128][  0]LogXGEController: Cleaning working directory: C:/Users/MDC/AppData/Local/Temp/UnrealXGEWorkingDir/
[2023.06.30-05.46.26:128][  0]LogXGEController: Cannot use XGE Controller as Incredibuild is not installed on this machine.
[2023.06.30-05.46.26:128][  0]LogShaderCompilers: Cannot use XGE Shader Compiler as Incredibuild is not installed on this machine.
[2023.06.30-05.46.26:128][  0]LogShaderCompilers: Display: Using Local Shader Compiler.
[2023.06.30-05.46.28:437][  0]LogDerivedDataCache: Display: Max Cache Size: 512 MB
[2023.06.30-05.46.28:508][  0]LogDerivedDataCache: Loaded boot cache 0.07s 84MB C:/Users/MDC/AppData/Local/UnrealEngine/4.21/DerivedDataCache/Boot.ddc.
[2023.06.30-05.46.28:508][  0]LogDerivedDataCache: Display: Loaded Boot cache: C:/Users/MDC/AppData/Local/UnrealEngine/4.21/DerivedDataCache/Boot.ddc
[2023.06.30-05.46.28:509][  0]LogDerivedDataCache: FDerivedDataBackendGraph:  Pak pak cache file C:/Users/MDC/Downloads/hour_10/Hour_10/DerivedDataCache/DDC.ddp not found, will not use a pak cache.
[2023.06.30-05.46.28:509][  0]LogDerivedDataCache: Unable to find inner node Pak for hierarchical cache Hierarchy.
[2023.06.30-05.46.28:509][  0]LogDerivedDataCache: FDerivedDataBackendGraph:  CompressedPak pak cache file C:/Users/MDC/Downloads/hour_10/Hour_10/DerivedDataCache/Compressed.ddp not found, will not use a pak cache.
[2023.06.30-05.46.28:509][  0]LogDerivedDataCache: Unable to find inner node CompressedPak for hierarchical cache Hierarchy.
[2023.06.30-05.46.28:578][  0]LogDerivedDataCache: Display: Pak cache opened for reading ../../../Engine/DerivedDataCache/Compressed.ddp.
[2023.06.30-05.46.28:578][  0]LogDerivedDataCache: FDerivedDataBackendGraph:  EnterprisePak pak cache file ../../../Enterprise/DerivedDataCache/Compressed.ddp not found, will not use a pak cache.
[2023.06.30-05.46.28:578][  0]LogDerivedDataCache: Unable to find inner node EnterprisePak for hierarchical cache Hierarchy.
[2023.06.30-05.46.28:590][  0]LogDerivedDataCache: Using Local data cache path C:/Users/MDC/AppData/Local/UnrealEngine/Common/DerivedDataCache: Writable
[2023.06.30-05.46.28:590][  0]LogDerivedDataCache: Shared data cache path not found in *engine.ini, will not use an Shared cache.
[2023.06.30-05.46.28:590][  0]LogDerivedDataCache: Unable to find inner node Shared for hierarchical cache Hierarchy.
[2023.06.30-05.46.28:616][  0]LogMaterial: Verifying Global Shaders for PCD3D_SM5
[2023.06.30-05.46.28:618][  0]LogSlate: Using FreeType 2.6.0
[2023.06.30-05.46.28:627][  0]LogSlate: SlateFontServices - WITH_FREETYPE: 1, WITH_HARFBUZZ: 1
[2023.06.30-05.46.29:577][  0]LogAssetRegistry: FAssetRegistry took 0.0343 seconds to start up
[2023.06.30-05.46.29:877][  0]LogInit: Selected Device Profile: [Windows]
[2023.06.30-05.46.31:145][  0]LogSimplygon: Simplygon DLL not present - disabling.
[2023.06.30-05.46.31:309][  0]LogMeshReduction: Using SimplygonSwarm for distributed automatic mesh merging
[2023.06.30-05.46.31:309][  0]LogMeshReduction: Using ProxyLODMeshReduction for automatic mesh merging
[2023.06.30-05.46.31:309][  0]LogMeshReduction: Using QuadricMeshReduction for automatic static mesh reduction
[2023.06.30-05.46.31:309][  0]LogMeshReduction: No automatic skeletal mesh reduction module available
[2023.06.30-05.46.31:355][  0]LogNetVersion: Hour_10 1.0.0, NetCL: 4541578, EngineNetVer: 5, GameNetVer: 0 (Checksum: 1176523105)
[2023.06.30-05.46.32:405][  0]LogPackageLocalizationCache: Processed 11 localized package path(s) for 2 prioritized culture(s) in 0.104364 seconds
[2023.06.30-05.46.32:412][  0]LogUObjectArray: 39775 objects as part of root set at end of initial load.
[2023.06.30-05.46.32:412][  0]LogUObjectAllocator: 6914664 out of 0 bytes used by permanent object pool.
[2023.06.30-05.46.32:412][  0]LogUObjectArray: CloseDisregardForGC: 0/0 objects in disregard for GC pool
[2023.06.30-05.46.44:994][  0]LogTcpMessaging: Initializing TcpMessaging bridge
[2023.06.30-05.46.45:177][  0]LogUdpMessaging: Initializing bridge on interface 0.0.0.0:0 to multicast group 230.0.0.1:6666.
[2023.06.30-05.46.47:140][  0]SourceControl: 소스 컨트롤이 꺼졌습니다.
[2023.06.30-05.46.47:140][  0]SourceControl: 소스 컨트롤이 꺼졌습니다.
[2023.06.30-05.46.47:259][  0]SourceControl: 소스 컨트롤이 꺼졌습니다.
[2023.06.30-05.46.47:308][  0]SourceControl: 소스 컨트롤이 꺼졌습니다.
[2023.06.30-05.46.49:895][  0]LogAndroidPermission: UAndroidPermissionCallbackProxy::GetInstance
[2023.06.30-05.46.50:246][  0]LogOcInput: OculusInput pre-init called
[2023.06.30-05.46.50:633][  0]LogEngine: Initializing Engine...
[2023.06.30-05.46.50:634][  0]LogHMD: Failed to initialize OpenVR with code 110
[2023.06.30-05.46.50:635][  0]LogStats: UGameplayTagsManager::ConstructGameplayTagTree: ImportINI prefixes -  0.000 s
[2023.06.30-05.46.50:635][  0]LogStats: UGameplayTagsManager::ConstructGameplayTagTree: Construct from data asset -  0.000 s
[2023.06.30-05.46.50:635][  0]LogStats: UGameplayTagsManager::ConstructGameplayTagTree: ImportINI -  0.000 s
[2023.06.30-05.46.50:635][  0]LogStats: UGameplayTagsManager::ConstructGameplayTagTree: GameplayTagTreeChangedEvent.Broadcast -  0.000 s
[2023.06.30-05.46.50:872][  0]LogInit: Initializing FReadOnlyCVARCache
[2023.06.30-05.46.51:013][  0]LogAIModule: Creating AISystem for world Untitled
[2023.06.30-05.46.51:032][  0]LogInit: XAudio2 using '헤드폰(Galaxy Buds+ (6D4C))' : 2 channels at 48 kHz using 16 bits per sample (channel mask 0x3)
[2023.06.30-05.46.51:242][  0]LogInit: FAudioDevice initialized.
[2023.06.30-05.46.51:242][  0]LogNetVersion: Set ProjectVersion to 1.0.0.0. Version Checksum will be recalculated on next use.
[2023.06.30-05.46.51:442][  0]LogDerivedDataCache: Saved boot cache 0.20s 84MB C:/Users/MDC/AppData/Local/UnrealEngine/4.21/DerivedDataCache/Boot.ddc.
[2023.06.30-05.46.51:452][  0]LogInit: Texture streaming: Enabled
[2023.06.30-05.46.51:627][  0]LogEngineSessionManager: EngineSessionManager initialized
[2023.06.30-05.46.51:691][  0]LogInit: Transaction tracking system initialized
[2023.06.30-05.46.51:932][  0]BlueprintLog: New page: 에디터 로드
[2023.06.30-05.46.53:371][  0]LocalizationService: 현지화 서비스가 비활성화되었습니다.
[2023.06.30-05.46.55:253][  0]LogFileCache: Scanning file cache for directory 'C:/Users/MDC/Downloads/hour_10/Hour_10/Content/' took 0.02s
[2023.06.30-05.46.55:253][  0]LogCook: Display: Max memory allowance for cook 16384mb min free memory 0mb
[2023.06.30-05.46.55:253][  0]LogCook: Display: Mobile HDR setting 1
[2023.06.30-05.46.55:253][  0]LogGameplayTags: Display: UGameplayTagsManager::DoneAddingNativeTags. DelegateIsBound: 0
[2023.06.30-05.46.55:253][  0]LogStats: UGameplayTagsManager::ConstructGameplayTagTree: ImportINI prefixes -  0.000 s
[2023.06.30-05.46.55:253][  0]LogStats: UGameplayTagsManager::ConstructGameplayTagTree: Construct from data asset -  0.000 s
[2023.06.30-05.46.55:253][  0]LogStats: UGameplayTagsManager::ConstructGameplayTagTree: ImportINI -  0.000 s
[2023.06.30-05.46.55:253][  0]LogStats: UGameplayTagsManager::ConstructGameplayTagTree: GameplayTagTreeChangedEvent.Broadcast -  0.000 s
[2023.06.30-05.46.57:267][  0]SourceControl: 소스 컨트롤이 꺼졌습니다.
[2023.06.30-05.46.57:267][  0]Cmd: MAP LOAD FILE="C:/Users/MDC/Downloads/hour_10/Hour_10/Content/Maps/Hour10.umap" TEMPLATE=0 SHOWPROGRESS=1 FEATURELEVEL=3
[2023.06.30-05.46.57:267][  0]LightingResults: New page: 라이팅 빌드
[2023.06.30-05.46.57:269][  0]MapCheck: New page: 맵 체크
[2023.06.30-05.46.57:269][  0]LightingResults: New page: 라이팅 빌드
[2023.06.30-05.46.57:307][  0]LogLinker: Warning: Asset 'C:/Users/MDC/Downloads/hour_10/Hour_10/Content/Particles/Default_ParticleTemplate.uasset' has been saved with empty engine version. The asset will be loaded but may be incompatible.
[2023.06.30-05.46.57:330][  0]LogLinker: Warning: Asset 'C:/Users/MDC/Downloads/hour_10/Hour_10/Content/Particles/FlipbookParticle_Numbers.uasset' has been saved with empty engine version. The asset will be loaded but may be incompatible.
[2023.06.30-05.46.57:331][  0]LogLinker: Warning: Asset 'C:/Users/MDC/Downloads/hour_10/Hour_10/Content/Materials/Translucent_Unlit_SubUV.uasset' has been saved with empty engine version. The asset will be loaded but may be incompatible.
[2023.06.30-05.46.57:332][  0]LogLinker: Warning: Asset 'C:/Users/MDC/Downloads/hour_10/Hour_10/Content/Textures/FlipbookNumbers4x4.uasset' has been saved with empty engine version. The asset will be loaded but may be incompatible.
[2023.06.30-05.46.57:335][  0]LogLinker: Warning: Asset 'C:/Users/MDC/Downloads/hour_10/Hour_10/Content/Particles/Mesh_ParticleTemplate.uasset' has been saved with empty engine version. The asset will be loaded but may be incompatible.
[2023.06.30-05.46.57:357][  0]LogLinker: Warning: Asset 'C:/Users/MDC/Downloads/hour_10/Hour_10/Content/UE4_StarterContent/Particles/Materials/M_Burst.uasset' has been saved with empty engine version. The asset will be loaded but may be incompatible.
[2023.06.30-05.46.57:359][  0]LogLinker: Warning: Asset 'C:/Users/MDC/Downloads/hour_10/Hour_10/Content/UE4_StarterContent/Textures/T_Burst_M.uasset' has been saved with empty engine version. The asset will be loaded but may be incompatible.
[2023.06.30-05.46.57:361][  0]LogLinker: Warning: Asset 'C:/Users/MDC/Downloads/hour_10/Hour_10/Content/UE4_StarterContent/Particles/Materials/M_explosion_subUV.uasset' has been saved with empty engine version. The asset will be loaded but may be incompatible.
[2023.06.30-05.46.57:363][  0]LogLinker: Warning: Asset 'C:/Users/MDC/Downloads/hour_10/Hour_10/Content/UE4_StarterContent/Textures/T_Explosion_SubUV.uasset' has been saved with empty engine version. The asset will be loaded but may be incompatible.
[2023.06.30-05.46.57:364][  0]LogLinker: Warning: Asset 'C:/Users/MDC/Downloads/hour_10/Hour_10/Content/UE4_StarterContent/Particles/Materials/M_radial_ramp.uasset' has been saved with empty engine version. The asset will be loaded but may be incompatible.
[2023.06.30-05.46.57:368][  0]LogLinker: Warning: Asset 'C:/Users/MDC/Downloads/hour_10/Hour_10/Content/UE4_StarterContent/Particles/Materials/M_smoke_subUV.uasset' has been saved with empty engine version. The asset will be loaded but may be incompatible.
[2023.06.30-05.46.57:369][  0]LogLinker: Warning: Asset 'C:/Users/MDC/Downloads/hour_10/Hour_10/Content/UE4_StarterContent/Textures/T_Smoke_SubUV.uasset' has been saved with empty engine version. The asset will be loaded but may be incompatible.
[2023.06.30-05.46.57:371][  0]LogLinker: Warning: Asset 'C:/Users/MDC/Downloads/hour_10/Hour_10/Content/UE4_StarterContent/Textures/T_Smoke_Tiled_D.uasset' has been saved with empty engine version. The asset will be loaded but may be incompatible.
[2023.06.30-05.46.57:379][  0]LogLinker: Warning: Asset 'C:/Users/MDC/Downloads/hour_10/Hour_10/Content/UE4_StarterContent/Particles/Materials/M_Radial_Gradient.uasset' has been saved with empty engine version. The asset will be loaded but may be incompatible.
[2023.06.30-05.46.57:384][  0]LogLinker: Warning: Asset 'C:/Users/MDC/Downloads/hour_10/Hour_10/Content/Materials/Explosion_SubUV.uasset' has been saved with empty engine version. The asset will be loaded but may be incompatible.
[2023.06.30-05.46.57:386][  0]LogLinker: Warning: Asset 'C:/Users/MDC/Downloads/hour_10/Hour_10/Content/Textures/T_Explosion_SubUV.uasset' has been saved with empty engine version. The asset will be loaded but may be incompatible.
[2023.06.30-05.46.57:533][  0]LogTexture: Display: 텍스처 빌드: ShadowMapTexture2D_0 (BGRA8, 128X128)
[2023.06.30-05.46.57:533][  0]LogTexture: Display: 텍스처 빌드: HQ_Lightmap0_1 (AutoDXT, 256X256)
[2023.06.30-05.46.57:533][  0]LogTexture: Display: 텍스처 빌드: FlipbookNumbers4x4 (AutoDXT, 1024X1024)
[2023.06.30-05.46.57:533][  0]LogMaterial: Display: Missing cached shader map for material M_radial_ramp, compiling. 
[2023.06.30-05.46.57:582][  0]LogTexture: Display: 텍스처 빌드: LQ_Lightmap_0_1 (DXT1, 256X256)
[2023.06.30-05.46.57:582][  0]LogShaderCompilers: Display: Shaders left to compile 35
[2023.06.30-05.46.57:582][  0]LogShaderCompilers: Display: Shaders left to compile 25
[2023.06.30-05.46.57:582][  0]LogShaderCompilers: Display: Shaders left to compile 15
[2023.06.30-05.46.57:582][  0]LogShaderCompilers: Display: Shaders left to compile 5
[2023.06.30-05.46.57:582][  0]LogMaterial: Display: Missing cached shader map for material M_explosion_subUV, compiling. 
[2023.06.30-05.46.57:603][  0]LogMaterial: Display: Missing cached shader map for material M_Burst, compiling. 
[2023.06.30-05.46.57:640][  0]LogMaterial: Display: Missing cached shader map for material EmissiveTexturedMaterial, compiling. 
[2023.06.30-05.46.57:650][  0]LogMaterial: Display: Missing cached shader map for material NewMaterial, compiling. 
[2023.06.30-05.46.57:711][  0]LogShaderCompilers: Display: Shaders left to compile 67
[2023.06.30-05.46.57:711][  0]LogShaderCompilers: Display: Shaders left to compile 57
[2023.06.30-05.46.57:711][  0]LogShaderCompilers: Display: Shaders left to compile 47
[2023.06.30-05.46.57:711][  0]LogShaderCompilers: Display: Shaders left to compile 37
[2023.06.30-05.46.57:711][  0]LogShaderCompilers: Display: Shaders left to compile 27
[2023.06.30-05.46.57:711][  0]LogMaterial: Display: Missing cached shader map for material Translucent_Unlit_SubUV, compiling. 
[2023.06.30-05.46.57:733][  0]LogMaterial: Display: Missing cached shader map for material DefaultParticle, compiling. 
[2023.06.30-05.46.57:767][  0]LogMaterial: Display: Missing cached shader map for material M_smoke_subUV_blackbody, compiling. 
[2023.06.30-05.46.57:790][  0]LogMaterial: Display: Missing cached shader map for material Explosion_SubUV, compiling. 
[2023.06.30-05.46.57:836][  0]LogAIModule: Creating AISystem for world Hour10
[2023.06.30-05.46.57:850][  0]LogEditorServer: Finished looking for orphan Actors (0.000 secs)
[2023.06.30-05.46.57:878][  0]Cmd: MAP CHECKDEP NOCLEARLOG
[2023.06.30-05.46.57:878][  0]MapCheck: 맵 체크 완료: 오류 0 회, 경고 0 회, 소요 시간 0.13ms.
[2023.06.30-05.46.57:878][  0]LogFileHelpers: Loading map 'Hour10' took 0.611
[2023.06.30-05.46.58:034][  0]LogSlate: Updating window title bar state: overlay mode, drag disabled, window buttons hidden, title bar hidden
[2023.06.30-05.46.58:048][  0]LogSlate: Updating window title bar state: overlay mode, drag disabled, window buttons hidden, title bar hidden
[2023.06.30-05.46.58:064][  0]LogSlate: Updating window title bar state: overlay mode, drag disabled, window buttons hidden, title bar hidden
[2023.06.30-05.46.58:079][  0]LogSlate: Updating window title bar state: overlay mode, drag disabled, window buttons hidden, title bar hidden
[2023.06.30-05.46.58:165][  0]LogCollectionManager: Loaded 0 collections in 0.000935 seconds
[2023.06.30-05.46.58:208][  0]LogFileCache: Scanning file cache for directory 'C:/Users/MDC/Downloads/hour_10/Hour_10/Saved/Collections/' took 0.01s
[2023.06.30-05.46.58:208][  0]LogFileCache: Scanning file cache for directory 'C:/Users/MDC/Downloads/hour_10/Hour_10/Content/Developers/MDC/Collections/' took 0.01s
[2023.06.30-05.46.58:208][  0]LogFileCache: Scanning file cache for directory 'C:/Users/MDC/Downloads/hour_10/Hour_10/Content/Collections/' took 0.01s
[2023.06.30-05.46.58:208][  0]LogCollectionManager: Rebuilt the GUID cache for 0 collections in 0.000000 seconds
[2023.06.30-05.46.58:224][  0]LogContentBrowser: Native class hierarchy populated in 0.0155 seconds. Added 2651 classes and 620 folders.
[2023.06.30-05.46.58:232][  0]LogContentBrowser: Native class hierarchy updated for 'WidgetCarousel' in 0.0005 seconds. Added 0 classes and 0 folders.
[2023.06.30-05.46.58:273][  0]LogPakFile: Registered encryption key '00000000000000000000000000000000': 0 pak files mounted, 0 remain pending
[2023.06.30-05.46.58:282][  0]LogPakFile: Registered encryption key '00000000000000000000000000000000': 0 pak files mounted, 0 remain pending
[2023.06.30-05.46.58:300][  0]LogPakFile: Registered encryption key '00000000000000000000000000000000': 0 pak files mounted, 0 remain pending
[2023.06.30-05.46.58:306][  0]LogPakFile: Registered encryption key '00000000000000000000000000000000': 0 pak files mounted, 0 remain pending
[2023.06.30-05.46.58:311][  0]LogPakFile: Registered encryption key '00000000000000000000000000000000': 0 pak files mounted, 0 remain pending
[2023.06.30-05.46.58:317][  0]LogPakFile: Registered encryption key '00000000000000000000000000000000': 0 pak files mounted, 0 remain pending
[2023.06.30-05.46.58:323][  0]LogPakFile: Registered encryption key '00000000000000000000000000000000': 0 pak files mounted, 0 remain pending
[2023.06.30-05.46.58:328][  0]LogPakFile: Registered encryption key '00000000000000000000000000000000': 0 pak files mounted, 0 remain pending
[2023.06.30-05.46.58:336][  0]LogPakFile: Registered encryption key '00000000000000000000000000000000': 0 pak files mounted, 0 remain pending
[2023.06.30-05.46.58:342][  0]LogPakFile: Registered encryption key '00000000000000000000000000000000': 0 pak files mounted, 0 remain pending
[2023.06.30-05.46.58:349][  0]LogPakFile: Registered encryption key '00000000000000000000000000000000': 0 pak files mounted, 0 remain pending
[2023.06.30-05.46.58:356][  0]LogPakFile: Registered encryption key '00000000000000000000000000000000': 0 pak files mounted, 0 remain pending
[2023.06.30-05.46.58:363][  0]LogPakFile: Registered encryption key '00000000000000000000000000000000': 0 pak files mounted, 0 remain pending
[2023.06.30-05.46.58:368][  0]LogPakFile: Registered encryption key '00000000000000000000000000000000': 0 pak files mounted, 0 remain pending
[2023.06.30-05.46.58:374][  0]LogPakFile: Registered encryption key '00000000000000000000000000000000': 0 pak files mounted, 0 remain pending
[2023.06.30-05.46.58:381][  0]LogPakFile: Registered encryption key '00000000000000000000000000000000': 0 pak files mounted, 0 remain pending
[2023.06.30-05.46.58:402][  0]LogPakFile: Registered encryption key '00000000000000000000000000000000': 0 pak files mounted, 0 remain pending
[2023.06.30-05.46.58:409][  0]LogPakFile: Registered encryption key '00000000000000000000000000000000': 0 pak files mounted, 0 remain pending
[2023.06.30-05.46.58:414][  0]LogPakFile: Registered encryption key '00000000000000000000000000000000': 0 pak files mounted, 0 remain pending
[2023.06.30-05.46.58:421][  0]LogPakFile: Registered encryption key '00000000000000000000000000000000': 0 pak files mounted, 0 remain pending
[2023.06.30-05.46.58:450][  0]LogPakFile: Registered encryption key '00000000000000000000000000000000': 0 pak files mounted, 0 remain pending
[2023.06.30-05.46.58:457][  0]LogPakFile: Registered encryption key '00000000000000000000000000000000': 0 pak files mounted, 0 remain pending
[2023.06.30-05.46.58:463][  0]LogPakFile: Registered encryption key '00000000000000000000000000000000': 0 pak files mounted, 0 remain pending
[2023.06.30-05.46.58:471][  0]LogPakFile: Registered encryption key '00000000000000000000000000000000': 0 pak files mounted, 0 remain pending
[2023.06.30-05.46.58:477][  0]LogPakFile: Registered encryption key '00000000000000000000000000000000': 0 pak files mounted, 0 remain pending
[2023.06.30-05.46.58:483][  0]LogPakFile: Registered encryption key '00000000000000000000000000000000': 0 pak files mounted, 0 remain pending
[2023.06.30-05.46.58:801][  0]LogContentBrowser: Native class hierarchy updated for 'AddContentDialog' in 0.0003 seconds. Added 0 classes and 0 folders.
[2023.06.30-05.46.58:890][  0]LogContentBrowser: Native class hierarchy updated for 'SceneOutliner' in 0.0004 seconds. Added 1 classes and 2 folders.
[2023.06.30-05.46.59:024][  0]LogSlate: Took 0.006689 seconds to synchronously load lazily loaded font '../../../Engine/Content/Slate/Fonts/Roboto-Regular.ttf' (155K)
[2023.06.30-05.46.59:046][  0]LogSlate: Took 0.020433 seconds to synchronously load lazily loaded font '../../../Engine/Content/Editor/Slate/Fonts/NanumGothic.ttf' (4243K)
[2023.06.30-05.46.59:061][  0]LogSlate: Took 0.013205 seconds to synchronously load lazily loaded font '../../../Engine/Content/Editor/Slate/Fonts/NanumGothicBold.ttf' (4188K)
[2023.06.30-05.46.59:076][  0]LogSlate: Took 0.014421 seconds to synchronously load lazily loaded font '../../../Engine/Content/Slate/Fonts/Roboto-Bold.ttf' (160K)
[2023.06.30-05.46.59:093][  0]LogSlate: Took 0.009600 seconds to synchronously load lazily loaded font '../../../Engine/Content/Editor/Slate/Fonts/FontAwesome.ttf' (139K)
[2023.06.30-05.46.59:303][  0]LogRenderer: Reallocating scene render targets to support 1208x568 Format 10 NumSamples 1 (Frame:1).
[2023.06.30-05.46.59:388][  0]LogSlate: Took 0.003186 seconds to synchronously load lazily loaded font '../../../Engine/Content/Slate/Fonts/../../Editor/Slate/Fonts/NanumGothic.ttf' (4243K)
[2023.06.30-05.46.59:839][  0]LogContentBrowser: Native class hierarchy updated for 'HierarchicalLODOutliner' in 0.0006 seconds. Added 0 classes and 0 folders.
[2023.06.30-05.46.59:839][  0]LogLoad: (Engine Initialization) Total time: 48.87 seconds
[2023.06.30-05.46.59:839][  0]LogLoad: (Engine Initialization) Total Blueprint compile time: 0.00 seconds
[2023.06.30-05.46.59:973][  0]LogContentStreaming: Texture pool size now 1000 MB
[2023.06.30-05.47.00:053][  0]LogSlate: Took 0.012903 seconds to synchronously load lazily loaded font '../../../Engine/Content/Slate/Fonts/Roboto-Light.ttf' (167K)
[2023.06.30-05.47.00:285][  2]LogAssetRegistry: Asset discovery search completed in 30.7312 seconds
[2023.06.30-05.47.00:289][  2]LogCollectionManager: Rebuilt the object cache for 0 collections in 0.000001 seconds (found 0 objects)
[2023.06.30-05.47.00:289][  2]LogCollectionManager: Fixed up redirectors for 0 collections in 0.000122 seconds (updated 0 objects)
[2023.06.30-05.47.00:927][ 21]LogSlate: Took 0.000287 seconds to synchronously load lazily loaded font '../../../Engine/Content/Slate/Fonts/Roboto-Light.ttf' (167K)
[2023.06.30-05.47.02:216][ 67]LogShaderCompilers: Display: Shaders left to compile 194
[2023.06.30-05.47.03:468][ 89]LogShaderCompilers: Display: Shaders left to compile 184
[2023.06.30-05.47.03:786][ 94]LogShaderCompilers: Display: Shaders left to compile 174
[2023.06.30-05.47.03:992][100]LogShaderCompilers: Display: Shaders left to compile 164
[2023.06.30-05.47.03:992][100]LogShaderCompilers: Display: Shaders left to compile 154
[2023.06.30-05.47.04:272][105]LogShaderCompilers: Display: Shaders left to compile 144
[2023.06.30-05.47.04:554][114]LogShaderCompilers: Display: Shaders left to compile 134
[2023.06.30-05.47.04:944][131]LogShaderCompilers: Display: Shaders left to compile 124
[2023.06.30-05.47.07:703][239]LogShaderCompilers: Display: Shaders left to compile 114
[2023.06.30-05.47.08:089][250]LogShaderCompilers: Display: Shaders left to compile 104
[2023.06.30-05.47.09:592][315]LogShaderCompilers: Display: Shaders left to compile 94
[2023.06.30-05.47.09:621][316]LogShaderCompilers: Display: Shaders left to compile 84
[2023.06.30-05.47.10:100][339]LogShaderCompilers: Display: Shaders left to compile 74
[2023.06.30-05.47.10:289][347]LogShaderCompilers: Display: Shaders left to compile 64
[2023.06.30-05.47.10:416][353]LogShaderCompilers: Display: Shaders left to compile 54
[2023.06.30-05.47.10:754][367]LogShaderCompilers: Display: Shaders left to compile 44
[2023.06.30-05.47.12:340][434]LogShaderCompilers: Display: Shaders left to compile 34
[2023.06.30-05.47.12:618][444]LogShaderCompilers: Display: Shaders left to compile 24
[2023.06.30-05.47.13:021][462]LogShaderCompilers: Display: Shaders left to compile 14
[2023.06.30-05.47.13:978][504]LogShaderCompilers: Display: Shaders left to compile 4
[2023.06.30-05.56.45:785][670]LogSlate: FSceneViewport::OnFocusLost() reason 0
[2023.06.30-05.56.46:630][721]LogAssetEditorManager: Opening Asset editor for ParticleSystem /Game/Particles/Mesh_ParticleTemplate.Mesh_ParticleTemplate
[2023.06.30-05.56.46:921][721]LogContentBrowser: Native class hierarchy updated for 'Cascade' in 0.0003 seconds. Added 2 classes and 2 folders.
[2023.06.30-05.56.47:139][721]LogWindowsTextInputMethodSystem: Display: IME system now activated using TSF (Microsoft 입력기).
[2023.06.30-05.56.53:014][126]LogSlate: Window 'Mesh_ParticleTemplate' being destroyed
[2023.06.30-05.56.53:025][126]LogSlate: Window 'Mesh_ParticleTemplate' being destroyed
[2023.06.30-05.56.53:025][126]LogCascade: Quitting Cascade. FXSystem=0x0000019FAC577CE0
[2023.06.30-05.56.56:238][490]LogSlate: FSceneViewport::OnFocusLost() reason 0
[2023.06.30-05.56.58:030][689]LogAssetEditorManager: Opening Asset editor for World /Game/Maps/Hour10.Hour10
[2023.06.30-05.56.58:061][689]Cmd: MAP LOAD FILE="C:/Users/MDC/Downloads/hour_10/Hour_10/Content/Maps/Hour10.umap" TEMPLATE=0 SHOWPROGRESS=1 FEATURELEVEL=3
[2023.06.30-05.56.58:061][689]LightingResults: New page: 라이팅 빌드
[2023.06.30-05.56.58:062][689]LoadErrors: New page: 맵 로드중: Hour10.umap
[2023.06.30-05.56.58:062][689]MapCheck: New page: 맵 체크
[2023.06.30-05.56.58:062][689]LightingResults: New page: 라이팅 빌드
[2023.06.30-05.56.58:110][689]LogAIModule: Creating AISystem for world Hour10
[2023.06.30-05.56.58:162][689]LogEditorServer: Finished looking for orphan Actors (0.000 secs)
[2023.06.30-05.56.58:204][689]Cmd: MAP CHECKDEP NOCLEARLOG
[2023.06.30-05.56.58:204][689]MapCheck: 맵 체크 완료: 오류 0 회, 경고 0 회, 소요 시간 0.127ms.
[2023.06.30-05.56.58:206][689]LogFileHelpers: Loading map 'Hour10' took 0.145
