Log file open, 06/28/23 17:58:22
LogWindows: Failed to load 'aqProf.dll' (GetLastError=126)
LogWindows: File 'aqProf.dll' does not exist
LogWindows: Failed to load 'VtuneApi.dll' (GetLastError=126)
LogWindows: File 'VtuneApi.dll' does not exist
LogWindows: Failed to load 'VtuneApi32e.dll' (GetLastError=126)
LogWindows: File 'VtuneApi32e.dll' does not exist
LogConsoleResponse: Display: Failed to find resolution value strings in scalability ini. Falling back to default.
LogInit: Display: Running engine for game: Hour6
LogPakFile: Registered encryption key '00000000000000000000000000000000': 0 pak files mounted, 0 remain pending
LogPlatformFile: Not using cached read wrapper
LogTaskGraph: Started task graph with 5 named threads and 35 total threads with 3 sets of task threads.
LogStats: Stats thread started at 0.554323
LogD3D11RHI: Loaded GFSDK_Aftermath_Lib.x64.dll
LogICUInternationalization: ICU TimeZone Detection - Raw Offset: +9:00, Platform Override: ''
LogPluginManager: Mounting plugin Paper2D
LogPluginManager: Mounting plugin AISupport
LogPluginManager: Mounting plugin LightPropagationVolume
LogPluginManager: Mounting plugin ActorLayerUtilities
LogPluginManager: Mounting plugin CLionSourceCodeAccess
LogPluginManager: Mounting plugin CodeLiteSourceCodeAccess
LogPluginManager: Mounting plugin GitSourceControl
LogPluginManager: Mounting plugin KDevelopSourceCodeAccess
LogPluginManager: Mounting plugin NullSourceCodeAccess
LogPluginManager: Mounting plugin PerforceSourceControl
LogPluginManager: Mounting plugin SubversionSourceControl
LogPluginManager: Mounting plugin UObjectPlugin
LogPluginManager: Mounting plugin VisualStudioCodeSourceCodeAccess
LogPluginManager: Mounting plugin VisualStudioSourceCodeAccess
LogPluginManager: Mounting plugin XCodeSourceCodeAccess
LogPluginManager: Mounting plugin AssetManagerEditor
LogPluginManager: Mounting plugin CryptoKeys
LogPluginManager: Mounting plugin DataValidation
LogPluginManager: Mounting plugin FacialAnimation
LogPluginManager: Mounting plugin GameplayTagsEditor
LogPluginManager: Mounting plugin MacGraphicsSwitching
LogPluginManager: Mounting plugin MeshEditor
LogPluginManager: Mounting plugin MobileLauncherProfileWizard
LogPluginManager: Mounting plugin PluginBrowser
LogPluginManager: Mounting plugin SpeedTreeImporter
LogPluginManager: Mounting plugin DatasmithContent
LogPluginManager: Mounting plugin VariantManagerContent
LogPluginManager: Mounting plugin AlembicImporter
LogPluginManager: Mounting plugin AppleImageUtils
LogPluginManager: Mounting plugin AppleVision
LogPluginManager: Mounting plugin BackChannel
LogPluginManager: Mounting plugin CharacterAI
LogPluginManager: Mounting plugin GeometryCache
LogPluginManager: Mounting plugin HTML5Networking
LogPluginManager: Mounting plugin ProxyLODPlugin
LogPluginManager: Mounting plugin MagicLeap
LogPluginManager: Mounting plugin MagicLeapMedia
LogPluginManager: Mounting plugin AndroidMedia
LogPluginManager: Mounting plugin AvfMedia
LogPluginManager: Mounting plugin ImgMedia
LogPluginManager: Mounting plugin LinearTimecode
LogPluginManager: Mounting plugin MediaCompositing
LogPluginManager: Mounting plugin MediaPlayerEditor
LogPluginManager: Mounting plugin WebMMedia
LogPluginManager: Mounting plugin WmfMedia
LogPluginManager: Mounting plugin TcpMessaging
LogPluginManager: Mounting plugin UdpMessaging
LogPluginManager: Mounting plugin ActorSequence
LogPluginManager: Mounting plugin LevelSequenceEditor
LogPluginManager: Mounting plugin MatineeToLevelSequence
LogPluginManager: Mounting plugin NetcodeUnitTest
LogPluginManager: Mounting plugin NUTUnrealEngine4
LogPluginManager: Mounting plugin OnlineSubsystemGooglePlay
LogPluginManager: Mounting plugin OnlineSubsystemIOS
LogPluginManager: Mounting plugin OnlineSubsystem
LogPluginManager: Mounting plugin OnlineSubsystemNull
LogPluginManager: Mounting plugin OnlineSubsystemUtils
LogPluginManager: Mounting plugin LauncherChunkInstaller
LogPluginManager: Mounting plugin AndroidDeviceProfileSelector
LogPluginManager: Mounting plugin AndroidMoviePlayer
LogPluginManager: Mounting plugin AndroidPermission
LogPluginManager: Mounting plugin AppleMoviePlayer
LogPluginManager: Mounting plugin ArchVisCharacter
LogPluginManager: Mounting plugin AudioCapture
LogPluginManager: Mounting plugin CableComponent
LogPluginManager: Mounting plugin CustomMeshComponent
LogPluginManager: Mounting plugin EditableMesh
LogPluginManager: Mounting plugin ExampleDeviceProfileSelector
LogPluginManager: Mounting plugin Firebase
LogPluginManager: Mounting plugin GoogleCloudMessaging
LogPluginManager: Mounting plugin IOSDeviceProfileSelector
LogPluginManager: Mounting plugin LinuxDeviceProfileSelector
LogPluginManager: Mounting plugin LocationServicesBPLibrary
LogPluginManager: Mounting plugin MobilePatchingUtils
LogPluginManager: Mounting plugin OculusVR
LogPluginManager: Mounting plugin PhysXVehicles
LogPluginManager: Mounting plugin ProceduralMeshComponent
LogPluginManager: Mounting plugin RuntimePhysXCooking
LogPluginManager: Mounting plugin SteamVR
LogPluginManager: Mounting plugin WebMMoviePlayer
LogPluginManager: Mounting plugin WindowsMoviePlayer
LogStreaming: Display: Took  0.051s to configure plugins.
LogInit: Using libcurl 7.55.1-DEV
LogInit:  - built for x86_64-pc-win32
LogInit:  - supports SSL with OpenSSL/1.0.2h
LogInit:  - supports HTTP deflate (compression) using libz 1.2.8
LogInit:  - other features:
LogInit:      CURL_VERSION_SSL
LogInit:      CURL_VERSION_LIBZ
LogInit:      CURL_VERSION_IPV6
LogInit:      CURL_VERSION_ASYNCHDNS
LogInit:      CURL_VERSION_LARGEFILE
LogInit:      CURL_VERSION_IDN
LogInit:  CurlRequestOptions (configurable via config and command line):
LogInit:  - bVerifyPeer = true  - Libcurl will verify peer certificate
LogInit:  - bUseHttpProxy = false  - Libcurl will NOT use HTTP proxy
LogInit:  - bDontReuseConnections = false  - Libcurl will reuse connections
LogInit:  - MaxHostConnections = 16  - Libcurl will limit the number of connections to a host
LogInit:  - LocalHostAddr = Default
LogInit:  - BufferSize = 65536
LogInit: WinSock: version 1.1 (2.2), MaxSocks=32767, MaxUdp=65467
LogInit: Build: ++UE4+Release-4.21-CL-4753647
LogInit: Engine Version: 4.21.2-4753647+++UE4+Release-4.21
LogInit: Compatible Engine Version: 4.21.0-4541578+++UE4+Release-4.21
LogInit: Net CL: 4541578
LogInit: OS: Windows 10 (), CPU: Intel(R) Core(TM) i7-8750H CPU @ 2.20GHz, GPU: Intel(R) UHD Graphics 630
LogInit: Compiled (64-bit): Jan 19 2019 02:07:31
LogInit: Compiled with Visual C++: 19.13.26129.00
LogInit: Build Configuration: Development
LogInit: Branch Name: ++UE4+Release-4.21
LogInit: Command Line: 
LogInit: Base Directory: D:/UE_4.21/Engine/Binaries/Win64/
LogInit: Installed Engine Build: 1
LogDevObjectVersion: Number of dev versions registered: 22
LogDevObjectVersion:   Dev-Blueprints (B0D832E4-1F89-4F0D-ACCF-7EB736FD4AA2): 10
LogDevObjectVersion:   Dev-Build (E1C64328-A22C-4D53-A36C-8E866417BD8C): 0
LogDevObjectVersion:   Dev-Core (375EC13C-06E4-48FB-B500-84F0262A717E): 2
LogDevObjectVersion:   Dev-Editor (E4B068ED-F494-42E9-A231-DA0B2E46BB41): 26
LogDevObjectVersion:   Dev-Framework (CFFC743F-43B0-4480-9391-14DF171D2073): 34
LogDevObjectVersion:   Dev-Mobile (B02B49B5-BB20-44E9-A304-32B752E40360): 2
LogDevObjectVersion:   Dev-Networking (A4E4105C-59A1-49B5-A7C5-40C4547EDFEE): 0
LogDevObjectVersion:   Dev-Online (39C831C9-5AE6-47DC-9A44-9C173E1C8E7C): 0
LogDevObjectVersion:   Dev-Physics (78F01B33-EBEA-4F98-B9B4-84EACCB95AA2): 0
LogDevObjectVersion:   Dev-Platform (6631380F-2D4D-43E0-8009-CF276956A95A): 0
LogDevObjectVersion:   Dev-Rendering (12F88B9F-8875-4AFC-A67C-D90C383ABD29): 27
LogDevObjectVersion:   Dev-Sequencer (7B5AE74C-D270-4C10-A958-57980B212A5A): 9
LogDevObjectVersion:   Dev-VR (D7296918-1DD6-4BDD-9DE2-64A83CC13884): 2
LogDevObjectVersion:   Dev-LoadTimes (C2A15278-BFE7-4AFE-6C17-90FF531DF755): 1
LogDevObjectVersion:   Private-Geometry (6EACA3D4-40EC-4CC1-B786-8BED09428FC5): 3
LogDevObjectVersion:   Dev-AnimPhys (29E575DD-E0A3-4627-9D10-D276232CDCEA): 17
LogDevObjectVersion:   Dev-Anim (AF43A65D-7FD3-4947-9873-3E8ED9C1BB05): 2
LogDevObjectVersion:   Dev-ReflectionCapture (6B266CEC-1EC7-4B8F-A30B-E4D90942FC07): 1
LogDevObjectVersion:   Dev-Automation (0DF73D61-A23F-47EA-B727-89E90C41499A): 1
LogDevObjectVersion:   FortniteMain (601D1886-AC64-4F84-AA16-D3DE0DEAC7D6): 17
LogDevObjectVersion:   Dev-Enterprise (9DFFBCD6-494F-0158-E221-12823C92A888): 4
LogDevObjectVersion:   Dev-Niagara (F2AED0AC-9AFE-416F-8664-AA7FFA26D6FC): 1
LogStreaming: Display: Took  0.000s to delete old logs.
LogInit: Presizing for max 8388607 objects, including 0 objects not considered by GC, pre-allocating 0 bytes for permanent pool.
LogInit: Object subsystem initialized
LogConfig: Setting CVar [[con.DebugEarlyDefault:1]]
LogConfig: Setting CVar [[r.setres:1280x720]]
[2023.06.28-08.58.22:946][  0]LogConfig: Setting CVar [[r.VSync:0]]
[2023.06.28-08.58.22:946][  0]LogConfig: Setting CVar [[r.RHICmdBypass:0]]
[2023.06.28-08.58.22:946][  0]LogConfig: Applying CVar settings from Section [/Script/Engine.RendererSettings] File [D:/UE4projects/Hour6/Saved/Config/Windows/Engine.ini]
[2023.06.28-08.58.22:946][  0]LogConfig: Setting CVar [[r.GPUCrashDebugging:0]]
[2023.06.28-08.58.22:946][  0]LogConfig: Setting CVar [[r.MobileHDR:1]]
[2023.06.28-08.58.22:946][  0]LogConfig: Setting CVar [[r.Mobile.DisableVertexFog:1]]
[2023.06.28-08.58.22:946][  0]LogConfig: Setting CVar [[r.Shadow.CSM.MaxMobileCascades:2]]
[2023.06.28-08.58.22:946][  0]LogConfig: Setting CVar [[r.MobileMSAA:1]]
[2023.06.28-08.58.22:946][  0]LogConfig: Setting CVar [[r.Mobile.UseLegacyShadingModel:0]]
[2023.06.28-08.58.22:946][  0]LogConfig: Setting CVar [[r.Mobile.AllowDitheredLODTransition:0]]
[2023.06.28-08.58.22:947][  0]LogConfig: Setting CVar [[r.Mobile.AllowSoftwareOcclusion:0]]
[2023.06.28-08.58.22:947][  0]LogConfig: Setting CVar [[r.DiscardUnusedQuality:0]]
[2023.06.28-08.58.22:947][  0]LogConfig: Setting CVar [[r.AllowOcclusionQueries:1]]
[2023.06.28-08.58.22:947][  0]LogConfig: Setting CVar [[r.MinScreenRadiusForLights:0.030000]]
[2023.06.28-08.58.22:947][  0]LogConfig: Setting CVar [[r.MinScreenRadiusForDepthPrepass:0.030000]]
[2023.06.28-08.58.22:947][  0]LogConfig: Setting CVar [[r.MinScreenRadiusForCSMDepth:0.010000]]
[2023.06.28-08.58.22:947][  0]LogConfig: Setting CVar [[r.PrecomputedVisibilityWarning:0]]
[2023.06.28-08.58.22:947][  0]LogConfig: Setting CVar [[r.TextureStreaming:1]]
[2023.06.28-08.58.22:947][  0]LogConfig: Setting CVar [[Compat.UseDXT5NormalMaps:0]]
[2023.06.28-08.58.22:947][  0]LogConfig: Setting CVar [[r.ClearCoatNormal:0]]
[2023.06.28-08.58.22:947][  0]LogConfig: Setting CVar [[r.ReflectionCaptureResolution:128]]
[2023.06.28-08.58.22:947][  0]LogConfig: Setting CVar [[r.ReflectionEnvironmentLightmapMixBasedOnRoughness:1]]
[2023.06.28-08.58.22:947][  0]LogConfig: Setting CVar [[r.ForwardShading:0]]
[2023.06.28-08.58.22:947][  0]LogConfig: Setting CVar [[r.VertexFoggingForOpaque:1]]
[2023.06.28-08.58.22:947][  0]LogConfig: Setting CVar [[r.AllowStaticLighting:1]]
[2023.06.28-08.58.22:947][  0]LogConfig: Setting CVar [[r.NormalMapsForStaticLighting:0]]
[2023.06.28-08.58.22:947][  0]LogConfig: Setting CVar [[r.GenerateMeshDistanceFields:0]]
[2023.06.28-08.58.22:947][  0]LogConfig: Setting CVar [[r.DistanceFieldBuild.EightBit:0]]
[2023.06.28-08.58.22:947][  0]LogConfig: Setting CVar [[r.GenerateLandscapeGIData:0]]
[2023.06.28-08.58.22:947][  0]LogConfig: Setting CVar [[r.DistanceFieldBuild.Compress:0]]
[2023.06.28-08.58.22:947][  0]LogConfig: Setting CVar [[r.TessellationAdaptivePixelsPerTriangle:48.000000]]
[2023.06.28-08.58.22:947][  0]LogConfig: Setting CVar [[r.SeparateTranslucency:1]]
[2023.06.28-08.58.22:947][  0]LogConfig: Setting CVar [[r.TranslucentSortPolicy:0]]
[2023.06.28-08.58.22:947][  0]LogConfig: Setting CVar [[r.CustomDepth:1]]
[2023.06.28-08.58.22:947][  0]LogConfig: Setting CVar [[r.CustomDepthTemporalAAJitter:1]]
[2023.06.28-08.58.22:947][  0]LogConfig: Setting CVar [[r.PostProcessing.PropagateAlpha:0]]
[2023.06.28-08.58.22:947][  0]LogConfig: Setting CVar [[r.DOF.Algorithm:1]]
[2023.06.28-08.58.22:947][  0]LogConfig: Setting CVar [[r.DefaultFeature.Bloom:1]]
[2023.06.28-08.58.22:947][  0]LogConfig: Setting CVar [[r.DefaultFeature.AmbientOcclusion:1]]
[2023.06.28-08.58.22:947][  0]LogConfig: Setting CVar [[r.DefaultFeature.AmbientOcclusionStaticFraction:1]]
[2023.06.28-08.58.22:947][  0]LogConfig: Setting CVar [[r.DefaultFeature.AutoExposure:0]]
[2023.06.28-08.58.22:947][  0]LogConfig: Setting CVar [[r.DefaultFeature.AutoExposure.Method:0]]
[2023.06.28-08.58.22:947][  0]LogConfig: Setting CVar [[r.DefaultFeature.AutoExposure.ExtendDefaultLuminanceRange:0]]
[2023.06.28-08.58.22:947][  0]LogConfig: Setting CVar [[r.UsePreExposure:0]]
[2023.06.28-08.58.22:947][  0]LogConfig: Setting CVar [[r.DefaultFeature.MotionBlur:0]]
[2023.06.28-08.58.22:947][  0]LogConfig: Setting CVar [[r.DefaultFeature.LensFlare:0]]
[2023.06.28-08.58.22:947][  0]LogConfig: Setting CVar [[r.TemporalAA.Upsampling:0]]
[2023.06.28-08.58.22:947][  0]LogConfig: Setting CVar [[r.DefaultFeature.AntiAliasing:0]]
[2023.06.28-08.58.22:947][  0]LogConfig: Setting CVar [[r.DefaultFeature.LightUnits:1]]
[2023.06.28-08.58.22:947][  0]LogConfig: Setting CVar [[r.DefaultBackBufferPixelFormat:4]]
[2023.06.28-08.58.22:947][  0]LogConfig: Setting CVar [[r.Shadow.UnbuiltPreviewInGame:1]]
[2023.06.28-08.58.22:947][  0]LogConfig: Setting CVar [[r.StencilForLODDither:0]]
[2023.06.28-08.58.22:947][  0]LogConfig: Setting CVar [[r.EarlyZPass:3]]
[2023.06.28-08.58.22:947][  0]LogConfig: Setting CVar [[r.EarlyZPassMovable:1]]
[2023.06.28-08.58.22:947][  0]LogConfig: Setting CVar [[r.EarlyZPassOnlyMaterialMasking:0]]
[2023.06.28-08.58.22:947][  0]LogConfig: Setting CVar [[r.DBuffer:1]]
[2023.06.28-08.58.22:947][  0]LogConfig: Setting CVar [[r.ClearSceneMethod:1]]
[2023.06.28-08.58.22:947][  0]LogConfig: Setting CVar [[r.BasePassOutputsVelocity:0]]
[2023.06.28-08.58.22:947][  0]LogConfig: Setting CVar [[r.SelectiveBasePassOutputs:0]]
[2023.06.28-08.58.22:947][  0]LogConfig: Setting CVar [[fx.GPUSimulationTextureSizeX:1024]]
[2023.06.28-08.58.22:947][  0]LogConfig: Setting CVar [[fx.GPUSimulationTextureSizeY:1024]]
[2023.06.28-08.58.22:947][  0]LogConfig: Setting CVar [[r.AllowGlobalClipPlane:0]]
[2023.06.28-08.58.22:947][  0]LogConfig: Setting CVar [[r.GBufferFormat:1]]
[2023.06.28-08.58.22:947][  0]LogConfig: Setting CVar [[r.MorphTarget.Mode:1]]
[2023.06.28-08.58.22:947][  0]LogConfig: Setting CVar [[vr.InstancedStereo:0]]
[2023.06.28-08.58.22:947][  0]LogConfig: Setting CVar [[vr.MultiView:0]]
[2023.06.28-08.58.22:947][  0]LogConfig: Setting CVar [[vr.MobileMultiView:0]]
[2023.06.28-08.58.22:947][  0]LogConfig: Setting CVar [[vr.MobileMultiView.Direct:0]]
[2023.06.28-08.58.22:947][  0]LogConfig: Setting CVar [[vr.MonoscopicFarField:0]]
[2023.06.28-08.58.22:947][  0]LogConfig: Setting CVar [[vr.RoundRobinOcclusion:0]]
[2023.06.28-08.58.22:947][  0]LogConfig: Setting CVar [[vr.ODSCapture:0]]
[2023.06.28-08.58.22:947][  0]LogConfig: Setting CVar [[r.WireframeCullThreshold:5.000000]]
[2023.06.28-08.58.22:947][  0]LogConfig: Setting CVar [[r.SupportStationarySkylight:1]]
[2023.06.28-08.58.22:947][  0]LogConfig: Setting CVar [[r.SupportLowQualityLightmaps:1]]
[2023.06.28-08.58.22:947][  0]LogConfig: Setting CVar [[r.SupportPointLightWholeSceneShadows:1]]
[2023.06.28-08.58.22:947][  0]LogConfig: Setting CVar [[r.SupportAtmosphericFog:1]]
[2023.06.28-08.58.22:947][  0]LogConfig: Setting CVar [[r.SkinCache.CompileShaders:0]]
[2023.06.28-08.58.22:947][  0]LogConfig: Setting CVar [[r.Mobile.EnableStaticAndCSMShadowReceivers:1]]
[2023.06.28-08.58.22:947][  0]LogConfig: Setting CVar [[r.Mobile.EnableMovableLightCSMShaderCulling:1]]
[2023.06.28-08.58.22:947][  0]LogConfig: Setting CVar [[r.Mobile.AllowDistanceFieldShadows:1]]
[2023.06.28-08.58.22:947][  0]LogConfig: Setting CVar [[r.Mobile.AllowMovableDirectionalLights:1]]
[2023.06.28-08.58.22:947][  0]LogConfig: Setting CVar [[r.MobileNumDynamicPointLights:4]]
[2023.06.28-08.58.22:947][  0]LogConfig: Setting CVar [[r.MobileDynamicPointLightsUseStaticBranch:1]]
[2023.06.28-08.58.22:947][  0]LogConfig: Setting CVar [[r.SkinCache.SceneMemoryLimitInMB:128.000000]]
[2023.06.28-08.58.22:947][  0]LogConfig: Setting CVar [[r.GPUSkin.Limit2BoneInfluences:0]]
[2023.06.28-08.58.22:947][  0]LogConfig: Setting CVar [[r.SupportDepthOnlyIndexBuffers:1]]
[2023.06.28-08.58.22:947][  0]LogConfig: Setting CVar [[r.SupportReversedIndexBuffers:1]]
[2023.06.28-08.58.22:947][  0]LogConfig: Setting CVar [[r.SupportMaterialLayers:0]]
[2023.06.28-08.58.22:947][  0]LogConfig: Applying CVar settings from Section [/Script/Engine.RendererOverrideSettings] File [D:/UE4projects/Hour6/Saved/Config/Windows/Engine.ini]
[2023.06.28-08.58.22:947][  0]LogConfig: Applying CVar settings from Section [/Script/Engine.StreamingSettings] File [D:/UE4projects/Hour6/Saved/Config/Windows/Engine.ini]
[2023.06.28-08.58.22:947][  0]LogConfig: Setting CVar [[s.MinBulkDataSizeForAsyncLoading:131072]]
[2023.06.28-08.58.22:947][  0]LogConfig: Setting CVar [[s.AsyncLoadingThreadEnabled:0]]
[2023.06.28-08.58.22:947][  0]LogConfig: Setting CVar [[s.EventDrivenLoaderEnabled:1]]
[2023.06.28-08.58.22:947][  0]LogConfig: Setting CVar [[s.WarnIfTimeLimitExceeded:0]]
[2023.06.28-08.58.22:947][  0]LogConfig: Setting CVar [[s.TimeLimitExceededMultiplier:1.5]]
[2023.06.28-08.58.22:947][  0]LogConfig: Setting CVar [[s.TimeLimitExceededMinTime:0.005]]
[2023.06.28-08.58.22:947][  0]LogConfig: Setting CVar [[s.UseBackgroundLevelStreaming:1]]
[2023.06.28-08.58.22:948][  0]LogConfig: Setting CVar [[s.PriorityAsyncLoadingExtraTime:15.0]]
[2023.06.28-08.58.22:948][  0]LogConfig: Setting CVar [[s.LevelStreamingActorsUpdateTimeLimit:5.0]]
[2023.06.28-08.58.22:948][  0]LogConfig: Setting CVar [[s.PriorityLevelStreamingActorsUpdateExtraTime:5.0]]
[2023.06.28-08.58.22:948][  0]LogConfig: Setting CVar [[s.LevelStreamingComponentsRegistrationGranularity:10]]
[2023.06.28-08.58.22:948][  0]LogConfig: Setting CVar [[s.UnregisterComponentsTimeLimit:1.0]]
[2023.06.28-08.58.22:948][  0]LogConfig: Setting CVar [[s.LevelStreamingComponentsUnregistrationGranularity:5]]
[2023.06.28-08.58.22:948][  0]LogConfig: Applying CVar settings from Section [/Script/Engine.GarbageCollectionSettings] File [D:/UE4projects/Hour6/Saved/Config/Windows/Engine.ini]
[2023.06.28-08.58.22:948][  0]LogConfig: Setting CVar [[gc.MaxObjectsNotConsideredByGC:1]]
[2023.06.28-08.58.22:948][  0]LogConfig: Setting CVar [[gc.SizeOfPermanentObjectPool:0]]
[2023.06.28-08.58.22:948][  0]LogConfig: Setting CVar [[gc.FlushStreamingOnGC:0]]
[2023.06.28-08.58.22:948][  0]LogConfig: Setting CVar [[gc.NumRetriesBeforeForcingGC:10]]
[2023.06.28-08.58.22:948][  0]LogConfig: Setting CVar [[gc.AllowParallelGC:1]]
[2023.06.28-08.58.22:948][  0]LogConfig: Setting CVar [[gc.TimeBetweenPurgingPendingKillObjects:61.1]]
[2023.06.28-08.58.22:948][  0]LogConfig: Setting CVar [[gc.MaxObjectsInEditor:8388607]]
[2023.06.28-08.58.22:948][  0]LogConfig: Setting CVar [[gc.IncrementalBeginDestroyEnabled:1]]
[2023.06.28-08.58.22:948][  0]LogConfig: Setting CVar [[gc.CreateGCClusters:1]]
[2023.06.28-08.58.22:948][  0]LogConfig: Setting CVar [[gc.MergeGCClusters:0]]
[2023.06.28-08.58.22:948][  0]LogConfig: Setting CVar [[gc.MinGCClusterSize:5]]
[2023.06.28-08.58.22:948][  0]LogConfig: Setting CVar [[gc.ActorClusteringEnabled:0]]
[2023.06.28-08.58.22:948][  0]LogConfig: Setting CVar [[gc.BlueprintClusteringEnabled:0]]
[2023.06.28-08.58.22:948][  0]LogConfig: Setting CVar [[gc.UseDisregardForGCOnDedicatedServers:0]]
[2023.06.28-08.58.22:948][  0]LogConfig: Applying CVar settings from Section [/Script/Engine.NetworkSettings] File [D:/UE4projects/Hour6/Saved/Config/Windows/Engine.ini]
[2023.06.28-08.58.22:948][  0]LogConfig: Applying CVar settings from Section [/Script/UnrealEd.CookerSettings] File [D:/UE4projects/Hour6/Saved/Config/Windows/Engine.ini]
[2023.06.28-08.58.22:950][  0]LogConfig: Applying CVar settings from Section [ViewDistanceQuality@3] File [D:/UE4projects/Hour6/Saved/Config/Windows/Scalability.ini]
[2023.06.28-08.58.22:950][  0]LogConfig: Setting CVar [[r.SkeletalMeshLODBias:0]]
[2023.06.28-08.58.22:950][  0]LogConfig: Setting CVar [[r.ViewDistanceScale:1.0]]
[2023.06.28-08.58.22:950][  0]LogConfig: Applying CVar settings from Section [AntiAliasingQuality@3] File [D:/UE4projects/Hour6/Saved/Config/Windows/Scalability.ini]
[2023.06.28-08.58.22:950][  0]LogConfig: Setting CVar [[r.PostProcessAAQuality:4]]
[2023.06.28-08.58.22:950][  0]LogConfig: Applying CVar settings from Section [ShadowQuality@3] File [D:/UE4projects/Hour6/Saved/Config/Windows/Scalability.ini]
[2023.06.28-08.58.22:950][  0]LogConfig: Setting CVar [[r.LightFunctionQuality:1]]
[2023.06.28-08.58.22:950][  0]LogConfig: Setting CVar [[r.ShadowQuality:5]]
[2023.06.28-08.58.22:950][  0]LogConfig: Setting CVar [[r.Shadow.CSM.MaxCascades:10]]
[2023.06.28-08.58.22:950][  0]LogConfig: Setting CVar [[r.Shadow.MaxResolution:2048]]
[2023.06.28-08.58.22:950][  0]LogConfig: Setting CVar [[r.Shadow.MaxCSMResolution:2048]]
[2023.06.28-08.58.22:950][  0]LogConfig: Setting CVar [[r.Shadow.RadiusThreshold:0.01]]
[2023.06.28-08.58.22:950][  0]LogConfig: Setting CVar [[r.Shadow.DistanceScale:1.0]]
[2023.06.28-08.58.22:950][  0]LogConfig: Setting CVar [[r.Shadow.CSM.TransitionScale:1.0]]
[2023.06.28-08.58.22:950][  0]LogConfig: Setting CVar [[r.Shadow.PreShadowResolutionFactor:1.0]]
[2023.06.28-08.58.22:950][  0]LogConfig: Setting CVar [[r.DistanceFieldShadowing:1]]
[2023.06.28-08.58.22:950][  0]LogConfig: Setting CVar [[r.DistanceFieldAO:1]]
[2023.06.28-08.58.22:950][  0]LogConfig: Setting CVar [[r.AOQuality:2]]
[2023.06.28-08.58.22:950][  0]LogConfig: Setting CVar [[r.VolumetricFog:1]]
[2023.06.28-08.58.22:950][  0]LogConfig: Setting CVar [[r.VolumetricFog.GridPixelSize:8]]
[2023.06.28-08.58.22:950][  0]LogConfig: Setting CVar [[r.VolumetricFog.GridSizeZ:128]]
[2023.06.28-08.58.22:950][  0]LogConfig: Setting CVar [[r.VolumetricFog.HistoryMissSupersampleCount:4]]
[2023.06.28-08.58.22:950][  0]LogConfig: Setting CVar [[r.LightMaxDrawDistanceScale:1]]
[2023.06.28-08.58.22:950][  0]LogConfig: Setting CVar [[r.CapsuleShadows:1]]
[2023.06.28-08.58.22:950][  0]LogConfig: Applying CVar settings from Section [PostProcessQuality@3] File [D:/UE4projects/Hour6/Saved/Config/Windows/Scalability.ini]
[2023.06.28-08.58.22:950][  0]LogConfig: Setting CVar [[r.MotionBlurQuality:4]]
[2023.06.28-08.58.22:950][  0]LogConfig: Setting CVar [[r.AmbientOcclusionMipLevelFactor:0.4]]
[2023.06.28-08.58.22:950][  0]LogConfig: Setting CVar [[r.AmbientOcclusionMaxQuality:100]]
[2023.06.28-08.58.22:950][  0]LogConfig: Setting CVar [[r.AmbientOcclusionLevels:-1]]
[2023.06.28-08.58.22:950][  0]LogConfig: Setting CVar [[r.AmbientOcclusionRadiusScale:1.0]]
[2023.06.28-08.58.22:950][  0]LogConfig: Setting CVar [[r.DepthOfFieldQuality:2]]
[2023.06.28-08.58.22:950][  0]LogConfig: Setting CVar [[r.RenderTargetPoolMin:400]]
[2023.06.28-08.58.22:950][  0]LogConfig: Setting CVar [[r.LensFlareQuality:2]]
[2023.06.28-08.58.22:950][  0]LogConfig: Setting CVar [[r.SceneColorFringeQuality:1]]
[2023.06.28-08.58.22:950][  0]LogConfig: Setting CVar [[r.EyeAdaptationQuality:2]]
[2023.06.28-08.58.22:950][  0]LogConfig: Setting CVar [[r.BloomQuality:5]]
[2023.06.28-08.58.22:950][  0]LogConfig: Setting CVar [[r.FastBlurThreshold:100]]
[2023.06.28-08.58.22:950][  0]LogConfig: Setting CVar [[r.Upscale.Quality:3]]
[2023.06.28-08.58.22:950][  0]LogConfig: Setting CVar [[r.Tonemapper.GrainQuantization:1]]
[2023.06.28-08.58.22:950][  0]LogConfig: Setting CVar [[r.LightShaftQuality:1]]
[2023.06.28-08.58.22:950][  0]LogConfig: Setting CVar [[r.Filter.SizeScale:1]]
[2023.06.28-08.58.22:950][  0]LogConfig: Setting CVar [[r.Tonemapper.Quality:5]]
[2023.06.28-08.58.22:950][  0]LogConfig: Setting CVar [[r.DOF.Gather.AccumulatorQuality:1        ; higher gathering accumulator quality]]
[2023.06.28-08.58.22:950][  0]LogConfig: Setting CVar [[r.DOF.Gather.PostfilterMethod:1          ; Median3x3 postfilering method]]
[2023.06.28-08.58.22:950][  0]LogConfig: Setting CVar [[r.DOF.Gather.EnableBokehSettings:0       ; no bokeh simulation when gathering]]
[2023.06.28-08.58.22:950][  0]LogConfig: Setting CVar [[r.DOF.Gather.RingCount:4                 ; medium number of samples when gathering]]
[2023.06.28-08.58.22:950][  0]LogConfig: Setting CVar [[r.DOF.Scatter.ForegroundCompositing:1    ; additive foreground scattering]]
[2023.06.28-08.58.22:950][  0]LogConfig: Setting CVar [[r.DOF.Scatter.BackgroundCompositing:2    ; additive background scattering]]
[2023.06.28-08.58.22:950][  0]LogConfig: Setting CVar [[r.DOF.Scatter.EnableBokehSettings:1      ; bokeh simulation when scattering]]
[2023.06.28-08.58.22:950][  0]LogConfig: Setting CVar [[r.DOF.Scatter.MaxSpriteRatio:0.1         ; only a maximum of 10% of scattered bokeh]]
[2023.06.28-08.58.22:951][  0]LogConfig: Setting CVar [[r.DOF.Recombine.Quality:1                ; cheap slight out of focus]]
[2023.06.28-08.58.22:951][  0]LogConfig: Setting CVar [[r.DOF.Recombine.EnableBokehSettings:0    ; no bokeh simulation on slight out of focus]]
[2023.06.28-08.58.22:951][  0]LogConfig: Setting CVar [[r.DOF.TemporalAAQuality:1                ; more stable temporal accumulation]]
[2023.06.28-08.58.22:951][  0]LogConfig: Setting CVar [[r.DOF.Kernel.MaxForegroundRadius:0.025]]
[2023.06.28-08.58.22:951][  0]LogConfig: Setting CVar [[r.DOF.Kernel.MaxBackgroundRadius:0.025]]
[2023.06.28-08.58.22:951][  0]LogConfig: Applying CVar settings from Section [TextureQuality@3] File [D:/UE4projects/Hour6/Saved/Config/Windows/Scalability.ini]
[2023.06.28-08.58.22:951][  0]LogConfig: Setting CVar [[r.Streaming.MipBias:0]]
[2023.06.28-08.58.22:951][  0]LogConfig: Setting CVar [[r.Streaming.AmortizeCPUToGPUCopy:0]]
[2023.06.28-08.58.22:951][  0]LogConfig: Setting CVar [[r.Streaming.MaxNumTexturesToStreamPerFrame:0]]
[2023.06.28-08.58.22:951][  0]LogConfig: Setting CVar [[r.Streaming.Boost:1]]
[2023.06.28-08.58.22:951][  0]LogConfig: Setting CVar [[r.MaxAnisotropy:8]]
[2023.06.28-08.58.22:951][  0]LogConfig: Setting CVar [[r.Streaming.LimitPoolSizeToVRAM:0]]
[2023.06.28-08.58.22:951][  0]LogConfig: Setting CVar [[r.Streaming.PoolSize:1000]]
[2023.06.28-08.58.22:951][  0]LogConfig: Setting CVar [[r.Streaming.MaxEffectiveScreenSize:0]]
[2023.06.28-08.58.22:951][  0]LogConfig: Applying CVar settings from Section [EffectsQuality@3] File [D:/UE4projects/Hour6/Saved/Config/Windows/Scalability.ini]
[2023.06.28-08.58.22:951][  0]LogConfig: Setting CVar [[r.TranslucencyLightingVolumeDim:64]]
[2023.06.28-08.58.22:951][  0]LogConfig: Setting CVar [[r.RefractionQuality:2]]
[2023.06.28-08.58.22:951][  0]LogConfig: Setting CVar [[r.SSR.Quality:3]]
[2023.06.28-08.58.22:951][  0]LogConfig: Setting CVar [[r.SceneColorFormat:4]]
[2023.06.28-08.58.22:951][  0]LogConfig: Setting CVar [[r.DetailMode:2]]
[2023.06.28-08.58.22:951][  0]LogConfig: Setting CVar [[r.TranslucencyVolumeBlur:1]]
[2023.06.28-08.58.22:951][  0]LogConfig: Setting CVar [[r.MaterialQualityLevel:1 ; High quality]]
[2023.06.28-08.58.22:951][  0]LogConfig: Setting CVar [[r.SSS.Scale:1]]
[2023.06.28-08.58.22:951][  0]LogConfig: Setting CVar [[r.SSS.SampleSet:2]]
[2023.06.28-08.58.22:951][  0]LogConfig: Setting CVar [[r.SSS.Quality:1]]
[2023.06.28-08.58.22:951][  0]LogConfig: Setting CVar [[r.SSS.HalfRes:1]]
[2023.06.28-08.58.22:951][  0]LogConfig: Setting CVar [[r.EmitterSpawnRateScale:1.0]]
[2023.06.28-08.58.22:951][  0]LogConfig: Setting CVar [[r.ParticleLightQuality:2]]
[2023.06.28-08.58.22:951][  0]LogConfig: Applying CVar settings from Section [FoliageQuality@3] File [D:/UE4projects/Hour6/Saved/Config/Windows/Scalability.ini]
[2023.06.28-08.58.22:951][  0]LogConfig: Setting CVar [[foliage.DensityScale:1.0]]
[2023.06.28-08.58.22:951][  0]LogConfig: Setting CVar [[grass.DensityScale:1.0]]
[2023.06.28-08.58.22:951][  0]LogInit: Selected Device Profile: [Windows]
[2023.06.28-08.58.22:951][  0]LogInit: Applying CVar settings loaded from the selected device profile: [Windows]
[2023.06.28-08.58.22:957][  0]LogHAL: Display: Platform has ~ 16 GB [17016332288 / 17179869184 / 16], which maps to Larger [LargestMinGB=32, LargerMinGB=12, DefaultMinGB=8, SmallerMinGB=6, SmallestMinGB=0)
[2023.06.28-08.58.22:957][  0]LogConfig: Setting CVar [[r.Vulkan.UseRealUBs:1]]
[2023.06.28-08.58.22:957][  0]LogInit: Going up to parent DeviceProfile []
[2023.06.28-08.58.22:957][  0]LogConfig: Applying CVar settings from Section [ViewDistanceQuality@3] File [D:/UE4projects/Hour6/Saved/Config/Windows/Scalability.ini]
[2023.06.28-08.58.22:957][  0]LogConfig: Setting CVar [[r.SkeletalMeshLODBias:0]]
[2023.06.28-08.58.22:957][  0]LogConfig: Setting CVar [[r.ViewDistanceScale:1.0]]
[2023.06.28-08.58.22:957][  0]LogConfig: Applying CVar settings from Section [AntiAliasingQuality@3] File [D:/UE4projects/Hour6/Saved/Config/Windows/Scalability.ini]
[2023.06.28-08.58.22:957][  0]LogConfig: Setting CVar [[r.PostProcessAAQuality:4]]
[2023.06.28-08.58.22:957][  0]LogConfig: Applying CVar settings from Section [ShadowQuality@3] File [D:/UE4projects/Hour6/Saved/Config/Windows/Scalability.ini]
[2023.06.28-08.58.22:957][  0]LogConfig: Setting CVar [[r.LightFunctionQuality:1]]
[2023.06.28-08.58.22:957][  0]LogConfig: Setting CVar [[r.ShadowQuality:5]]
[2023.06.28-08.58.22:957][  0]LogConfig: Setting CVar [[r.Shadow.CSM.MaxCascades:10]]
[2023.06.28-08.58.22:957][  0]LogConfig: Setting CVar [[r.Shadow.MaxResolution:2048]]
[2023.06.28-08.58.22:957][  0]LogConfig: Setting CVar [[r.Shadow.MaxCSMResolution:2048]]
[2023.06.28-08.58.22:957][  0]LogConfig: Setting CVar [[r.Shadow.RadiusThreshold:0.01]]
[2023.06.28-08.58.22:957][  0]LogConfig: Setting CVar [[r.Shadow.DistanceScale:1.0]]
[2023.06.28-08.58.22:957][  0]LogConfig: Setting CVar [[r.Shadow.CSM.TransitionScale:1.0]]
[2023.06.28-08.58.22:957][  0]LogConfig: Setting CVar [[r.Shadow.PreShadowResolutionFactor:1.0]]
[2023.06.28-08.58.22:957][  0]LogConfig: Setting CVar [[r.DistanceFieldShadowing:1]]
[2023.06.28-08.58.22:957][  0]LogConfig: Setting CVar [[r.DistanceFieldAO:1]]
[2023.06.28-08.58.22:957][  0]LogConfig: Setting CVar [[r.AOQuality:2]]
[2023.06.28-08.58.22:957][  0]LogConfig: Setting CVar [[r.VolumetricFog:1]]
[2023.06.28-08.58.22:957][  0]LogConfig: Setting CVar [[r.VolumetricFog.GridPixelSize:8]]
[2023.06.28-08.58.22:957][  0]LogConfig: Setting CVar [[r.VolumetricFog.GridSizeZ:128]]
[2023.06.28-08.58.22:957][  0]LogConfig: Setting CVar [[r.VolumetricFog.HistoryMissSupersampleCount:4]]
[2023.06.28-08.58.22:957][  0]LogConfig: Setting CVar [[r.LightMaxDrawDistanceScale:1]]
[2023.06.28-08.58.22:957][  0]LogConfig: Setting CVar [[r.CapsuleShadows:1]]
[2023.06.28-08.58.22:957][  0]LogConfig: Applying CVar settings from Section [PostProcessQuality@3] File [D:/UE4projects/Hour6/Saved/Config/Windows/Scalability.ini]
[2023.06.28-08.58.22:957][  0]LogConfig: Setting CVar [[r.MotionBlurQuality:4]]
[2023.06.28-08.58.22:957][  0]LogConfig: Setting CVar [[r.AmbientOcclusionMipLevelFactor:0.4]]
[2023.06.28-08.58.22:957][  0]LogConfig: Setting CVar [[r.AmbientOcclusionMaxQuality:100]]
[2023.06.28-08.58.22:957][  0]LogConfig: Setting CVar [[r.AmbientOcclusionLevels:-1]]
[2023.06.28-08.58.22:957][  0]LogConfig: Setting CVar [[r.AmbientOcclusionRadiusScale:1.0]]
[2023.06.28-08.58.22:957][  0]LogConfig: Setting CVar [[r.DepthOfFieldQuality:2]]
[2023.06.28-08.58.22:957][  0]LogConfig: Setting CVar [[r.RenderTargetPoolMin:400]]
[2023.06.28-08.58.22:957][  0]LogConfig: Setting CVar [[r.LensFlareQuality:2]]
[2023.06.28-08.58.22:957][  0]LogConfig: Setting CVar [[r.SceneColorFringeQuality:1]]
[2023.06.28-08.58.22:957][  0]LogConfig: Setting CVar [[r.EyeAdaptationQuality:2]]
[2023.06.28-08.58.22:957][  0]LogConfig: Setting CVar [[r.BloomQuality:5]]
[2023.06.28-08.58.22:957][  0]LogConfig: Setting CVar [[r.FastBlurThreshold:100]]
[2023.06.28-08.58.22:957][  0]LogConfig: Setting CVar [[r.Upscale.Quality:3]]
[2023.06.28-08.58.22:957][  0]LogConfig: Setting CVar [[r.Tonemapper.GrainQuantization:1]]
[2023.06.28-08.58.22:957][  0]LogConfig: Setting CVar [[r.LightShaftQuality:1]]
[2023.06.28-08.58.22:957][  0]LogConfig: Setting CVar [[r.Filter.SizeScale:1]]
[2023.06.28-08.58.22:957][  0]LogConfig: Setting CVar [[r.Tonemapper.Quality:5]]
[2023.06.28-08.58.22:957][  0]LogConfig: Setting CVar [[r.DOF.Gather.AccumulatorQuality:1        ; higher gathering accumulator quality]]
[2023.06.28-08.58.22:958][  0]LogConfig: Setting CVar [[r.DOF.Gather.PostfilterMethod:1          ; Median3x3 postfilering method]]
[2023.06.28-08.58.22:958][  0]LogConfig: Setting CVar [[r.DOF.Gather.EnableBokehSettings:0       ; no bokeh simulation when gathering]]
[2023.06.28-08.58.22:958][  0]LogConfig: Setting CVar [[r.DOF.Gather.RingCount:4                 ; medium number of samples when gathering]]
[2023.06.28-08.58.22:958][  0]LogConfig: Setting CVar [[r.DOF.Scatter.ForegroundCompositing:1    ; additive foreground scattering]]
[2023.06.28-08.58.22:958][  0]LogConfig: Setting CVar [[r.DOF.Scatter.BackgroundCompositing:2    ; additive background scattering]]
[2023.06.28-08.58.22:958][  0]LogConfig: Setting CVar [[r.DOF.Scatter.EnableBokehSettings:1      ; bokeh simulation when scattering]]
[2023.06.28-08.58.22:958][  0]LogConfig: Setting CVar [[r.DOF.Scatter.MaxSpriteRatio:0.1         ; only a maximum of 10% of scattered bokeh]]
[2023.06.28-08.58.22:958][  0]LogConfig: Setting CVar [[r.DOF.Recombine.Quality:1                ; cheap slight out of focus]]
[2023.06.28-08.58.22:958][  0]LogConfig: Setting CVar [[r.DOF.Recombine.EnableBokehSettings:0    ; no bokeh simulation on slight out of focus]]
[2023.06.28-08.58.22:958][  0]LogConfig: Setting CVar [[r.DOF.TemporalAAQuality:1                ; more stable temporal accumulation]]
[2023.06.28-08.58.22:958][  0]LogConfig: Setting CVar [[r.DOF.Kernel.MaxForegroundRadius:0.025]]
[2023.06.28-08.58.22:958][  0]LogConfig: Setting CVar [[r.DOF.Kernel.MaxBackgroundRadius:0.025]]
[2023.06.28-08.58.22:958][  0]LogConfig: Applying CVar settings from Section [TextureQuality@3] File [D:/UE4projects/Hour6/Saved/Config/Windows/Scalability.ini]
[2023.06.28-08.58.22:958][  0]LogConfig: Setting CVar [[r.Streaming.MipBias:0]]
[2023.06.28-08.58.22:958][  0]LogConfig: Setting CVar [[r.Streaming.AmortizeCPUToGPUCopy:0]]
[2023.06.28-08.58.22:958][  0]LogConfig: Setting CVar [[r.Streaming.MaxNumTexturesToStreamPerFrame:0]]
[2023.06.28-08.58.22:958][  0]LogConfig: Setting CVar [[r.Streaming.Boost:1]]
[2023.06.28-08.58.22:958][  0]LogConfig: Setting CVar [[r.MaxAnisotropy:8]]
[2023.06.28-08.58.22:958][  0]LogConfig: Setting CVar [[r.Streaming.LimitPoolSizeToVRAM:0]]
[2023.06.28-08.58.22:958][  0]LogConfig: Setting CVar [[r.Streaming.PoolSize:1000]]
[2023.06.28-08.58.22:958][  0]LogConfig: Setting CVar [[r.Streaming.MaxEffectiveScreenSize:0]]
[2023.06.28-08.58.22:958][  0]LogConfig: Applying CVar settings from Section [EffectsQuality@3] File [D:/UE4projects/Hour6/Saved/Config/Windows/Scalability.ini]
[2023.06.28-08.58.22:958][  0]LogConfig: Setting CVar [[r.TranslucencyLightingVolumeDim:64]]
[2023.06.28-08.58.22:958][  0]LogConfig: Setting CVar [[r.RefractionQuality:2]]
[2023.06.28-08.58.22:958][  0]LogConfig: Setting CVar [[r.SSR.Quality:3]]
[2023.06.28-08.58.22:958][  0]LogConfig: Setting CVar [[r.SceneColorFormat:4]]
[2023.06.28-08.58.22:958][  0]LogConfig: Setting CVar [[r.DetailMode:2]]
[2023.06.28-08.58.22:958][  0]LogConfig: Setting CVar [[r.TranslucencyVolumeBlur:1]]
[2023.06.28-08.58.22:958][  0]LogConfig: Setting CVar [[r.MaterialQualityLevel:1 ; High quality]]
[2023.06.28-08.58.22:958][  0]LogConfig: Setting CVar [[r.SSS.Scale:1]]
[2023.06.28-08.58.22:958][  0]LogConfig: Setting CVar [[r.SSS.SampleSet:2]]
[2023.06.28-08.58.22:958][  0]LogConfig: Setting CVar [[r.SSS.Quality:1]]
[2023.06.28-08.58.22:958][  0]LogConfig: Setting CVar [[r.SSS.HalfRes:1]]
[2023.06.28-08.58.22:958][  0]LogConfig: Setting CVar [[r.EmitterSpawnRateScale:1.0]]
[2023.06.28-08.58.22:958][  0]LogConfig: Setting CVar [[r.ParticleLightQuality:2]]
[2023.06.28-08.58.22:958][  0]LogConfig: Applying CVar settings from Section [FoliageQuality@3] File [D:/UE4projects/Hour6/Saved/Config/Windows/Scalability.ini]
[2023.06.28-08.58.22:958][  0]LogConfig: Setting CVar [[foliage.DensityScale:1.0]]
[2023.06.28-08.58.22:958][  0]LogConfig: Setting CVar [[grass.DensityScale:1.0]]
[2023.06.28-08.58.22:958][  0]LogConfig: Applying CVar settings from Section [Startup] File [../../../Engine/Config/ConsoleVariables.ini]
[2023.06.28-08.58.22:958][  0]LogConfig: Setting CVar [[net.UseAdaptiveNetUpdateFrequency:0]]
[2023.06.28-08.58.22:958][  0]LogConfig: Applying CVar settings from Section [ConsoleVariables] File [D:/UE4projects/Hour6/Saved/Config/Windows/Engine.ini]
[2023.06.28-08.58.22:958][  0]LogInit: Computer: DESKTOP-FVBURUN
[2023.06.28-08.58.22:958][  0]LogInit: User: MDC
[2023.06.28-08.58.22:958][  0]LogInit: CPU Page size=4096, Cores=6
[2023.06.28-08.58.22:958][  0]LogInit: High frequency timer resolution =10.000000 MHz
[2023.06.28-08.58.22:958][  0]LogMemory: Memory total: Physical=15.8GB (16GB approx)
[2023.06.28-08.58.22:958][  0]LogMemory: Platform Memory Stats for Windows
[2023.06.28-08.58.22:958][  0]LogMemory: Process Physical Memory: 106.59 MB used, 106.59 MB peak
[2023.06.28-08.58.22:958][  0]LogMemory: Process Virtual Memory: 94.24 MB used, 94.24 MB peak
[2023.06.28-08.58.22:959][  0]LogMemory: Physical Memory: 6392.21 MB used,  9835.83 MB free, 16228.04 MB total
[2023.06.28-08.58.22:959][  0]LogMemory: Virtual Memory: 4663.84 MB used,  134213064.00 MB free, 134217728.00 MB total
[2023.06.28-08.58.23:001][  0]LogInit: Using OS detected language (ko-KR).
[2023.06.28-08.58.23:001][  0]LogInit: Using OS detected locale (ko-KR).
[2023.06.28-08.58.23:001][  0]LogTextLocalizationManager: No specific localization for 'ko-KR' exists, so the 'ko' localization will be used.
[2023.06.28-08.58.23:332][  0]LogStreaming: Display: Took  0.331s to InitEngineTextLocalization.
[2023.06.28-08.58.23:332][  0]LogInit: Setting process to per monitor DPI aware
[2023.06.28-08.58.23:369][  0]LogSlate: New Slate User Created.  User Index 0, Is Virtual User: 0
[2023.06.28-08.58.23:369][  0]LogSlate: Slate User Registered.  User Index 0, Is Virtual User: 0
[2023.06.28-08.58.23:633][  0]LogHMD: Failed to initialize OpenVR with code 110
[2023.06.28-08.58.23:633][  0]LogD3D11RHI: D3D11 adapters:
[2023.06.28-08.58.23:769][  0]LogD3D11RHI:    0. 'NVIDIA GeForce GTX 1060' (Feature Level 11_0)
[2023.06.28-08.58.23:769][  0]LogD3D11RHI:       6043/0/8114 MB DedicatedVideo/DedicatedSystem/SharedSystem, Outputs:1, VendorId:0x10de
[2023.06.28-08.58.23:796][  0]LogD3D11RHI:    1. 'Intel(R) UHD Graphics 630' (Feature Level 11_0)
[2023.06.28-08.58.23:796][  0]LogD3D11RHI:       128/0/8114 MB DedicatedVideo/DedicatedSystem/SharedSystem, Outputs:0, VendorId:0x8086
[2023.06.28-08.58.23:799][  0]LogD3D11RHI:    2. 'Microsoft Basic Render Driver' (Feature Level 11_0)
[2023.06.28-08.58.23:799][  0]LogD3D11RHI:       0/0/8114 MB DedicatedVideo/DedicatedSystem/SharedSystem, Outputs:0, VendorId:0x1414
[2023.06.28-08.58.23:799][  0]LogD3D11RHI: Chosen D3D11 Adapter: 0
[2023.06.28-08.58.23:806][  0]LogD3D11RHI: Creating new Direct3DDevice
[2023.06.28-08.58.23:807][  0]LogD3D11RHI:     GPU DeviceId: 0x1c20 (for the marketing name, search the web for "GPU Device Id")
[2023.06.28-08.58.23:807][  0]LogWindows: EnumDisplayDevices:
[2023.06.28-08.58.23:807][  0]LogWindows:    0. 'Intel(R) UHD Graphics 630' (P:1 D:1)
[2023.06.28-08.58.23:807][  0]LogWindows:    1. 'Intel(R) UHD Graphics 630' (P:0 D:0)
[2023.06.28-08.58.23:807][  0]LogWindows:    2. 'Intel(R) UHD Graphics 630' (P:0 D:0)
[2023.06.28-08.58.23:808][  0]LogWindows:    3. 'NVIDIA GeForce GTX 1060' (P:0 D:0)
[2023.06.28-08.58.23:808][  0]LogWindows:    4. 'NVIDIA GeForce GTX 1060' (P:0 D:0)
[2023.06.28-08.58.23:808][  0]LogWindows:    5. 'NVIDIA GeForce GTX 1060' (P:0 D:0)
[2023.06.28-08.58.23:808][  0]LogWindows:    6. 'NVIDIA GeForce GTX 1060' (P:0 D:0)
[2023.06.28-08.58.23:809][  0]LogWindows: DebugString: PrimaryIsNotTheChoosenAdapter PrimaryIsNotTheChoosenAdapter PrimaryIsNotTheChoosenAdapter FoundDriverCount:4 
[2023.06.28-08.58.23:809][  0]LogD3D11RHI:     Adapter Name: NVIDIA GeForce GTX 1060
[2023.06.28-08.58.23:809][  0]LogD3D11RHI:   Driver Version: 535.98 (internal:31.0.15.3598, unified:535.98)
[2023.06.28-08.58.23:809][  0]LogD3D11RHI:      Driver Date: 5-24-2023
[2023.06.28-08.58.23:809][  0]LogRHI: Texture pool is 4230 MB (70% of 6043 MB)
[2023.06.28-08.58.23:883][  0]LogD3D11RHI: Async texture creation enabled
[2023.06.28-08.58.23:898][  0]LogD3D11RHI: GPU Timing Frequency: 1000.000000 (Debug: 2 1)
[2023.06.28-08.58.24:226][  0]LogTemp: Display: Loaded TP AllDesktopTargetPlatform
[2023.06.28-08.58.24:238][  0]LogTemp: Display: Loaded TP MacClientTargetPlatform
[2023.06.28-08.58.24:250][  0]LogTemp: Display: Loaded TP MacNoEditorTargetPlatform
[2023.06.28-08.58.24:262][  0]LogTemp: Display: Loaded TP MacServerTargetPlatform
[2023.06.28-08.58.24:274][  0]LogTemp: Display: Loaded TP MacTargetPlatform
[2023.06.28-08.58.24:286][  0]LogTemp: Display: Loaded TP WindowsClientTargetPlatform
[2023.06.28-08.58.24:297][  0]LogTemp: Display: Loaded TP WindowsNoEditorTargetPlatform
[2023.06.28-08.58.24:308][  0]LogTemp: Display: Loaded TP WindowsServerTargetPlatform
[2023.06.28-08.58.24:315][  0]LogTemp: Display: Loaded TP WindowsTargetPlatform
[2023.06.28-08.58.24:390][  0]LogTemp: Display: Loaded TP AndroidTargetPlatform
[2023.06.28-08.58.24:390][  0]LogTemp: Display: Loaded TP AndroidTargetPlatform
[2023.06.28-08.58.24:390][  0]LogTemp: Display: Loaded TP AndroidTargetPlatform
[2023.06.28-08.58.24:390][  0]LogTemp: Display: Loaded TP AndroidTargetPlatform
[2023.06.28-08.58.24:390][  0]LogTemp: Display: Loaded TP AndroidTargetPlatform
[2023.06.28-08.58.24:390][  0]LogTemp: Display: Loaded TP AndroidTargetPlatform
[2023.06.28-08.58.24:390][  0]LogTemp: Display: Loaded TP AndroidTargetPlatform
[2023.06.28-08.58.24:390][  0]LogTemp: Display: Loaded TP AndroidTargetPlatform
[2023.06.28-08.58.24:390][  0]LogTemp: Display: Loaded TP AndroidTargetPlatform
[2023.06.28-08.58.24:390][  0]LogTemp: Display: Loaded TP AndroidTargetPlatform
[2023.06.28-08.58.24:390][  0]LogTemp: Display: Loaded TP AndroidTargetPlatform
[2023.06.28-08.58.24:390][  0]LogTemp: Display: Loaded TP AndroidTargetPlatform
[2023.06.28-08.58.24:390][  0]LogTemp: Display: Loaded TP AndroidTargetPlatform
[2023.06.28-08.58.24:390][  0]LogTemp: Display: Loaded TP AndroidTargetPlatform
[2023.06.28-08.58.24:390][  0]LogTemp: Display: Loaded TP AndroidTargetPlatform
[2023.06.28-08.58.24:390][  0]LogTemp: Display: Loaded TP AndroidTargetPlatform
[2023.06.28-08.58.24:390][  0]LogTemp: Display: Loaded TP AndroidTargetPlatform
[2023.06.28-08.58.24:390][  0]LogTemp: Display: Loaded TP AndroidTargetPlatform
[2023.06.28-08.58.24:391][  0]LogTemp: Display: Loaded TP HTML5TargetPlatform
[2023.06.28-08.58.24:448][  0]LogTemp: Display: Loaded TP IOSTargetPlatform
[2023.06.28-08.58.24:448][  0]LogTemp: Display: Loaded TP IOSTargetPlatform
[2023.06.28-08.58.24:469][  0]LogTemp: Display: Loaded TP TVOSTargetPlatform
[2023.06.28-08.58.24:469][  0]LogTemp: Display: Loaded TP TVOSTargetPlatform
[2023.06.28-08.58.24:479][  0]LogTemp: Display: Loaded TP LinuxClientTargetPlatform
[2023.06.28-08.58.24:492][  0]LogTemp: Display: Loaded TP LinuxNoEditorTargetPlatform
[2023.06.28-08.58.24:504][  0]LogTemp: Display: Loaded TP LinuxServerTargetPlatform
[2023.06.28-08.58.24:516][  0]LogTemp: Display: Loaded TP LinuxTargetPlatform
[2023.06.28-08.58.24:556][  0]LogTemp: Display: Loaded TP LuminTargetPlatform
[2023.06.28-08.58.24:556][  0]LogTemp: Display: Loaded TP LuminTargetPlatform
[2023.06.28-08.58.24:556][  0]LogTargetPlatformManager: Display: Building Assets For Windows
[2023.06.28-08.58.24:593][  0]LogShaderCompilers: Guid format shader working directory is 14 characters bigger than the processId version (../../../../UE4projects/Hour6/Intermediate/Shaders/WorkingDirectory/19960/).
[2023.06.28-08.58.24:593][  0]LogShaderCompilers: Cleaned the shader compiler working directory 'C:/Users/MDC/AppData/Local/Temp/UnrealShaderWorkingDir/8C094B7342F06AC7E43E0E87934C2C34/'.
[2023.06.28-08.58.24:594][  0]LogXGEController: Cleaning working directory: C:/Users/MDC/AppData/Local/Temp/UnrealXGEWorkingDir/
[2023.06.28-08.58.24:594][  0]LogXGEController: Cannot use XGE Controller as Incredibuild is not installed on this machine.
[2023.06.28-08.58.24:594][  0]LogShaderCompilers: Cannot use XGE Shader Compiler as Incredibuild is not installed on this machine.
[2023.06.28-08.58.24:594][  0]LogShaderCompilers: Display: Using Local Shader Compiler.
[2023.06.28-08.58.25:132][  0]LogDerivedDataCache: Display: Max Cache Size: 512 MB
[2023.06.28-08.58.25:179][  0]LogDerivedDataCache: Loaded boot cache 0.05s 71MB C:/Users/MDC/AppData/Local/UnrealEngine/4.21/DerivedDataCache/Boot.ddc.
[2023.06.28-08.58.25:179][  0]LogDerivedDataCache: Display: Loaded Boot cache: C:/Users/MDC/AppData/Local/UnrealEngine/4.21/DerivedDataCache/Boot.ddc
[2023.06.28-08.58.25:179][  0]LogDerivedDataCache: FDerivedDataBackendGraph:  Pak pak cache file ../../../../UE4projects/Hour6/DerivedDataCache/DDC.ddp not found, will not use a pak cache.
[2023.06.28-08.58.25:179][  0]LogDerivedDataCache: Unable to find inner node Pak for hierarchical cache Hierarchy.
[2023.06.28-08.58.25:179][  0]LogDerivedDataCache: FDerivedDataBackendGraph:  CompressedPak pak cache file ../../../../UE4projects/Hour6/DerivedDataCache/Compressed.ddp not found, will not use a pak cache.
[2023.06.28-08.58.25:179][  0]LogDerivedDataCache: Unable to find inner node CompressedPak for hierarchical cache Hierarchy.
[2023.06.28-08.58.25:193][  0]LogDerivedDataCache: Display: Pak cache opened for reading ../../../Engine/DerivedDataCache/Compressed.ddp.
[2023.06.28-08.58.25:193][  0]LogDerivedDataCache: FDerivedDataBackendGraph:  EnterprisePak pak cache file ../../../Enterprise/DerivedDataCache/Compressed.ddp not found, will not use a pak cache.
[2023.06.28-08.58.25:193][  0]LogDerivedDataCache: Unable to find inner node EnterprisePak for hierarchical cache Hierarchy.
[2023.06.28-08.58.25:205][  0]LogDerivedDataCache: Using Local data cache path C:/Users/MDC/AppData/Local/UnrealEngine/Common/DerivedDataCache: Writable
[2023.06.28-08.58.25:205][  0]LogDerivedDataCache: Shared data cache path not found in *engine.ini, will not use an Shared cache.
[2023.06.28-08.58.25:205][  0]LogDerivedDataCache: Unable to find inner node Shared for hierarchical cache Hierarchy.
[2023.06.28-08.58.25:227][  0]LogMaterial: Verifying Global Shaders for PCD3D_SM5
[2023.06.28-08.58.25:228][  0]LogSlate: Using FreeType 2.6.0
[2023.06.28-08.58.25:229][  0]LogSlate: SlateFontServices - WITH_FREETYPE: 1, WITH_HARFBUZZ: 1
[2023.06.28-08.58.25:311][  0]LogAssetRegistry: FAssetRegistry took 0.0320 seconds to start up
[2023.06.28-08.58.25:608][  0]LogInit: Selected Device Profile: [Windows]
[2023.06.28-08.58.25:753][  0]LogSimplygon: Simplygon DLL not present - disabling.
[2023.06.28-08.58.25:756][  0]LogMeshReduction: Using SimplygonSwarm for distributed automatic mesh merging
[2023.06.28-08.58.25:756][  0]LogMeshReduction: Using ProxyLODMeshReduction for automatic mesh merging
[2023.06.28-08.58.25:756][  0]LogMeshReduction: Using QuadricMeshReduction for automatic static mesh reduction
[2023.06.28-08.58.25:756][  0]LogMeshReduction: No automatic skeletal mesh reduction module available
[2023.06.28-08.58.25:775][  0]LogNetVersion: Hour6 1.0.0, NetCL: 4541578, EngineNetVer: 5, GameNetVer: 0 (Checksum: 2039249835)
[2023.06.28-08.58.26:265][  0]LogPackageLocalizationCache: Processed 11 localized package path(s) for 2 prioritized culture(s) in 0.066895 seconds
[2023.06.28-08.58.26:272][  0]LogUObjectArray: 39775 objects as part of root set at end of initial load.
[2023.06.28-08.58.26:272][  0]LogUObjectAllocator: 6914656 out of 0 bytes used by permanent object pool.
[2023.06.28-08.58.26:272][  0]LogUObjectArray: CloseDisregardForGC: 0/0 objects in disregard for GC pool
[2023.06.28-08.58.27:020][  0]LogTcpMessaging: Initializing TcpMessaging bridge
[2023.06.28-08.58.27:033][  0]LogUdpMessaging: Initializing bridge on interface 0.0.0.0:0 to multicast group 230.0.0.1:6666.
[2023.06.28-08.58.27:629][  0]SourceControl: 소스 컨트롤이 꺼졌습니다.
[2023.06.28-08.58.27:629][  0]SourceControl: 소스 컨트롤이 꺼졌습니다.
[2023.06.28-08.58.27:630][  0]SourceControl: 소스 컨트롤이 꺼졌습니다.
[2023.06.28-08.58.27:630][  0]SourceControl: 소스 컨트롤이 꺼졌습니다.
[2023.06.28-08.58.27:774][  0]LogAndroidPermission: UAndroidPermissionCallbackProxy::GetInstance
[2023.06.28-08.58.27:838][  0]LogOcInput: OculusInput pre-init called
[2023.06.28-08.58.27:969][  0]LogEngine: Initializing Engine...
[2023.06.28-08.58.27:969][  0]LogHMD: Failed to initialize OpenVR with code 110
[2023.06.28-08.58.27:971][  0]LogStats: UGameplayTagsManager::ConstructGameplayTagTree: ImportINI prefixes -  0.000 s
[2023.06.28-08.58.27:971][  0]LogStats: UGameplayTagsManager::ConstructGameplayTagTree: Construct from data asset -  0.000 s
[2023.06.28-08.58.27:971][  0]LogStats: UGameplayTagsManager::ConstructGameplayTagTree: ImportINI -  0.000 s
[2023.06.28-08.58.27:971][  0]LogStats: UGameplayTagsManager::ConstructGameplayTagTree: GameplayTagTreeChangedEvent.Broadcast -  0.000 s
[2023.06.28-08.58.28:189][  0]LogInit: Initializing FReadOnlyCVARCache
[2023.06.28-08.58.28:196][  0]LogAIModule: Creating AISystem for world Untitled
[2023.06.28-08.58.28:221][  0]LogInit: XAudio2 using '헤드폰(Galaxy Buds+ (6D4C))' : 2 channels at 48 kHz using 16 bits per sample (channel mask 0x3)
[2023.06.28-08.58.28:498][  0]LogInit: FAudioDevice initialized.
[2023.06.28-08.58.28:499][  0]LogNetVersion: Set ProjectVersion to 1.0.0.0. Version Checksum will be recalculated on next use.
[2023.06.28-08.58.28:574][  0]LogDerivedDataCache: Saved boot cache 0.08s 71MB C:/Users/MDC/AppData/Local/UnrealEngine/4.21/DerivedDataCache/Boot.ddc.
[2023.06.28-08.58.28:575][  0]LogInit: Texture streaming: Enabled
[2023.06.28-08.58.28:587][  0]LogEngineSessionManager: EngineSessionManager initialized
[2023.06.28-08.58.28:596][  0]LogInit: Transaction tracking system initialized
[2023.06.28-08.58.28:610][  0]BlueprintLog: New page: 에디터 로드
[2023.06.28-08.58.28:656][  0]LocalizationService: 현지화 서비스가 비활성화되었습니다.
[2023.06.28-08.58.29:106][  0]LogFileCache: Scanning file cache for directory 'D:/UE4projects/Hour6/Content/' took 0.01s
[2023.06.28-08.58.29:106][  0]LogCook: Display: Max memory allowance for cook 16384mb min free memory 0mb
[2023.06.28-08.58.29:106][  0]LogCook: Display: Mobile HDR setting 1
[2023.06.28-08.58.29:106][  0]LogGameplayTags: Display: UGameplayTagsManager::DoneAddingNativeTags. DelegateIsBound: 0
[2023.06.28-08.58.29:106][  0]LogStats: UGameplayTagsManager::ConstructGameplayTagTree: ImportINI prefixes -  0.000 s
[2023.06.28-08.58.29:106][  0]LogStats: UGameplayTagsManager::ConstructGameplayTagTree: Construct from data asset -  0.000 s
[2023.06.28-08.58.29:106][  0]LogStats: UGameplayTagsManager::ConstructGameplayTagTree: ImportINI -  0.000 s
[2023.06.28-08.58.29:106][  0]LogStats: UGameplayTagsManager::ConstructGameplayTagTree: GameplayTagTreeChangedEvent.Broadcast -  0.000 s
[2023.06.28-08.58.29:203][  0]SourceControl: 소스 컨트롤이 꺼졌습니다.
[2023.06.28-08.58.29:204][  0]Cmd: MAP LOAD FILE="../../../../UE4projects/Hour6/Content/StarterContent/Maps/Minimal_Default.umap" TEMPLATE=0 SHOWPROGRESS=1 FEATURELEVEL=3
[2023.06.28-08.58.29:204][  0]LightingResults: New page: 라이팅 빌드
[2023.06.28-08.58.29:205][  0]MapCheck: New page: 맵 체크
[2023.06.28-08.58.29:205][  0]LightingResults: New page: 라이팅 빌드
[2023.06.28-08.58.29:442][  0]LogAIModule: Creating AISystem for world Minimal_Default
[2023.06.28-08.58.29:451][  0]LogEditorServer: Finished looking for orphan Actors (0.000 secs)
[2023.06.28-08.58.29:476][  0]Cmd: MAP CHECKDEP NOCLEARLOG
[2023.06.28-08.58.29:476][  0]MapCheck: 맵 체크 완료: 오류 0 회, 경고 0 회, 소요 시간 0.083ms.
[2023.06.28-08.58.29:476][  0]LogFileHelpers: Loading map 'Minimal_Default' took 0.272
[2023.06.28-08.58.29:552][  0]LogWindowsTextInputMethodSystem: Display: IME system now activated using TSF (Microsoft 입력기).
[2023.06.28-08.58.29:584][  0]LogSlate: Updating window title bar state: overlay mode, drag disabled, window buttons hidden, title bar hidden
[2023.06.28-08.58.29:592][  0]LogSlate: Updating window title bar state: overlay mode, drag disabled, window buttons hidden, title bar hidden
[2023.06.28-08.58.29:600][  0]LogSlate: Updating window title bar state: overlay mode, drag disabled, window buttons hidden, title bar hidden
[2023.06.28-08.58.29:609][  0]LogSlate: Updating window title bar state: overlay mode, drag disabled, window buttons hidden, title bar hidden
[2023.06.28-08.58.29:614][  0]LogCollectionManager: Loaded 0 collections in 0.000717 seconds
[2023.06.28-08.58.29:651][  0]LogFileCache: Scanning file cache for directory 'D:/UE4projects/Hour6/Saved/Collections/' took 0.01s
[2023.06.28-08.58.29:651][  0]LogFileCache: Scanning file cache for directory 'D:/UE4projects/Hour6/Content/Developers/MDC/Collections/' took 0.01s
[2023.06.28-08.58.29:651][  0]LogFileCache: Scanning file cache for directory 'D:/UE4projects/Hour6/Content/Collections/' took 0.01s
[2023.06.28-08.58.29:651][  0]LogCollectionManager: Rebuilt the GUID cache for 0 collections in 0.000000 seconds
[2023.06.28-08.58.29:659][  0]LogContentBrowser: Native class hierarchy populated in 0.0086 seconds. Added 2651 classes and 620 folders.
[2023.06.28-08.58.29:664][  0]LogContentBrowser: Native class hierarchy updated for 'WidgetCarousel' in 0.0003 seconds. Added 0 classes and 0 folders.
[2023.06.28-08.58.29:665][  0]LogPakFile: Registered encryption key '00000000000000000000000000000000': 0 pak files mounted, 0 remain pending
[2023.06.28-08.58.29:665][  0]LogPakFile: Registered encryption key '00000000000000000000000000000000': 0 pak files mounted, 0 remain pending
[2023.06.28-08.58.29:666][  0]LogPakFile: Registered encryption key '00000000000000000000000000000000': 0 pak files mounted, 0 remain pending
[2023.06.28-08.58.29:666][  0]LogPakFile: Registered encryption key '00000000000000000000000000000000': 0 pak files mounted, 0 remain pending
[2023.06.28-08.58.29:666][  0]LogPakFile: Registered encryption key '00000000000000000000000000000000': 0 pak files mounted, 0 remain pending
[2023.06.28-08.58.29:666][  0]LogPakFile: Registered encryption key '00000000000000000000000000000000': 0 pak files mounted, 0 remain pending
[2023.06.28-08.58.29:667][  0]LogPakFile: Registered encryption key '00000000000000000000000000000000': 0 pak files mounted, 0 remain pending
[2023.06.28-08.58.29:668][  0]LogPakFile: Registered encryption key '00000000000000000000000000000000': 0 pak files mounted, 0 remain pending
[2023.06.28-08.58.29:668][  0]LogPakFile: Registered encryption key '00000000000000000000000000000000': 0 pak files mounted, 0 remain pending
[2023.06.28-08.58.29:668][  0]LogPakFile: Registered encryption key '00000000000000000000000000000000': 0 pak files mounted, 0 remain pending
[2023.06.28-08.58.29:669][  0]LogPakFile: Registered encryption key '00000000000000000000000000000000': 0 pak files mounted, 0 remain pending
[2023.06.28-08.58.29:669][  0]LogPakFile: Registered encryption key '00000000000000000000000000000000': 0 pak files mounted, 0 remain pending
[2023.06.28-08.58.29:669][  0]LogPakFile: Registered encryption key '00000000000000000000000000000000': 0 pak files mounted, 0 remain pending
[2023.06.28-08.58.29:670][  0]LogPakFile: Registered encryption key '00000000000000000000000000000000': 0 pak files mounted, 0 remain pending
[2023.06.28-08.58.29:670][  0]LogPakFile: Registered encryption key '00000000000000000000000000000000': 0 pak files mounted, 0 remain pending
[2023.06.28-08.58.29:670][  0]LogPakFile: Registered encryption key '00000000000000000000000000000000': 0 pak files mounted, 0 remain pending
[2023.06.28-08.58.29:671][  0]LogPakFile: Registered encryption key '00000000000000000000000000000000': 0 pak files mounted, 0 remain pending
[2023.06.28-08.58.29:671][  0]LogPakFile: Registered encryption key '00000000000000000000000000000000': 0 pak files mounted, 0 remain pending
[2023.06.28-08.58.29:672][  0]LogPakFile: Registered encryption key '00000000000000000000000000000000': 0 pak files mounted, 0 remain pending
[2023.06.28-08.58.29:673][  0]LogPakFile: Registered encryption key '00000000000000000000000000000000': 0 pak files mounted, 0 remain pending
[2023.06.28-08.58.29:673][  0]LogPakFile: Registered encryption key '00000000000000000000000000000000': 0 pak files mounted, 0 remain pending
[2023.06.28-08.58.29:673][  0]LogPakFile: Registered encryption key '00000000000000000000000000000000': 0 pak files mounted, 0 remain pending
[2023.06.28-08.58.29:674][  0]LogPakFile: Registered encryption key '00000000000000000000000000000000': 0 pak files mounted, 0 remain pending
[2023.06.28-08.58.29:674][  0]LogPakFile: Registered encryption key '00000000000000000000000000000000': 0 pak files mounted, 0 remain pending
[2023.06.28-08.58.29:674][  0]LogPakFile: Registered encryption key '00000000000000000000000000000000': 0 pak files mounted, 0 remain pending
[2023.06.28-08.58.29:675][  0]LogPakFile: Registered encryption key '00000000000000000000000000000000': 0 pak files mounted, 0 remain pending
[2023.06.28-08.58.29:693][  0]LogContentBrowser: Native class hierarchy updated for 'AddContentDialog' in 0.0002 seconds. Added 0 classes and 0 folders.
[2023.06.28-08.58.29:697][  0]LogContentBrowser: Native class hierarchy updated for 'SceneOutliner' in 0.0005 seconds. Added 1 classes and 2 folders.
[2023.06.28-08.58.29:765][  0]LogSlate: Took 0.000147 seconds to synchronously load lazily loaded font '../../../Engine/Content/Slate/Fonts/Roboto-Regular.ttf' (155K)
[2023.06.28-08.58.29:768][  0]LogSlate: Took 0.002159 seconds to synchronously load lazily loaded font '../../../Engine/Content/Editor/Slate/Fonts/NanumGothic.ttf' (4243K)
[2023.06.28-08.58.29:772][  0]LogSlate: Took 0.002853 seconds to synchronously load lazily loaded font '../../../Engine/Content/Editor/Slate/Fonts/NanumGothicBold.ttf' (4188K)
[2023.06.28-08.58.29:772][  0]LogSlate: Took 0.000175 seconds to synchronously load lazily loaded font '../../../Engine/Content/Slate/Fonts/Roboto-Bold.ttf' (160K)
[2023.06.28-08.58.29:777][  0]LogSlate: Took 0.000337 seconds to synchronously load lazily loaded font '../../../Engine/Content/Editor/Slate/Fonts/FontAwesome.ttf' (139K)
[2023.06.28-08.58.29:868][  0]LogRenderer: Reallocating scene render targets to support 1208x568 Format 10 NumSamples 1 (Frame:1).
[2023.06.28-08.58.30:058][  0]LogContentBrowser: Native class hierarchy updated for 'HierarchicalLODOutliner' in 0.0002 seconds. Added 0 classes and 0 folders.
[2023.06.28-08.58.30:058][  0]LogLoad: (Engine Initialization) Total time: 8.74 seconds
[2023.06.28-08.58.30:058][  0]LogLoad: (Engine Initialization) Total Blueprint compile time: 0.00 seconds
[2023.06.28-08.58.30:138][  0]LogContentStreaming: Texture pool size now 1000 MB
[2023.06.28-08.58.30:150][  0]LogSlate: Took 0.000150 seconds to synchronously load lazily loaded font '../../../Engine/Content/Slate/Fonts/Roboto-Light.ttf' (167K)
[2023.06.28-08.58.30:174][  1]LogAssetRegistry: Asset discovery search completed in 4.8854 seconds
[2023.06.28-08.58.30:175][  1]LogCollectionManager: Rebuilt the object cache for 0 collections in 0.000000 seconds (found 0 objects)
[2023.06.28-08.58.30:175][  1]LogCollectionManager: Fixed up redirectors for 0 collections in 0.000046 seconds (updated 0 objects)
[2023.06.28-08.58.30:952][ 47]LogSlate: FSceneViewport::OnFocusLost() reason 0
[2023.06.28-08.58.31:073][ 51]LogSlate: Window 'Hour6 - 언리얼 에디터' being destroyed
[2023.06.28-08.58.31:074][ 51]LogWindowsTextInputMethodSystem: Display: IME system now activated using TSF (Microsoft 입력기).
[2023.06.28-08.58.31:079][ 51]LogWindowsTextInputMethodSystem: Display: IME system now activated using TSF (Microsoft 입력기).
[2023.06.28-08.58.31:238][ 52]Cmd: QUIT_EDITOR
[2023.06.28-08.58.37:751][ 52]LogWindows: Error: === Critical error: ===
[2023.06.28-08.58.37:751][ 52]LogWindows: Error: 
[2023.06.28-08.58.37:751][ 52]LogWindows: Error: Fatal error!
[2023.06.28-08.58.37:751][ 52]LogWindows: Error: 
[2023.06.28-08.58.37:751][ 52]LogWindows: Error: Unhandled Exception: EXCEPTION_ACCESS_VIOLATION reading address 0x00000000
[2023.06.28-08.58.37:751][ 52]LogWindows: Error: 
[2023.06.28-08.58.37:751][ 52]LogWindows: Error: [Callstack] 0x00007fff6ff97146 msctf.dll!UnknownFunction []
[2023.06.28-08.58.37:751][ 52]LogWindows: Error: [Callstack] 0x00007fff6ff91a72 msctf.dll!UnknownFunction []
[2023.06.28-08.58.37:751][ 52]LogWindows: Error: [Callstack] 0x00007fff6ff8b8e2 msctf.dll!UnknownFunction []
[2023.06.28-08.58.37:751][ 52]LogWindows: Error: [Callstack] 0x00007fff6ff8701e msctf.dll!UnknownFunction []
[2023.06.28-08.58.37:751][ 52]LogWindows: Error: [Callstack] 0x00007fff6ff8c6b1 msctf.dll!UnknownFunction []
[2023.06.28-08.58.37:751][ 52]LogWindows: Error: [Callstack] 0x00007fff6ff8c4ef msctf.dll!UnknownFunction []
[2023.06.28-08.58.37:751][ 52]LogWindows: Error: [Callstack] 0x00007fff6f6e2af2 IMM32.dll!UnknownFunction []
[2023.06.28-08.58.37:751][ 52]LogWindows: Error: [Callstack] 0x00007fff6f6e8418 IMM32.dll!UnknownFunction []
[2023.06.28-08.58.37:751][ 52]LogWindows: Error: [Callstack] 0x00007fff6ff8cb94 msctf.dll!UnknownFunction []
[2023.06.28-08.58.37:751][ 52]LogWindows: Error: [Callstack] 0x00007fff6ff8439b msctf.dll!UnknownFunction []
[2023.06.28-08.58.37:751][ 52]LogWindows: Error: [Callstack] 0x00007fff6ffd09ce msctf.dll!UnknownFunction []
[2023.06.28-08.58.37:751][ 52]LogWindows: Error: [Callstack] 0x00007fff6f6ea65b IMM32.dll!UnknownFunction []
[2023.06.28-08.58.37:751][ 52]LogWindows: Error: [Callstack] 0x00007fff6f6eabce IMM32.dll!UnknownFunction []
[2023.06.28-08.58.37:751][ 52]LogWindows: Error: [Callstack] 0x00007fff451cb95e UE4Editor-ApplicationCore.dll!UnknownFunction []
[2023.06.28-08.58.37:751][ 52]LogWindows: Error: [Callstack] 0x00007fff451a7ddd UE4Editor-ApplicationCore.dll!UnknownFunction []
[2023.06.28-08.58.37:751][ 52]LogWindows: Error: [Callstack] 0x00007fff451aa434 UE4Editor-ApplicationCore.dll!UnknownFunction []
[2023.06.28-08.58.37:751][ 52]LogWindows: Error: [Callstack] 0x00007fff1debbf49 UE4Editor-Slate.dll!UnknownFunction []
[2023.06.28-08.58.37:751][ 52]LogWindows: Error: [Callstack] 0x00007ff73fac4ddc UE4Editor.exe!UnknownFunction []
[2023.06.28-08.58.37:751][ 52]LogWindows: Error: [Callstack] 0x00007ff73fac59a1 UE4Editor.exe!UnknownFunction []
[2023.06.28-08.58.37:751][ 52]LogWindows: Error: [Callstack] 0x00007ff73fac59ea UE4Editor.exe!UnknownFunction []
[2023.06.28-08.58.37:751][ 52]LogWindows: Error: [Callstack] 0x00007ff73fad48da UE4Editor.exe!UnknownFunction []
[2023.06.28-08.58.37:751][ 52]LogWindows: Error: [Callstack] 0x00007ff73fad659a UE4Editor.exe!UnknownFunction []
[2023.06.28-08.58.37:751][ 52]LogWindows: Error: [Callstack] 0x00007fff6fcb26ad KERNEL32.DLL!UnknownFunction []
[2023.06.28-08.58.37:751][ 52]LogWindows: Error: [Callstack] 0x00007fff7018a9f8 ntdll.dll!UnknownFunction []
[2023.06.28-08.58.37:751][ 52]LogWindows: Error: 
[2023.06.28-08.58.37:756][ 52]LogExit: Executing StaticShutdownAfterError
[2023.06.28-08.58.37:758][ 52]LogWindows: FPlatformMisc::RequestExit(1)
[2023.06.28-08.58.37:767][ 52]Log file closed, 06/28/23 17:58:37
