Log file open, 06/30/23 10:56:58
LogWindows: Failed to load 'aqProf.dll' (GetLastError=126)
LogWindows: File 'aqProf.dll' does not exist
LogWindows: Failed to load 'VtuneApi.dll' (GetLastError=126)
LogWindows: File 'VtuneApi.dll' does not exist
LogWindows: Failed to load 'VtuneApi32e.dll' (GetLastError=126)
LogWindows: File 'VtuneApi32e.dll' does not exist
LogConsoleResponse: Display: Failed to find resolution value strings in scalability ini. Falling back to default.
LogInit: Display: Running engine for game: Hour_09
LogPakFile: Registered encryption key '00000000000000000000000000000000': 0 pak files mounted, 0 remain pending
LogPlatformFile: Not using cached read wrapper
LogTaskGraph: Started task graph with 5 named threads and 35 total threads with 3 sets of task threads.
LogStats: Stats thread started at 1.097627
LogD3D11RHI: Loaded GFSDK_Aftermath_Lib.x64.dll
LogICUInternationalization: ICU TimeZone Detection - Raw Offset: +9:00, Platform Override: ''
LogPluginManager: Mounting plugin Paper2D
LogPluginManager: Mounting plugin AISupport
LogPluginManager: Mounting plugin LightPropagationVolume
LogPluginManager: Mounting plugin ActorLayerUtilities
LogPluginManager: Mounting plugin CLionSourceCodeAccess
LogPluginManager: Mounting plugin CodeLiteSourceCodeAccess
LogPluginManager: Mounting plugin GitSourceControl
LogPluginManager: Mounting plugin KDevelopSourceCodeAccess
LogPluginManager: Mounting plugin NullSourceCodeAccess
LogPluginManager: Mounting plugin PerforceSourceControl
LogPluginManager: Mounting plugin SubversionSourceControl
LogPluginManager: Mounting plugin UObjectPlugin
LogPluginManager: Mounting plugin VisualStudioCodeSourceCodeAccess
LogPluginManager: Mounting plugin VisualStudioSourceCodeAccess
LogPluginManager: Mounting plugin XCodeSourceCodeAccess
LogPluginManager: Mounting plugin AssetManagerEditor
LogPluginManager: Mounting plugin CryptoKeys
LogPluginManager: Mounting plugin DataValidation
LogPluginManager: Mounting plugin FacialAnimation
LogPluginManager: Mounting plugin GameplayTagsEditor
LogPluginManager: Mounting plugin MacGraphicsSwitching
LogPluginManager: Mounting plugin MeshEditor
LogPluginManager: Mounting plugin MobileLauncherProfileWizard
LogPluginManager: Mounting plugin PluginBrowser
LogPluginManager: Mounting plugin SpeedTreeImporter
LogPluginManager: Mounting plugin DatasmithContent
LogPluginManager: Mounting plugin VariantManagerContent
LogPluginManager: Mounting plugin AlembicImporter
LogPluginManager: Mounting plugin AppleImageUtils
LogPluginManager: Mounting plugin AppleVision
LogPluginManager: Mounting plugin BackChannel
LogPluginManager: Mounting plugin CharacterAI
LogPluginManager: Mounting plugin GeometryCache
LogPluginManager: Mounting plugin HTML5Networking
LogPluginManager: Mounting plugin ProxyLODPlugin
LogPluginManager: Mounting plugin MagicLeap
LogPluginManager: Mounting plugin MagicLeapMedia
LogPluginManager: Mounting plugin AndroidMedia
LogPluginManager: Mounting plugin AvfMedia
LogPluginManager: Mounting plugin ImgMedia
LogPluginManager: Mounting plugin LinearTimecode
LogPluginManager: Mounting plugin MediaCompositing
LogPluginManager: Mounting plugin MediaPlayerEditor
LogPluginManager: Mounting plugin WebMMedia
LogPluginManager: Mounting plugin WmfMedia
LogPluginManager: Mounting plugin TcpMessaging
LogPluginManager: Mounting plugin UdpMessaging
LogPluginManager: Mounting plugin ActorSequence
LogPluginManager: Mounting plugin LevelSequenceEditor
LogPluginManager: Mounting plugin MatineeToLevelSequence
LogPluginManager: Mounting plugin NetcodeUnitTest
LogPluginManager: Mounting plugin NUTUnrealEngine4
LogPluginManager: Mounting plugin OnlineSubsystemGooglePlay
LogPluginManager: Mounting plugin OnlineSubsystemIOS
LogPluginManager: Mounting plugin OnlineSubsystem
LogPluginManager: Mounting plugin OnlineSubsystemNull
LogPluginManager: Mounting plugin OnlineSubsystemUtils
LogPluginManager: Mounting plugin LauncherChunkInstaller
LogPluginManager: Mounting plugin AndroidDeviceProfileSelector
LogPluginManager: Mounting plugin AndroidMoviePlayer
LogPluginManager: Mounting plugin AndroidPermission
LogPluginManager: Mounting plugin AppleMoviePlayer
LogPluginManager: Mounting plugin ArchVisCharacter
LogPluginManager: Mounting plugin AudioCapture
LogPluginManager: Mounting plugin CableComponent
LogPluginManager: Mounting plugin CustomMeshComponent
LogPluginManager: Mounting plugin EditableMesh
LogPluginManager: Mounting plugin ExampleDeviceProfileSelector
LogPluginManager: Mounting plugin Firebase
LogPluginManager: Mounting plugin GoogleCloudMessaging
LogPluginManager: Mounting plugin IOSDeviceProfileSelector
LogPluginManager: Mounting plugin LinuxDeviceProfileSelector
LogPluginManager: Mounting plugin LocationServicesBPLibrary
LogPluginManager: Mounting plugin MobilePatchingUtils
LogPluginManager: Mounting plugin OculusVR
LogPluginManager: Mounting plugin PhysXVehicles
LogPluginManager: Mounting plugin ProceduralMeshComponent
LogPluginManager: Mounting plugin RuntimePhysXCooking
LogPluginManager: Mounting plugin SteamVR
LogPluginManager: Mounting plugin WebMMoviePlayer
LogPluginManager: Mounting plugin WindowsMoviePlayer
LogStreaming: Display: Took  0.474s to configure plugins.
LogInit: Using libcurl 7.55.1-DEV
LogInit:  - built for x86_64-pc-win32
LogInit:  - supports SSL with OpenSSL/1.0.2h
LogInit:  - supports HTTP deflate (compression) using libz 1.2.8
LogInit:  - other features:
LogInit:      CURL_VERSION_SSL
LogInit:      CURL_VERSION_LIBZ
LogInit:      CURL_VERSION_IPV6
LogInit:      CURL_VERSION_ASYNCHDNS
LogInit:      CURL_VERSION_LARGEFILE
LogInit:      CURL_VERSION_IDN
LogInit:  CurlRequestOptions (configurable via config and command line):
LogInit:  - bVerifyPeer = true  - Libcurl will verify peer certificate
LogInit:  - bUseHttpProxy = false  - Libcurl will NOT use HTTP proxy
LogInit:  - bDontReuseConnections = false  - Libcurl will reuse connections
LogInit:  - MaxHostConnections = 16  - Libcurl will limit the number of connections to a host
LogInit:  - LocalHostAddr = Default
LogInit:  - BufferSize = 65536
LogInit: WinSock: version 1.1 (2.2), MaxSocks=32767, MaxUdp=65467
LogInit: Build: ++UE4+Release-4.21-CL-4753647
LogInit: Engine Version: 4.21.2-4753647+++UE4+Release-4.21
LogInit: Compatible Engine Version: 4.21.0-4541578+++UE4+Release-4.21
LogInit: Net CL: 4541578
LogInit: OS: Windows 10 (), CPU: Intel(R) Core(TM) i7-8750H CPU @ 2.20GHz, GPU: Intel(R) UHD Graphics 630
LogInit: Compiled (64-bit): Jan 19 2019 02:07:31
LogInit: Compiled with Visual C++: 19.13.26129.00
LogInit: Build Configuration: Development
LogInit: Branch Name: ++UE4+Release-4.21
LogInit: Command Line:  -EpicPortal -epicusername=mdc_HAPPY -epicuserid=c49c3256390546089380b1b73475d0fb -epiclocale=ko -epicsandboxid=ue
LogInit: Base Directory: D:/UE_4.21/Engine/Binaries/Win64/
LogInit: Installed Engine Build: 1
LogDevObjectVersion: Number of dev versions registered: 22
LogDevObjectVersion:   Dev-Blueprints (B0D832E4-1F89-4F0D-ACCF-7EB736FD4AA2): 10
LogDevObjectVersion:   Dev-Build (E1C64328-A22C-4D53-A36C-8E866417BD8C): 0
LogDevObjectVersion:   Dev-Core (375EC13C-06E4-48FB-B500-84F0262A717E): 2
LogDevObjectVersion:   Dev-Editor (E4B068ED-F494-42E9-A231-DA0B2E46BB41): 26
LogDevObjectVersion:   Dev-Framework (CFFC743F-43B0-4480-9391-14DF171D2073): 34
LogDevObjectVersion:   Dev-Mobile (B02B49B5-BB20-44E9-A304-32B752E40360): 2
LogDevObjectVersion:   Dev-Networking (A4E4105C-59A1-49B5-A7C5-40C4547EDFEE): 0
LogDevObjectVersion:   Dev-Online (39C831C9-5AE6-47DC-9A44-9C173E1C8E7C): 0
LogDevObjectVersion:   Dev-Physics (78F01B33-EBEA-4F98-B9B4-84EACCB95AA2): 0
LogDevObjectVersion:   Dev-Platform (6631380F-2D4D-43E0-8009-CF276956A95A): 0
LogDevObjectVersion:   Dev-Rendering (12F88B9F-8875-4AFC-A67C-D90C383ABD29): 27
LogDevObjectVersion:   Dev-Sequencer (7B5AE74C-D270-4C10-A958-57980B212A5A): 9
LogDevObjectVersion:   Dev-VR (D7296918-1DD6-4BDD-9DE2-64A83CC13884): 2
LogDevObjectVersion:   Dev-LoadTimes (C2A15278-BFE7-4AFE-6C17-90FF531DF755): 1
LogDevObjectVersion:   Private-Geometry (6EACA3D4-40EC-4CC1-B786-8BED09428FC5): 3
LogDevObjectVersion:   Dev-AnimPhys (29E575DD-E0A3-4627-9D10-D276232CDCEA): 17
LogDevObjectVersion:   Dev-Anim (AF43A65D-7FD3-4947-9873-3E8ED9C1BB05): 2
LogDevObjectVersion:   Dev-ReflectionCapture (6B266CEC-1EC7-4B8F-A30B-E4D90942FC07): 1
LogDevObjectVersion:   Dev-Automation (0DF73D61-A23F-47EA-B727-89E90C41499A): 1
LogDevObjectVersion:   FortniteMain (601D1886-AC64-4F84-AA16-D3DE0DEAC7D6): 17
LogDevObjectVersion:   Dev-Enterprise (9DFFBCD6-494F-0158-E221-12823C92A888): 4
LogDevObjectVersion:   Dev-Niagara (F2AED0AC-9AFE-416F-8664-AA7FFA26D6FC): 1
LogStreaming: Display: Took  0.001s to delete old logs.
LogInit: Presizing for max 8388607 objects, including 0 objects not considered by GC, pre-allocating 0 bytes for permanent pool.
LogInit: Object subsystem initialized
LogConfig: Setting CVar [[con.DebugEarlyDefault:1]]
LogConfig: Setting CVar [[r.setres:1280x720]]
[2023.06.30-01.56.59:999][  0]LogConfig: Setting CVar [[r.VSync:0]]
[2023.06.30-01.56.59:999][  0]LogConfig: Setting CVar [[r.RHICmdBypass:0]]
[2023.06.30-01.56.59:999][  0]LogConfig: Applying CVar settings from Section [/Script/Engine.RendererSettings] File [C:/Users/MDC/Downloads/hour_09/Hour_09/Saved/Config/Windows/Engine.ini]
[2023.06.30-01.56.59:999][  0]LogConfig: Setting CVar [[r.GPUCrashDebugging:0]]
[2023.06.30-01.56.59:999][  0]LogConfig: Setting CVar [[r.MobileHDR:1]]
[2023.06.30-01.56.59:999][  0]LogConfig: Setting CVar [[r.AllowOcclusionQueries:1]]
[2023.06.30-01.56.59:999][  0]LogConfig: Setting CVar [[r.MinScreenRadiusForLights:0.030000]]
[2023.06.30-01.56.59:999][  0]LogConfig: Setting CVar [[r.MinScreenRadiusForDepthPrepass:0.030000]]
[2023.06.30-01.56.59:999][  0]LogConfig: Setting CVar [[r.PrecomputedVisibilityWarning:0]]
[2023.06.30-01.56.59:999][  0]LogConfig: Setting CVar [[r.TextureStreaming:1]]
[2023.06.30-01.56.59:999][  0]LogConfig: Setting CVar [[Compat.UseDXT5NormalMaps:0]]
[2023.06.30-01.56.59:999][  0]LogConfig: Setting CVar [[r.AllowStaticLighting:1]]
[2023.06.30-01.56.59:999][  0]LogConfig: Setting CVar [[r.NormalMapsForStaticLighting:0]]
[2023.06.30-01.56.59:999][  0]LogConfig: Setting CVar [[r.GenerateMeshDistanceFields:0]]
[2023.06.30-01.56.59:999][  0]LogConfig: Setting CVar [[r.GenerateLandscapeGIData:1]]
[2023.06.30-01.56.59:999][  0]LogConfig: Setting CVar [[r.TessellationAdaptivePixelsPerTriangle:48.000000]]
[2023.06.30-01.56.59:999][  0]LogConfig: Setting CVar [[r.SeparateTranslucency:1]]
[2023.06.30-01.56.59:999][  0]LogConfig: Setting CVar [[r.TranslucentSortPolicy:0]]
[2023.06.30-01.56.59:999][  0]LogConfig: Setting CVar [[r.CustomDepth:1]]
[2023.06.30-01.56.59:999][  0]LogConfig: Setting CVar [[r.DefaultFeature.Bloom:1]]
[2023.06.30-01.56.59:999][  0]LogConfig: Setting CVar [[r.DefaultFeature.AmbientOcclusion:1]]
[2023.06.30-01.56.59:999][  0]LogConfig: Setting CVar [[r.DefaultFeature.AmbientOcclusionStaticFraction:1]]
[2023.06.30-01.56.59:999][  0]LogConfig: Setting CVar [[r.DefaultFeature.AutoExposure:1]]
[2023.06.30-01.56.59:999][  0]LogConfig: Setting CVar [[r.DefaultFeature.MotionBlur:1]]
[2023.06.30-01.56.59:999][  0]LogConfig: Setting CVar [[r.DefaultFeature.LensFlare:1]]
[2023.06.30-01.56.59:999][  0]LogConfig: Setting CVar [[r.DefaultFeature.AntiAliasing:2]]
[2023.06.30-01.56.59:999][  0]LogConfig: Setting CVar [[r.EarlyZPass:3]]
[2023.06.30-01.56.59:999][  0]LogConfig: Setting CVar [[r.EarlyZPassMovable:0]]
[2023.06.30-01.56.59:999][  0]LogConfig: Setting CVar [[r.DBuffer:0]]
[2023.06.30-01.56.59:999][  0]LogConfig: Setting CVar [[r.ClearSceneMethod:1]]
[2023.06.30-01.56.59:999][  0]LogConfig: Setting CVar [[r.BasePassOutputsVelocity:0]]
[2023.06.30-01.56.59:999][  0]LogConfig: Setting CVar [[r.WireframeCullThreshold:5.000000]]
[2023.06.30-01.56.59:999][  0]LogConfig: Applying CVar settings from Section [/Script/Engine.RendererOverrideSettings] File [C:/Users/MDC/Downloads/hour_09/Hour_09/Saved/Config/Windows/Engine.ini]
[2023.06.30-01.56.59:999][  0]LogConfig: Applying CVar settings from Section [/Script/Engine.StreamingSettings] File [C:/Users/MDC/Downloads/hour_09/Hour_09/Saved/Config/Windows/Engine.ini]
[2023.06.30-01.56.59:999][  0]LogConfig: Setting CVar [[s.MinBulkDataSizeForAsyncLoading:131072]]
[2023.06.30-01.56.59:999][  0]LogConfig: Setting CVar [[s.AsyncLoadingThreadEnabled:0]]
[2023.06.30-01.56.59:999][  0]LogConfig: Setting CVar [[s.EventDrivenLoaderEnabled:1]]
[2023.06.30-01.56.59:999][  0]LogConfig: Setting CVar [[s.WarnIfTimeLimitExceeded:0]]
[2023.06.30-01.56.59:999][  0]LogConfig: Setting CVar [[s.TimeLimitExceededMultiplier:1.5]]
[2023.06.30-01.56.59:999][  0]LogConfig: Setting CVar [[s.TimeLimitExceededMinTime:0.005]]
[2023.06.30-01.56.59:999][  0]LogConfig: Setting CVar [[s.UseBackgroundLevelStreaming:1]]
[2023.06.30-01.57.00:001][  0]LogConfig: Setting CVar [[s.PriorityAsyncLoadingExtraTime:15.0]]
[2023.06.30-01.57.00:001][  0]LogConfig: Setting CVar [[s.LevelStreamingActorsUpdateTimeLimit:5.0]]
[2023.06.30-01.57.00:001][  0]LogConfig: Setting CVar [[s.PriorityLevelStreamingActorsUpdateExtraTime:5.0]]
[2023.06.30-01.57.00:001][  0]LogConfig: Setting CVar [[s.LevelStreamingComponentsRegistrationGranularity:10]]
[2023.06.30-01.57.00:001][  0]LogConfig: Setting CVar [[s.UnregisterComponentsTimeLimit:1.0]]
[2023.06.30-01.57.00:001][  0]LogConfig: Setting CVar [[s.LevelStreamingComponentsUnregistrationGranularity:5]]
[2023.06.30-01.57.00:001][  0]LogConfig: Applying CVar settings from Section [/Script/Engine.GarbageCollectionSettings] File [C:/Users/MDC/Downloads/hour_09/Hour_09/Saved/Config/Windows/Engine.ini]
[2023.06.30-01.57.00:001][  0]LogConfig: Setting CVar [[gc.MaxObjectsNotConsideredByGC:1]]
[2023.06.30-01.57.00:001][  0]LogConfig: Setting CVar [[gc.SizeOfPermanentObjectPool:0]]
[2023.06.30-01.57.00:001][  0]LogConfig: Setting CVar [[gc.FlushStreamingOnGC:0]]
[2023.06.30-01.57.00:001][  0]LogConfig: Setting CVar [[gc.NumRetriesBeforeForcingGC:10]]
[2023.06.30-01.57.00:001][  0]LogConfig: Setting CVar [[gc.AllowParallelGC:1]]
[2023.06.30-01.57.00:001][  0]LogConfig: Setting CVar [[gc.TimeBetweenPurgingPendingKillObjects:61.1]]
[2023.06.30-01.57.00:001][  0]LogConfig: Setting CVar [[gc.MaxObjectsInEditor:8388607]]
[2023.06.30-01.57.00:001][  0]LogConfig: Setting CVar [[gc.IncrementalBeginDestroyEnabled:1]]
[2023.06.30-01.57.00:001][  0]LogConfig: Setting CVar [[gc.CreateGCClusters:1]]
[2023.06.30-01.57.00:001][  0]LogConfig: Setting CVar [[gc.MergeGCClusters:0]]
[2023.06.30-01.57.00:001][  0]LogConfig: Setting CVar [[gc.MinGCClusterSize:5]]
[2023.06.30-01.57.00:001][  0]LogConfig: Setting CVar [[gc.ActorClusteringEnabled:0]]
[2023.06.30-01.57.00:001][  0]LogConfig: Setting CVar [[gc.BlueprintClusteringEnabled:0]]
[2023.06.30-01.57.00:001][  0]LogConfig: Setting CVar [[gc.UseDisregardForGCOnDedicatedServers:0]]
[2023.06.30-01.57.00:001][  0]LogConfig: Applying CVar settings from Section [/Script/Engine.NetworkSettings] File [C:/Users/MDC/Downloads/hour_09/Hour_09/Saved/Config/Windows/Engine.ini]
[2023.06.30-01.57.00:001][  0]LogConfig: Applying CVar settings from Section [/Script/UnrealEd.CookerSettings] File [C:/Users/MDC/Downloads/hour_09/Hour_09/Saved/Config/Windows/Engine.ini]
[2023.06.30-01.57.00:005][  0]LogConfig: Applying CVar settings from Section [ViewDistanceQuality@3] File [C:/Users/MDC/Downloads/hour_09/Hour_09/Saved/Config/Windows/Scalability.ini]
[2023.06.30-01.57.00:005][  0]LogConfig: Setting CVar [[r.SkeletalMeshLODBias:0]]
[2023.06.30-01.57.00:005][  0]LogConfig: Setting CVar [[r.ViewDistanceScale:1.0]]
[2023.06.30-01.57.00:005][  0]LogConfig: Applying CVar settings from Section [AntiAliasingQuality@3] File [C:/Users/MDC/Downloads/hour_09/Hour_09/Saved/Config/Windows/Scalability.ini]
[2023.06.30-01.57.00:005][  0]LogConfig: Setting CVar [[r.PostProcessAAQuality:4]]
[2023.06.30-01.57.00:005][  0]LogConfig: Applying CVar settings from Section [ShadowQuality@3] File [C:/Users/MDC/Downloads/hour_09/Hour_09/Saved/Config/Windows/Scalability.ini]
[2023.06.30-01.57.00:005][  0]LogConfig: Setting CVar [[r.LightFunctionQuality:1]]
[2023.06.30-01.57.00:005][  0]LogConfig: Setting CVar [[r.ShadowQuality:5]]
[2023.06.30-01.57.00:005][  0]LogConfig: Setting CVar [[r.Shadow.CSM.MaxCascades:10]]
[2023.06.30-01.57.00:005][  0]LogConfig: Setting CVar [[r.Shadow.MaxResolution:2048]]
[2023.06.30-01.57.00:005][  0]LogConfig: Setting CVar [[r.Shadow.MaxCSMResolution:2048]]
[2023.06.30-01.57.00:005][  0]LogConfig: Setting CVar [[r.Shadow.RadiusThreshold:0.01]]
[2023.06.30-01.57.00:005][  0]LogConfig: Setting CVar [[r.Shadow.DistanceScale:1.0]]
[2023.06.30-01.57.00:005][  0]LogConfig: Setting CVar [[r.Shadow.CSM.TransitionScale:1.0]]
[2023.06.30-01.57.00:005][  0]LogConfig: Setting CVar [[r.Shadow.PreShadowResolutionFactor:1.0]]
[2023.06.30-01.57.00:005][  0]LogConfig: Setting CVar [[r.DistanceFieldShadowing:1]]
[2023.06.30-01.57.00:005][  0]LogConfig: Setting CVar [[r.DistanceFieldAO:1]]
[2023.06.30-01.57.00:005][  0]LogConfig: Setting CVar [[r.AOQuality:2]]
[2023.06.30-01.57.00:005][  0]LogConfig: Setting CVar [[r.VolumetricFog:1]]
[2023.06.30-01.57.00:005][  0]LogConfig: Setting CVar [[r.VolumetricFog.GridPixelSize:8]]
[2023.06.30-01.57.00:005][  0]LogConfig: Setting CVar [[r.VolumetricFog.GridSizeZ:128]]
[2023.06.30-01.57.00:005][  0]LogConfig: Setting CVar [[r.VolumetricFog.HistoryMissSupersampleCount:4]]
[2023.06.30-01.57.00:005][  0]LogConfig: Setting CVar [[r.LightMaxDrawDistanceScale:1]]
[2023.06.30-01.57.00:005][  0]LogConfig: Setting CVar [[r.CapsuleShadows:1]]
[2023.06.30-01.57.00:005][  0]LogConfig: Applying CVar settings from Section [PostProcessQuality@3] File [C:/Users/MDC/Downloads/hour_09/Hour_09/Saved/Config/Windows/Scalability.ini]
[2023.06.30-01.57.00:005][  0]LogConfig: Setting CVar [[r.MotionBlurQuality:4]]
[2023.06.30-01.57.00:005][  0]LogConfig: Setting CVar [[r.AmbientOcclusionMipLevelFactor:0.4]]
[2023.06.30-01.57.00:006][  0]LogConfig: Setting CVar [[r.AmbientOcclusionMaxQuality:100]]
[2023.06.30-01.57.00:006][  0]LogConfig: Setting CVar [[r.AmbientOcclusionLevels:-1]]
[2023.06.30-01.57.00:006][  0]LogConfig: Setting CVar [[r.AmbientOcclusionRadiusScale:1.0]]
[2023.06.30-01.57.00:006][  0]LogConfig: Setting CVar [[r.DepthOfFieldQuality:2]]
[2023.06.30-01.57.00:006][  0]LogConfig: Setting CVar [[r.RenderTargetPoolMin:400]]
[2023.06.30-01.57.00:006][  0]LogConfig: Setting CVar [[r.LensFlareQuality:2]]
[2023.06.30-01.57.00:006][  0]LogConfig: Setting CVar [[r.SceneColorFringeQuality:1]]
[2023.06.30-01.57.00:006][  0]LogConfig: Setting CVar [[r.EyeAdaptationQuality:2]]
[2023.06.30-01.57.00:006][  0]LogConfig: Setting CVar [[r.BloomQuality:5]]
[2023.06.30-01.57.00:006][  0]LogConfig: Setting CVar [[r.FastBlurThreshold:100]]
[2023.06.30-01.57.00:006][  0]LogConfig: Setting CVar [[r.Upscale.Quality:3]]
[2023.06.30-01.57.00:006][  0]LogConfig: Setting CVar [[r.Tonemapper.GrainQuantization:1]]
[2023.06.30-01.57.00:006][  0]LogConfig: Setting CVar [[r.LightShaftQuality:1]]
[2023.06.30-01.57.00:006][  0]LogConfig: Setting CVar [[r.Filter.SizeScale:1]]
[2023.06.30-01.57.00:006][  0]LogConfig: Setting CVar [[r.Tonemapper.Quality:5]]
[2023.06.30-01.57.00:006][  0]LogConfig: Setting CVar [[r.DOF.Gather.AccumulatorQuality:1        ; higher gathering accumulator quality]]
[2023.06.30-01.57.00:006][  0]LogConfig: Setting CVar [[r.DOF.Gather.PostfilterMethod:1          ; Median3x3 postfilering method]]
[2023.06.30-01.57.00:006][  0]LogConfig: Setting CVar [[r.DOF.Gather.EnableBokehSettings:0       ; no bokeh simulation when gathering]]
[2023.06.30-01.57.00:006][  0]LogConfig: Setting CVar [[r.DOF.Gather.RingCount:4                 ; medium number of samples when gathering]]
[2023.06.30-01.57.00:006][  0]LogConfig: Setting CVar [[r.DOF.Scatter.ForegroundCompositing:1    ; additive foreground scattering]]
[2023.06.30-01.57.00:006][  0]LogConfig: Setting CVar [[r.DOF.Scatter.BackgroundCompositing:2    ; additive background scattering]]
[2023.06.30-01.57.00:006][  0]LogConfig: Setting CVar [[r.DOF.Scatter.EnableBokehSettings:1      ; bokeh simulation when scattering]]
[2023.06.30-01.57.00:006][  0]LogConfig: Setting CVar [[r.DOF.Scatter.MaxSpriteRatio:0.1         ; only a maximum of 10% of scattered bokeh]]
[2023.06.30-01.57.00:006][  0]LogConfig: Setting CVar [[r.DOF.Recombine.Quality:1                ; cheap slight out of focus]]
[2023.06.30-01.57.00:006][  0]LogConfig: Setting CVar [[r.DOF.Recombine.EnableBokehSettings:0    ; no bokeh simulation on slight out of focus]]
[2023.06.30-01.57.00:006][  0]LogConfig: Setting CVar [[r.DOF.TemporalAAQuality:1                ; more stable temporal accumulation]]
[2023.06.30-01.57.00:006][  0]LogConfig: Setting CVar [[r.DOF.Kernel.MaxForegroundRadius:0.025]]
[2023.06.30-01.57.00:006][  0]LogConfig: Setting CVar [[r.DOF.Kernel.MaxBackgroundRadius:0.025]]
[2023.06.30-01.57.00:006][  0]LogConfig: Applying CVar settings from Section [TextureQuality@3] File [C:/Users/MDC/Downloads/hour_09/Hour_09/Saved/Config/Windows/Scalability.ini]
[2023.06.30-01.57.00:006][  0]LogConfig: Setting CVar [[r.Streaming.MipBias:0]]
[2023.06.30-01.57.00:006][  0]LogConfig: Setting CVar [[r.Streaming.AmortizeCPUToGPUCopy:0]]
[2023.06.30-01.57.00:006][  0]LogConfig: Setting CVar [[r.Streaming.MaxNumTexturesToStreamPerFrame:0]]
[2023.06.30-01.57.00:006][  0]LogConfig: Setting CVar [[r.Streaming.Boost:1]]
[2023.06.30-01.57.00:006][  0]LogConfig: Setting CVar [[r.MaxAnisotropy:8]]
[2023.06.30-01.57.00:006][  0]LogConfig: Setting CVar [[r.Streaming.LimitPoolSizeToVRAM:0]]
[2023.06.30-01.57.00:006][  0]LogConfig: Setting CVar [[r.Streaming.PoolSize:1000]]
[2023.06.30-01.57.00:006][  0]LogConfig: Setting CVar [[r.Streaming.MaxEffectiveScreenSize:0]]
[2023.06.30-01.57.00:006][  0]LogConfig: Applying CVar settings from Section [EffectsQuality@3] File [C:/Users/MDC/Downloads/hour_09/Hour_09/Saved/Config/Windows/Scalability.ini]
[2023.06.30-01.57.00:006][  0]LogConfig: Setting CVar [[r.TranslucencyLightingVolumeDim:64]]
[2023.06.30-01.57.00:006][  0]LogConfig: Setting CVar [[r.RefractionQuality:2]]
[2023.06.30-01.57.00:006][  0]LogConfig: Setting CVar [[r.SSR.Quality:3]]
[2023.06.30-01.57.00:006][  0]LogConfig: Setting CVar [[r.SceneColorFormat:4]]
[2023.06.30-01.57.00:006][  0]LogConfig: Setting CVar [[r.DetailMode:2]]
[2023.06.30-01.57.00:006][  0]LogConfig: Setting CVar [[r.TranslucencyVolumeBlur:1]]
[2023.06.30-01.57.00:006][  0]LogConfig: Setting CVar [[r.MaterialQualityLevel:1 ; High quality]]
[2023.06.30-01.57.00:006][  0]LogConfig: Setting CVar [[r.SSS.Scale:1]]
[2023.06.30-01.57.00:006][  0]LogConfig: Setting CVar [[r.SSS.SampleSet:2]]
[2023.06.30-01.57.00:006][  0]LogConfig: Setting CVar [[r.SSS.Quality:1]]
[2023.06.30-01.57.00:006][  0]LogConfig: Setting CVar [[r.SSS.HalfRes:1]]
[2023.06.30-01.57.00:006][  0]LogConfig: Setting CVar [[r.EmitterSpawnRateScale:1.0]]
[2023.06.30-01.57.00:006][  0]LogConfig: Setting CVar [[r.ParticleLightQuality:2]]
[2023.06.30-01.57.00:007][  0]LogConfig: Applying CVar settings from Section [FoliageQuality@3] File [C:/Users/MDC/Downloads/hour_09/Hour_09/Saved/Config/Windows/Scalability.ini]
[2023.06.30-01.57.00:007][  0]LogConfig: Setting CVar [[foliage.DensityScale:1.0]]
[2023.06.30-01.57.00:007][  0]LogConfig: Setting CVar [[grass.DensityScale:1.0]]
[2023.06.30-01.57.00:007][  0]LogInit: Selected Device Profile: [Windows]
[2023.06.30-01.57.00:007][  0]LogInit: Applying CVar settings loaded from the selected device profile: [Windows]
[2023.06.30-01.57.00:040][  0]LogHAL: Display: Platform has ~ 16 GB [17016332288 / 17179869184 / 16], which maps to Larger [LargestMinGB=32, LargerMinGB=12, DefaultMinGB=8, SmallerMinGB=6, SmallestMinGB=0)
[2023.06.30-01.57.00:040][  0]LogConfig: Setting CVar [[r.Vulkan.UseRealUBs:1]]
[2023.06.30-01.57.00:040][  0]LogInit: Going up to parent DeviceProfile []
[2023.06.30-01.57.00:040][  0]LogConfig: Applying CVar settings from Section [ViewDistanceQuality@3] File [C:/Users/MDC/Downloads/hour_09/Hour_09/Saved/Config/Windows/Scalability.ini]
[2023.06.30-01.57.00:040][  0]LogConfig: Setting CVar [[r.SkeletalMeshLODBias:0]]
[2023.06.30-01.57.00:040][  0]LogConfig: Setting CVar [[r.ViewDistanceScale:1.0]]
[2023.06.30-01.57.00:040][  0]LogConfig: Applying CVar settings from Section [AntiAliasingQuality@3] File [C:/Users/MDC/Downloads/hour_09/Hour_09/Saved/Config/Windows/Scalability.ini]
[2023.06.30-01.57.00:040][  0]LogConfig: Setting CVar [[r.PostProcessAAQuality:4]]
[2023.06.30-01.57.00:040][  0]LogConfig: Applying CVar settings from Section [ShadowQuality@3] File [C:/Users/MDC/Downloads/hour_09/Hour_09/Saved/Config/Windows/Scalability.ini]
[2023.06.30-01.57.00:040][  0]LogConfig: Setting CVar [[r.LightFunctionQuality:1]]
[2023.06.30-01.57.00:040][  0]LogConfig: Setting CVar [[r.ShadowQuality:5]]
[2023.06.30-01.57.00:040][  0]LogConfig: Setting CVar [[r.Shadow.CSM.MaxCascades:10]]
[2023.06.30-01.57.00:040][  0]LogConfig: Setting CVar [[r.Shadow.MaxResolution:2048]]
[2023.06.30-01.57.00:040][  0]LogConfig: Setting CVar [[r.Shadow.MaxCSMResolution:2048]]
[2023.06.30-01.57.00:040][  0]LogConfig: Setting CVar [[r.Shadow.RadiusThreshold:0.01]]
[2023.06.30-01.57.00:040][  0]LogConfig: Setting CVar [[r.Shadow.DistanceScale:1.0]]
[2023.06.30-01.57.00:040][  0]LogConfig: Setting CVar [[r.Shadow.CSM.TransitionScale:1.0]]
[2023.06.30-01.57.00:040][  0]LogConfig: Setting CVar [[r.Shadow.PreShadowResolutionFactor:1.0]]
[2023.06.30-01.57.00:040][  0]LogConfig: Setting CVar [[r.DistanceFieldShadowing:1]]
[2023.06.30-01.57.00:040][  0]LogConfig: Setting CVar [[r.DistanceFieldAO:1]]
[2023.06.30-01.57.00:040][  0]LogConfig: Setting CVar [[r.AOQuality:2]]
[2023.06.30-01.57.00:040][  0]LogConfig: Setting CVar [[r.VolumetricFog:1]]
[2023.06.30-01.57.00:040][  0]LogConfig: Setting CVar [[r.VolumetricFog.GridPixelSize:8]]
[2023.06.30-01.57.00:040][  0]LogConfig: Setting CVar [[r.VolumetricFog.GridSizeZ:128]]
[2023.06.30-01.57.00:040][  0]LogConfig: Setting CVar [[r.VolumetricFog.HistoryMissSupersampleCount:4]]
[2023.06.30-01.57.00:040][  0]LogConfig: Setting CVar [[r.LightMaxDrawDistanceScale:1]]
[2023.06.30-01.57.00:041][  0]LogConfig: Setting CVar [[r.CapsuleShadows:1]]
[2023.06.30-01.57.00:041][  0]LogConfig: Applying CVar settings from Section [PostProcessQuality@3] File [C:/Users/MDC/Downloads/hour_09/Hour_09/Saved/Config/Windows/Scalability.ini]
[2023.06.30-01.57.00:041][  0]LogConfig: Setting CVar [[r.MotionBlurQuality:4]]
[2023.06.30-01.57.00:041][  0]LogConfig: Setting CVar [[r.AmbientOcclusionMipLevelFactor:0.4]]
[2023.06.30-01.57.00:041][  0]LogConfig: Setting CVar [[r.AmbientOcclusionMaxQuality:100]]
[2023.06.30-01.57.00:041][  0]LogConfig: Setting CVar [[r.AmbientOcclusionLevels:-1]]
[2023.06.30-01.57.00:041][  0]LogConfig: Setting CVar [[r.AmbientOcclusionRadiusScale:1.0]]
[2023.06.30-01.57.00:041][  0]LogConfig: Setting CVar [[r.DepthOfFieldQuality:2]]
[2023.06.30-01.57.00:041][  0]LogConfig: Setting CVar [[r.RenderTargetPoolMin:400]]
[2023.06.30-01.57.00:041][  0]LogConfig: Setting CVar [[r.LensFlareQuality:2]]
[2023.06.30-01.57.00:041][  0]LogConfig: Setting CVar [[r.SceneColorFringeQuality:1]]
[2023.06.30-01.57.00:041][  0]LogConfig: Setting CVar [[r.EyeAdaptationQuality:2]]
[2023.06.30-01.57.00:041][  0]LogConfig: Setting CVar [[r.BloomQuality:5]]
[2023.06.30-01.57.00:041][  0]LogConfig: Setting CVar [[r.FastBlurThreshold:100]]
[2023.06.30-01.57.00:041][  0]LogConfig: Setting CVar [[r.Upscale.Quality:3]]
[2023.06.30-01.57.00:041][  0]LogConfig: Setting CVar [[r.Tonemapper.GrainQuantization:1]]
[2023.06.30-01.57.00:041][  0]LogConfig: Setting CVar [[r.LightShaftQuality:1]]
[2023.06.30-01.57.00:041][  0]LogConfig: Setting CVar [[r.Filter.SizeScale:1]]
[2023.06.30-01.57.00:041][  0]LogConfig: Setting CVar [[r.Tonemapper.Quality:5]]
[2023.06.30-01.57.00:041][  0]LogConfig: Setting CVar [[r.DOF.Gather.AccumulatorQuality:1        ; higher gathering accumulator quality]]
[2023.06.30-01.57.00:041][  0]LogConfig: Setting CVar [[r.DOF.Gather.PostfilterMethod:1          ; Median3x3 postfilering method]]
[2023.06.30-01.57.00:041][  0]LogConfig: Setting CVar [[r.DOF.Gather.EnableBokehSettings:0       ; no bokeh simulation when gathering]]
[2023.06.30-01.57.00:041][  0]LogConfig: Setting CVar [[r.DOF.Gather.RingCount:4                 ; medium number of samples when gathering]]
[2023.06.30-01.57.00:041][  0]LogConfig: Setting CVar [[r.DOF.Scatter.ForegroundCompositing:1    ; additive foreground scattering]]
[2023.06.30-01.57.00:041][  0]LogConfig: Setting CVar [[r.DOF.Scatter.BackgroundCompositing:2    ; additive background scattering]]
[2023.06.30-01.57.00:041][  0]LogConfig: Setting CVar [[r.DOF.Scatter.EnableBokehSettings:1      ; bokeh simulation when scattering]]
[2023.06.30-01.57.00:041][  0]LogConfig: Setting CVar [[r.DOF.Scatter.MaxSpriteRatio:0.1         ; only a maximum of 10% of scattered bokeh]]
[2023.06.30-01.57.00:041][  0]LogConfig: Setting CVar [[r.DOF.Recombine.Quality:1                ; cheap slight out of focus]]
[2023.06.30-01.57.00:041][  0]LogConfig: Setting CVar [[r.DOF.Recombine.EnableBokehSettings:0    ; no bokeh simulation on slight out of focus]]
[2023.06.30-01.57.00:041][  0]LogConfig: Setting CVar [[r.DOF.TemporalAAQuality:1                ; more stable temporal accumulation]]
[2023.06.30-01.57.00:041][  0]LogConfig: Setting CVar [[r.DOF.Kernel.MaxForegroundRadius:0.025]]
[2023.06.30-01.57.00:041][  0]LogConfig: Setting CVar [[r.DOF.Kernel.MaxBackgroundRadius:0.025]]
[2023.06.30-01.57.00:041][  0]LogConfig: Applying CVar settings from Section [TextureQuality@3] File [C:/Users/MDC/Downloads/hour_09/Hour_09/Saved/Config/Windows/Scalability.ini]
[2023.06.30-01.57.00:041][  0]LogConfig: Setting CVar [[r.Streaming.MipBias:0]]
[2023.06.30-01.57.00:041][  0]LogConfig: Setting CVar [[r.Streaming.AmortizeCPUToGPUCopy:0]]
[2023.06.30-01.57.00:041][  0]LogConfig: Setting CVar [[r.Streaming.MaxNumTexturesToStreamPerFrame:0]]
[2023.06.30-01.57.00:041][  0]LogConfig: Setting CVar [[r.Streaming.Boost:1]]
[2023.06.30-01.57.00:041][  0]LogConfig: Setting CVar [[r.MaxAnisotropy:8]]
[2023.06.30-01.57.00:041][  0]LogConfig: Setting CVar [[r.Streaming.LimitPoolSizeToVRAM:0]]
[2023.06.30-01.57.00:041][  0]LogConfig: Setting CVar [[r.Streaming.PoolSize:1000]]
[2023.06.30-01.57.00:041][  0]LogConfig: Setting CVar [[r.Streaming.MaxEffectiveScreenSize:0]]
[2023.06.30-01.57.00:041][  0]LogConfig: Applying CVar settings from Section [EffectsQuality@3] File [C:/Users/MDC/Downloads/hour_09/Hour_09/Saved/Config/Windows/Scalability.ini]
[2023.06.30-01.57.00:041][  0]LogConfig: Setting CVar [[r.TranslucencyLightingVolumeDim:64]]
[2023.06.30-01.57.00:041][  0]LogConfig: Setting CVar [[r.RefractionQuality:2]]
[2023.06.30-01.57.00:041][  0]LogConfig: Setting CVar [[r.SSR.Quality:3]]
[2023.06.30-01.57.00:041][  0]LogConfig: Setting CVar [[r.SceneColorFormat:4]]
[2023.06.30-01.57.00:041][  0]LogConfig: Setting CVar [[r.DetailMode:2]]
[2023.06.30-01.57.00:041][  0]LogConfig: Setting CVar [[r.TranslucencyVolumeBlur:1]]
[2023.06.30-01.57.00:041][  0]LogConfig: Setting CVar [[r.MaterialQualityLevel:1 ; High quality]]
[2023.06.30-01.57.00:041][  0]LogConfig: Setting CVar [[r.SSS.Scale:1]]
[2023.06.30-01.57.00:041][  0]LogConfig: Setting CVar [[r.SSS.SampleSet:2]]
[2023.06.30-01.57.00:041][  0]LogConfig: Setting CVar [[r.SSS.Quality:1]]
[2023.06.30-01.57.00:041][  0]LogConfig: Setting CVar [[r.SSS.HalfRes:1]]
[2023.06.30-01.57.00:041][  0]LogConfig: Setting CVar [[r.EmitterSpawnRateScale:1.0]]
[2023.06.30-01.57.00:041][  0]LogConfig: Setting CVar [[r.ParticleLightQuality:2]]
[2023.06.30-01.57.00:041][  0]LogConfig: Applying CVar settings from Section [FoliageQuality@3] File [C:/Users/MDC/Downloads/hour_09/Hour_09/Saved/Config/Windows/Scalability.ini]
[2023.06.30-01.57.00:041][  0]LogConfig: Setting CVar [[foliage.DensityScale:1.0]]
[2023.06.30-01.57.00:041][  0]LogConfig: Setting CVar [[grass.DensityScale:1.0]]
[2023.06.30-01.57.00:041][  0]LogConfig: Applying CVar settings from Section [Startup] File [../../../Engine/Config/ConsoleVariables.ini]
[2023.06.30-01.57.00:042][  0]LogConfig: Setting CVar [[net.UseAdaptiveNetUpdateFrequency:0]]
[2023.06.30-01.57.00:042][  0]LogConfig: Applying CVar settings from Section [ConsoleVariables] File [C:/Users/MDC/Downloads/hour_09/Hour_09/Saved/Config/Windows/Engine.ini]
[2023.06.30-01.57.00:042][  0]LogInit: Computer: DESKTOP-FVBURUN
[2023.06.30-01.57.00:042][  0]LogInit: User: MDC
[2023.06.30-01.57.00:042][  0]LogInit: CPU Page size=4096, Cores=6
[2023.06.30-01.57.00:042][  0]LogInit: High frequency timer resolution =10.000000 MHz
[2023.06.30-01.57.00:042][  0]LogMemory: Memory total: Physical=15.8GB (16GB approx)
[2023.06.30-01.57.00:042][  0]LogMemory: Platform Memory Stats for Windows
[2023.06.30-01.57.00:042][  0]LogMemory: Process Physical Memory: 105.68 MB used, 105.68 MB peak
[2023.06.30-01.57.00:042][  0]LogMemory: Process Virtual Memory: 86.24 MB used, 86.24 MB peak
[2023.06.30-01.57.00:042][  0]LogMemory: Physical Memory: 9262.79 MB used,  6965.25 MB free, 16228.04 MB total
[2023.06.30-01.57.00:042][  0]LogMemory: Virtual Memory: 4655.84 MB used,  134213072.00 MB free, 134217728.00 MB total
[2023.06.30-01.57.00:106][  0]LogInit: Using OS detected language (ko-KR).
[2023.06.30-01.57.00:106][  0]LogInit: Using OS detected locale (ko-KR).
[2023.06.30-01.57.00:107][  0]LogTextLocalizationManager: No specific localization for 'ko-KR' exists, so the 'ko' localization will be used.
[2023.06.30-01.57.00:636][  0]LogStreaming: Display: Took  0.529s to InitEngineTextLocalization.
[2023.06.30-01.57.00:636][  0]LogInit: Setting process to per monitor DPI aware
[2023.06.30-01.57.00:710][  0]LogSlate: New Slate User Created.  User Index 0, Is Virtual User: 0
[2023.06.30-01.57.00:710][  0]LogSlate: Slate User Registered.  User Index 0, Is Virtual User: 0
[2023.06.30-01.57.04:683][  0]LogHMD: Failed to initialize OpenVR with code 110
[2023.06.30-01.57.04:683][  0]LogD3D11RHI: D3D11 adapters:
[2023.06.30-01.57.04:892][  0]LogD3D11RHI:    0. 'NVIDIA GeForce GTX 1060' (Feature Level 11_0)
[2023.06.30-01.57.04:892][  0]LogD3D11RHI:       6043/0/8114 MB DedicatedVideo/DedicatedSystem/SharedSystem, Outputs:1, VendorId:0x10de
[2023.06.30-01.57.04:924][  0]LogD3D11RHI:    1. 'Intel(R) UHD Graphics 630' (Feature Level 11_0)
[2023.06.30-01.57.04:924][  0]LogD3D11RHI:       128/0/8114 MB DedicatedVideo/DedicatedSystem/SharedSystem, Outputs:0, VendorId:0x8086
[2023.06.30-01.57.04:928][  0]LogD3D11RHI:    2. 'Microsoft Basic Render Driver' (Feature Level 11_0)
[2023.06.30-01.57.04:928][  0]LogD3D11RHI:       0/0/8114 MB DedicatedVideo/DedicatedSystem/SharedSystem, Outputs:0, VendorId:0x1414
[2023.06.30-01.57.04:928][  0]LogD3D11RHI: Chosen D3D11 Adapter: 0
[2023.06.30-01.57.04:936][  0]LogD3D11RHI: Creating new Direct3DDevice
[2023.06.30-01.57.04:936][  0]LogD3D11RHI:     GPU DeviceId: 0x1c20 (for the marketing name, search the web for "GPU Device Id")
[2023.06.30-01.57.04:936][  0]LogWindows: EnumDisplayDevices:
[2023.06.30-01.57.04:936][  0]LogWindows:    0. 'Intel(R) UHD Graphics 630' (P:1 D:1)
[2023.06.30-01.57.04:936][  0]LogWindows:    1. 'Intel(R) UHD Graphics 630' (P:0 D:0)
[2023.06.30-01.57.04:937][  0]LogWindows:    2. 'Intel(R) UHD Graphics 630' (P:0 D:0)
[2023.06.30-01.57.04:937][  0]LogWindows:    3. 'NVIDIA GeForce GTX 1060' (P:0 D:0)
[2023.06.30-01.57.04:937][  0]LogWindows:    4. 'NVIDIA GeForce GTX 1060' (P:0 D:0)
[2023.06.30-01.57.04:937][  0]LogWindows:    5. 'NVIDIA GeForce GTX 1060' (P:0 D:0)
[2023.06.30-01.57.04:937][  0]LogWindows:    6. 'NVIDIA GeForce GTX 1060' (P:0 D:0)
[2023.06.30-01.57.04:937][  0]LogWindows: DebugString: PrimaryIsNotTheChoosenAdapter PrimaryIsNotTheChoosenAdapter PrimaryIsNotTheChoosenAdapter FoundDriverCount:4 
[2023.06.30-01.57.04:938][  0]LogD3D11RHI:     Adapter Name: NVIDIA GeForce GTX 1060
[2023.06.30-01.57.04:938][  0]LogD3D11RHI:   Driver Version: 535.98 (internal:31.0.15.3598, unified:535.98)
[2023.06.30-01.57.04:938][  0]LogD3D11RHI:      Driver Date: 5-24-2023
[2023.06.30-01.57.04:938][  0]LogRHI: Texture pool is 4230 MB (70% of 6043 MB)
[2023.06.30-01.57.05:022][  0]LogD3D11RHI: Async texture creation enabled
[2023.06.30-01.57.05:042][  0]LogD3D11RHI: GPU Timing Frequency: 1000.000000 (Debug: 2 1)
[2023.06.30-01.57.05:922][  0]LogTemp: Display: Loaded TP AllDesktopTargetPlatform
[2023.06.30-01.57.05:937][  0]LogTemp: Display: Loaded TP MacClientTargetPlatform
[2023.06.30-01.57.05:957][  0]LogTemp: Display: Loaded TP MacNoEditorTargetPlatform
[2023.06.30-01.57.05:972][  0]LogTemp: Display: Loaded TP MacServerTargetPlatform
[2023.06.30-01.57.06:017][  0]LogTemp: Display: Loaded TP MacTargetPlatform
[2023.06.30-01.57.06:036][  0]LogTemp: Display: Loaded TP WindowsClientTargetPlatform
[2023.06.30-01.57.06:055][  0]LogTemp: Display: Loaded TP WindowsNoEditorTargetPlatform
[2023.06.30-01.57.06:079][  0]LogTemp: Display: Loaded TP WindowsServerTargetPlatform
[2023.06.30-01.57.06:088][  0]LogTemp: Display: Loaded TP WindowsTargetPlatform
[2023.06.30-01.57.06:187][  0]LogTemp: Display: Loaded TP AndroidTargetPlatform
[2023.06.30-01.57.06:187][  0]LogTemp: Display: Loaded TP AndroidTargetPlatform
[2023.06.30-01.57.06:187][  0]LogTemp: Display: Loaded TP AndroidTargetPlatform
[2023.06.30-01.57.06:187][  0]LogTemp: Display: Loaded TP AndroidTargetPlatform
[2023.06.30-01.57.06:187][  0]LogTemp: Display: Loaded TP AndroidTargetPlatform
[2023.06.30-01.57.06:187][  0]LogTemp: Display: Loaded TP AndroidTargetPlatform
[2023.06.30-01.57.06:187][  0]LogTemp: Display: Loaded TP AndroidTargetPlatform
[2023.06.30-01.57.06:187][  0]LogTemp: Display: Loaded TP AndroidTargetPlatform
[2023.06.30-01.57.06:187][  0]LogTemp: Display: Loaded TP AndroidTargetPlatform
[2023.06.30-01.57.06:187][  0]LogTemp: Display: Loaded TP AndroidTargetPlatform
[2023.06.30-01.57.06:187][  0]LogTemp: Display: Loaded TP AndroidTargetPlatform
[2023.06.30-01.57.06:187][  0]LogTemp: Display: Loaded TP AndroidTargetPlatform
[2023.06.30-01.57.06:187][  0]LogTemp: Display: Loaded TP AndroidTargetPlatform
[2023.06.30-01.57.06:187][  0]LogTemp: Display: Loaded TP AndroidTargetPlatform
[2023.06.30-01.57.06:187][  0]LogTemp: Display: Loaded TP AndroidTargetPlatform
[2023.06.30-01.57.06:187][  0]LogTemp: Display: Loaded TP AndroidTargetPlatform
[2023.06.30-01.57.06:187][  0]LogTemp: Display: Loaded TP AndroidTargetPlatform
[2023.06.30-01.57.06:187][  0]LogTemp: Display: Loaded TP AndroidTargetPlatform
[2023.06.30-01.57.06:188][  0]LogTemp: Display: Loaded TP HTML5TargetPlatform
[2023.06.30-01.57.06:249][  0]LogTemp: Display: Loaded TP IOSTargetPlatform
[2023.06.30-01.57.06:249][  0]LogTemp: Display: Loaded TP IOSTargetPlatform
[2023.06.30-01.57.06:277][  0]LogTemp: Display: Loaded TP TVOSTargetPlatform
[2023.06.30-01.57.06:277][  0]LogTemp: Display: Loaded TP TVOSTargetPlatform
[2023.06.30-01.57.06:296][  0]LogTemp: Display: Loaded TP LinuxClientTargetPlatform
[2023.06.30-01.57.06:309][  0]LogTemp: Display: Loaded TP LinuxNoEditorTargetPlatform
[2023.06.30-01.57.06:321][  0]LogTemp: Display: Loaded TP LinuxServerTargetPlatform
[2023.06.30-01.57.06:346][  0]LogTemp: Display: Loaded TP LinuxTargetPlatform
[2023.06.30-01.57.06:394][  0]LogTemp: Display: Loaded TP LuminTargetPlatform
[2023.06.30-01.57.06:394][  0]LogTemp: Display: Loaded TP LuminTargetPlatform
[2023.06.30-01.57.06:394][  0]LogTargetPlatformManager: Display: Building Assets For Windows
[2023.06.30-01.57.06:437][  0]LogShaderCompilers: Guid format shader working directory is 6 characters bigger than the processId version (C:/Users/MDC/Downloads/hour_09/Hour_09/Intermediate/Shaders/WorkingDirectory/5612/).
[2023.06.30-01.57.06:437][  0]LogShaderCompilers: Cleaned the shader compiler working directory 'C:/Users/MDC/AppData/Local/Temp/UnrealShaderWorkingDir/851836E6418E2DEAC03A26B293097680/'.
[2023.06.30-01.57.06:438][  0]LogXGEController: Cannot use XGE Controller as Incredibuild is not installed on this machine.
[2023.06.30-01.57.06:438][  0]LogShaderCompilers: Cannot use XGE Shader Compiler as Incredibuild is not installed on this machine.
[2023.06.30-01.57.06:438][  0]LogShaderCompilers: Display: Using Local Shader Compiler.
[2023.06.30-01.57.11:674][  0]LogDerivedDataCache: Display: Max Cache Size: 512 MB
[2023.06.30-01.57.11:804][  0]LogDerivedDataCache: Loaded boot cache 0.13s 84MB C:/Users/MDC/AppData/Local/UnrealEngine/4.21/DerivedDataCache/Boot.ddc.
[2023.06.30-01.57.11:805][  0]LogDerivedDataCache: Display: Loaded Boot cache: C:/Users/MDC/AppData/Local/UnrealEngine/4.21/DerivedDataCache/Boot.ddc
[2023.06.30-01.57.11:805][  0]LogDerivedDataCache: FDerivedDataBackendGraph:  Pak pak cache file C:/Users/MDC/Downloads/hour_09/Hour_09/DerivedDataCache/DDC.ddp not found, will not use a pak cache.
[2023.06.30-01.57.11:805][  0]LogDerivedDataCache: Unable to find inner node Pak for hierarchical cache Hierarchy.
[2023.06.30-01.57.11:805][  0]LogDerivedDataCache: FDerivedDataBackendGraph:  CompressedPak pak cache file C:/Users/MDC/Downloads/hour_09/Hour_09/DerivedDataCache/Compressed.ddp not found, will not use a pak cache.
[2023.06.30-01.57.11:805][  0]LogDerivedDataCache: Unable to find inner node CompressedPak for hierarchical cache Hierarchy.
[2023.06.30-01.57.11:849][  0]LogDerivedDataCache: Display: Pak cache opened for reading ../../../Engine/DerivedDataCache/Compressed.ddp.
[2023.06.30-01.57.11:849][  0]LogDerivedDataCache: FDerivedDataBackendGraph:  EnterprisePak pak cache file ../../../Enterprise/DerivedDataCache/Compressed.ddp not found, will not use a pak cache.
[2023.06.30-01.57.11:849][  0]LogDerivedDataCache: Unable to find inner node EnterprisePak for hierarchical cache Hierarchy.
[2023.06.30-01.57.11:866][  0]LogDerivedDataCache: Using Local data cache path C:/Users/MDC/AppData/Local/UnrealEngine/Common/DerivedDataCache: Writable
[2023.06.30-01.57.11:866][  0]LogDerivedDataCache: Shared data cache path not found in *engine.ini, will not use an Shared cache.
[2023.06.30-01.57.11:866][  0]LogDerivedDataCache: Unable to find inner node Shared for hierarchical cache Hierarchy.
[2023.06.30-01.57.11:922][  0]LogMaterial: Verifying Global Shaders for PCD3D_SM5
[2023.06.30-01.57.11:925][  0]LogSlate: Using FreeType 2.6.0
[2023.06.30-01.57.11:926][  0]LogSlate: SlateFontServices - WITH_FREETYPE: 1, WITH_HARFBUZZ: 1
[2023.06.30-01.57.12:066][  0]LogAssetRegistry: FAssetRegistry took 0.0559 seconds to start up
[2023.06.30-01.57.12:810][  0]LogInit: Selected Device Profile: [Windows]
[2023.06.30-01.57.13:216][  0]LogSimplygon: Simplygon DLL not present - disabling.
[2023.06.30-01.57.13:226][  0]LogMeshReduction: Using SimplygonSwarm for distributed automatic mesh merging
[2023.06.30-01.57.13:226][  0]LogMeshReduction: Using ProxyLODMeshReduction for automatic mesh merging
[2023.06.30-01.57.13:226][  0]LogMeshReduction: Using QuadricMeshReduction for automatic static mesh reduction
[2023.06.30-01.57.13:226][  0]LogMeshReduction: No automatic skeletal mesh reduction module available
[2023.06.30-01.57.13:544][  0]LogNetVersion: Hour_09 1.0.0, NetCL: 4541578, EngineNetVer: 5, GameNetVer: 0 (Checksum: 3713339633)
[2023.06.30-01.57.15:731][  0]LogPackageLocalizationCache: Processed 11 localized package path(s) for 2 prioritized culture(s) in 0.198221 seconds
[2023.06.30-01.57.15:746][  0]LogUObjectArray: 39775 objects as part of root set at end of initial load.
[2023.06.30-01.57.15:746][  0]LogUObjectAllocator: 6914664 out of 0 bytes used by permanent object pool.
[2023.06.30-01.57.15:746][  0]LogUObjectArray: CloseDisregardForGC: 0/0 objects in disregard for GC pool
[2023.06.30-01.57.17:268][  0]LogTcpMessaging: Initializing TcpMessaging bridge
[2023.06.30-01.57.17:297][  0]LogUdpMessaging: Initializing bridge on interface 0.0.0.0:0 to multicast group 230.0.0.1:6666.
[2023.06.30-01.57.18:281][  0]SourceControl: 소스 컨트롤이 꺼졌습니다.
[2023.06.30-01.57.18:281][  0]SourceControl: 소스 컨트롤이 꺼졌습니다.
[2023.06.30-01.57.18:282][  0]SourceControl: 소스 컨트롤이 꺼졌습니다.
[2023.06.30-01.57.18:283][  0]SourceControl: 소스 컨트롤이 꺼졌습니다.
[2023.06.30-01.57.18:522][  0]LogAndroidPermission: UAndroidPermissionCallbackProxy::GetInstance
[2023.06.30-01.57.18:628][  0]LogOcInput: OculusInput pre-init called
[2023.06.30-01.57.18:963][  0]LogEngine: Initializing Engine...
[2023.06.30-01.57.18:965][  0]LogHMD: Failed to initialize OpenVR with code 110
[2023.06.30-01.57.18:968][  0]LogStats: UGameplayTagsManager::ConstructGameplayTagTree: ImportINI prefixes -  0.000 s
[2023.06.30-01.57.18:968][  0]LogStats: UGameplayTagsManager::ConstructGameplayTagTree: Construct from data asset -  0.000 s
[2023.06.30-01.57.18:968][  0]LogStats: UGameplayTagsManager::ConstructGameplayTagTree: ImportINI -  0.000 s
[2023.06.30-01.57.18:968][  0]LogStats: UGameplayTagsManager::ConstructGameplayTagTree: GameplayTagTreeChangedEvent.Broadcast -  0.000 s
[2023.06.30-01.57.19:558][  0]LogInit: Initializing FReadOnlyCVARCache
[2023.06.30-01.57.19:572][  0]LogAIModule: Creating AISystem for world Untitled
[2023.06.30-01.57.19:615][  0]LogInit: XAudio2 using '스피커(Realtek(R) Audio)' : 2 channels at 48 kHz using 32 bits per sample (channel mask 0x3)
[2023.06.30-01.57.19:701][  0]LogInit: FAudioDevice initialized.
[2023.06.30-01.57.19:701][  0]LogNetVersion: Set ProjectVersion to 1.0.0.0. Version Checksum will be recalculated on next use.
[2023.06.30-01.57.19:712][  0]LogDerivedDataCache: Error: Could not save memory cache C:/Users/MDC/AppData/Local/UnrealEngine/4.21/DerivedDataCache/Boot.ddc.
[2023.06.30-01.57.19:720][  0]LogInit: Texture streaming: Enabled
[2023.06.30-01.57.19:734][  0]LogEngineSessionManager: EngineSessionManager initialized
[2023.06.30-01.57.19:745][  0]LogInit: Transaction tracking system initialized
[2023.06.30-01.57.19:762][  0]BlueprintLog: New page: 에디터 로드
[2023.06.30-01.57.19:815][  0]LocalizationService: 현지화 서비스가 비활성화되었습니다.
[2023.06.30-01.57.20:820][  0]LogFileCache: Scanning file cache for directory 'C:/Users/MDC/Downloads/hour_09/Hour_09/Content/' took 0.01s
[2023.06.30-01.57.20:820][  0]LogCook: Display: Max memory allowance for cook 16384mb min free memory 0mb
[2023.06.30-01.57.20:820][  0]LogCook: Display: Mobile HDR setting 1
[2023.06.30-01.57.20:820][  0]LogGameplayTags: Display: UGameplayTagsManager::DoneAddingNativeTags. DelegateIsBound: 0
[2023.06.30-01.57.20:820][  0]LogStats: UGameplayTagsManager::ConstructGameplayTagTree: ImportINI prefixes -  0.000 s
[2023.06.30-01.57.20:820][  0]LogStats: UGameplayTagsManager::ConstructGameplayTagTree: Construct from data asset -  0.000 s
[2023.06.30-01.57.20:820][  0]LogStats: UGameplayTagsManager::ConstructGameplayTagTree: ImportINI -  0.000 s
[2023.06.30-01.57.20:820][  0]LogStats: UGameplayTagsManager::ConstructGameplayTagTree: GameplayTagTreeChangedEvent.Broadcast -  0.000 s
[2023.06.30-01.57.20:920][  0]SourceControl: 소스 컨트롤이 꺼졌습니다.
[2023.06.30-01.57.20:920][  0]Cmd: MAP LOAD FILE="C:/Users/MDC/Downloads/hour_09/Hour_09/Content/Maps/PostProcessing.umap" TEMPLATE=0 SHOWPROGRESS=1 FEATURELEVEL=3
[2023.06.30-01.57.20:920][  0]LightingResults: New page: 라이팅 빌드
[2023.06.30-01.57.20:922][  0]MapCheck: New page: 맵 체크
[2023.06.30-01.57.20:922][  0]LightingResults: New page: 라이팅 빌드
[2023.06.30-01.57.21:648][  0]LogAIModule: Creating AISystem for world PostProcessing
[2023.06.30-01.57.21:664][  0]LogMaterial: Warning: Material /Game/StarterContent/Props/Materials/M_MaterialSphere_Plain.M_MaterialSphere_Plain needed to have new flag set bUsedWithStaticLighting !
[2023.06.30-01.57.21:803][  0]LogMaterial: Display: Missing cached shader map for material M_MaterialSphere_Plain, compiling. 
[2023.06.30-01.57.21:939][  0]MapCheck: Warning: M_MaterialSphere_Plain /Game/StarterContent/Props/Materials/M_MaterialSphere_Plain.M_MaterialSphere_Plain 머티리얼이 bUsedWithStaticLighting 사용 플래그에 빠져있었습니다. 머티리얼 애셋이 재저장되지 않은 경우, 에디터 밖에서 실행시 제대로 렌더링되지 않을 수 있습니다. 픽스
[2023.06.30-01.57.21:939][  0]LogMaterial: Warning: Material /Game/StarterContent/Props/Materials/M_MaterialSphere.M_MaterialSphere needed to have new flag set bUsedWithStaticLighting !
[2023.06.30-01.57.21:944][  0]LogShaderCompilers: Display: Shaders left to compile 31
[2023.06.30-01.57.21:944][  0]LogShaderCompilers: Display: Shaders left to compile 21
[2023.06.30-01.57.21:944][  0]LogShaderCompilers: Display: Shaders left to compile 11
[2023.06.30-01.57.21:944][  0]LogShaderCompilers: Display: Shaders left to compile 1
[2023.06.30-01.57.21:944][  0]LogMaterial: Display: Missing cached shader map for material M_MaterialSphere, compiling. 
[2023.06.30-01.57.21:976][  0]MapCheck: Warning: M_MaterialSphere /Game/StarterContent/Props/Materials/M_MaterialSphere.M_MaterialSphere 머티리얼이 bUsedWithStaticLighting 사용 플래그에 빠져있었습니다. 머티리얼 애셋이 재저장되지 않은 경우, 에디터 밖에서 실행시 제대로 렌더링되지 않을 수 있습니다. 픽스
[2023.06.30-01.57.21:992][  0]LogEditorServer: Finished looking for orphan Actors (0.000 secs)
[2023.06.30-01.57.22:030][  0]Cmd: MAP CHECKDEP NOCLEARLOG
[2023.06.30-01.57.22:030][  0]MapCheck: 맵 체크 완료: 오류 0 회, 경고 2 회, 소요 시간 0.322ms.
[2023.06.30-01.57.22:040][  0]LogFileHelpers: Loading map 'PostProcessing' took 1.120
[2023.06.30-01.57.22:143][  0]LogSlate: Updating window title bar state: overlay mode, drag disabled, window buttons hidden, title bar hidden
[2023.06.30-01.57.22:152][  0]LogSlate: Updating window title bar state: overlay mode, drag disabled, window buttons hidden, title bar hidden
[2023.06.30-01.57.22:165][  0]LogSlate: Updating window title bar state: overlay mode, drag disabled, window buttons hidden, title bar hidden
[2023.06.30-01.57.22:175][  0]LogSlate: Updating window title bar state: overlay mode, drag disabled, window buttons hidden, title bar hidden
[2023.06.30-01.57.22:181][  0]LogCollectionManager: Loaded 0 collections in 0.001039 seconds
[2023.06.30-01.57.22:221][  0]LogFileCache: Scanning file cache for directory 'C:/Users/MDC/Downloads/hour_09/Hour_09/Saved/Collections/' took 0.01s
[2023.06.30-01.57.22:222][  0]LogFileCache: Scanning file cache for directory 'C:/Users/MDC/Downloads/hour_09/Hour_09/Content/Developers/MDC/Collections/' took 0.01s
[2023.06.30-01.57.22:222][  0]LogFileCache: Scanning file cache for directory 'C:/Users/MDC/Downloads/hour_09/Hour_09/Content/Collections/' took 0.01s
[2023.06.30-01.57.22:222][  0]LogCollectionManager: Rebuilt the GUID cache for 0 collections in 0.000001 seconds
[2023.06.30-01.57.22:239][  0]LogContentBrowser: Native class hierarchy populated in 0.0169 seconds. Added 2651 classes and 620 folders.
[2023.06.30-01.57.22:249][  0]LogShaderCompilers: Display: Shaders left to compile 31
[2023.06.30-01.57.22:249][  0]LogShaderCompilers: Display: Shaders left to compile 21
[2023.06.30-01.57.22:249][  0]LogShaderCompilers: Display: Shaders left to compile 11
[2023.06.30-01.57.22:249][  0]LogShaderCompilers: Display: Shaders left to compile 1
[2023.06.30-01.57.22:249][  0]LogContentBrowser: Native class hierarchy updated for 'WidgetCarousel' in 0.0004 seconds. Added 0 classes and 0 folders.
[2023.06.30-01.57.22:252][  0]LogPakFile: Registered encryption key '00000000000000000000000000000000': 0 pak files mounted, 0 remain pending
[2023.06.30-01.57.22:252][  0]LogPakFile: Registered encryption key '00000000000000000000000000000000': 0 pak files mounted, 0 remain pending
[2023.06.30-01.57.22:253][  0]LogPakFile: Registered encryption key '00000000000000000000000000000000': 0 pak files mounted, 0 remain pending
[2023.06.30-01.57.22:254][  0]LogPakFile: Registered encryption key '00000000000000000000000000000000': 0 pak files mounted, 0 remain pending
[2023.06.30-01.57.22:255][  0]LogPakFile: Registered encryption key '00000000000000000000000000000000': 0 pak files mounted, 0 remain pending
[2023.06.30-01.57.22:256][  0]LogPakFile: Registered encryption key '00000000000000000000000000000000': 0 pak files mounted, 0 remain pending
[2023.06.30-01.57.22:257][  0]LogPakFile: Registered encryption key '00000000000000000000000000000000': 0 pak files mounted, 0 remain pending
[2023.06.30-01.57.22:258][  0]LogPakFile: Registered encryption key '00000000000000000000000000000000': 0 pak files mounted, 0 remain pending
[2023.06.30-01.57.22:258][  0]LogPakFile: Registered encryption key '00000000000000000000000000000000': 0 pak files mounted, 0 remain pending
[2023.06.30-01.57.22:260][  0]LogPakFile: Registered encryption key '00000000000000000000000000000000': 0 pak files mounted, 0 remain pending
[2023.06.30-01.57.22:261][  0]LogPakFile: Registered encryption key '00000000000000000000000000000000': 0 pak files mounted, 0 remain pending
[2023.06.30-01.57.22:261][  0]LogPakFile: Registered encryption key '00000000000000000000000000000000': 0 pak files mounted, 0 remain pending
[2023.06.30-01.57.22:262][  0]LogPakFile: Registered encryption key '00000000000000000000000000000000': 0 pak files mounted, 0 remain pending
[2023.06.30-01.57.22:263][  0]LogPakFile: Registered encryption key '00000000000000000000000000000000': 0 pak files mounted, 0 remain pending
[2023.06.30-01.57.22:264][  0]LogPakFile: Registered encryption key '00000000000000000000000000000000': 0 pak files mounted, 0 remain pending
[2023.06.30-01.57.22:264][  0]LogPakFile: Registered encryption key '00000000000000000000000000000000': 0 pak files mounted, 0 remain pending
[2023.06.30-01.57.22:265][  0]LogPakFile: Registered encryption key '00000000000000000000000000000000': 0 pak files mounted, 0 remain pending
[2023.06.30-01.57.22:266][  0]LogPakFile: Registered encryption key '00000000000000000000000000000000': 0 pak files mounted, 0 remain pending
[2023.06.30-01.57.22:267][  0]LogPakFile: Registered encryption key '00000000000000000000000000000000': 0 pak files mounted, 0 remain pending
[2023.06.30-01.57.22:267][  0]LogPakFile: Registered encryption key '00000000000000000000000000000000': 0 pak files mounted, 0 remain pending
[2023.06.30-01.57.22:268][  0]LogPakFile: Registered encryption key '00000000000000000000000000000000': 0 pak files mounted, 0 remain pending
[2023.06.30-01.57.22:268][  0]LogPakFile: Registered encryption key '00000000000000000000000000000000': 0 pak files mounted, 0 remain pending
[2023.06.30-01.57.22:269][  0]LogPakFile: Registered encryption key '00000000000000000000000000000000': 0 pak files mounted, 0 remain pending
[2023.06.30-01.57.22:270][  0]LogPakFile: Registered encryption key '00000000000000000000000000000000': 0 pak files mounted, 0 remain pending
[2023.06.30-01.57.22:270][  0]LogPakFile: Registered encryption key '00000000000000000000000000000000': 0 pak files mounted, 0 remain pending
[2023.06.30-01.57.22:272][  0]LogPakFile: Registered encryption key '00000000000000000000000000000000': 0 pak files mounted, 0 remain pending
[2023.06.30-01.57.22:302][  0]LogContentBrowser: Native class hierarchy updated for 'AddContentDialog' in 0.0003 seconds. Added 0 classes and 0 folders.
[2023.06.30-01.57.22:308][  0]LogContentBrowser: Native class hierarchy updated for 'SceneOutliner' in 0.0004 seconds. Added 1 classes and 2 folders.
[2023.06.30-01.57.22:449][  0]LogSlate: Took 0.000127 seconds to synchronously load lazily loaded font '../../../Engine/Content/Slate/Fonts/Roboto-Regular.ttf' (155K)
[2023.06.30-01.57.22:453][  0]LogSlate: Took 0.002100 seconds to synchronously load lazily loaded font '../../../Engine/Content/Editor/Slate/Fonts/NanumGothic.ttf' (4243K)
[2023.06.30-01.57.22:457][  0]LogSlate: Took 0.002693 seconds to synchronously load lazily loaded font '../../../Engine/Content/Editor/Slate/Fonts/NanumGothicBold.ttf' (4188K)
[2023.06.30-01.57.22:457][  0]LogSlate: Took 0.000138 seconds to synchronously load lazily loaded font '../../../Engine/Content/Slate/Fonts/Roboto-Bold.ttf' (160K)
[2023.06.30-01.57.22:461][  0]LogSlate: Took 0.000237 seconds to synchronously load lazily loaded font '../../../Engine/Content/Editor/Slate/Fonts/FontAwesome.ttf' (139K)
[2023.06.30-01.57.22:576][  0]LogRenderer: Reallocating scene render targets to support 1208x568 Format 10 NumSamples 1 (Frame:1).
[2023.06.30-01.57.22:664][  0]LogRenderer: Warning: Gaussian DOF algorithm is deprecated and will be removed from deferred shading renderer. Consider using the Circle DOF method in post process settings.
[2023.06.30-01.57.22:702][  0]LogSlate: Took 0.004099 seconds to synchronously load lazily loaded font '../../../Engine/Content/Slate/Fonts/../../Editor/Slate/Fonts/NanumGothic.ttf' (4243K)
[2023.06.30-01.57.23:136][  0]LogContentBrowser: Native class hierarchy updated for 'HierarchicalLODOutliner' in 0.0006 seconds. Added 0 classes and 0 folders.
[2023.06.30-01.57.23:136][  0]LogLoad: (Engine Initialization) Total time: 29.23 seconds
[2023.06.30-01.57.23:136][  0]LogLoad: (Engine Initialization) Total Blueprint compile time: 0.00 seconds
[2023.06.30-01.57.23:233][  0]LogContentStreaming: Texture pool size now 1000 MB
[2023.06.30-01.57.23:264][  0]LogSlate: Took 0.000274 seconds to synchronously load lazily loaded font '../../../Engine/Content/Slate/Fonts/Roboto-Light.ttf' (167K)
[2023.06.30-01.57.23:440][  2]LogAssetRegistry: Asset discovery search completed in 11.4071 seconds
[2023.06.30-01.57.23:445][  2]LogCollectionManager: Rebuilt the object cache for 0 collections in 0.000001 seconds (found 0 objects)
[2023.06.30-01.57.23:445][  2]LogCollectionManager: Fixed up redirectors for 0 collections in 0.000132 seconds (updated 0 objects)
[2023.06.30-02.01.47:232][930]LogSlate: Window 'Hour_09 - 언리얼 에디터' being destroyed
[2023.06.30-02.01.47:689][931]Cmd: QUIT_EDITOR
[2023.06.30-02.01.47:816][931]LogExit: Preparing to exit.
[2023.06.30-02.01.48:698][931]LogExit: Editor shut down
[2023.06.30-02.01.48:699][931]LogExit: Transaction tracking system shut down
[2023.06.30-02.01.49:019][931]LogExit: Object subsystem successfully closed.
[2023.06.30-02.01.49:045][931]LogShaderCompilers: Display: Shaders left to compile 0
[2023.06.30-02.01.49:049][931]LogD3D11RHI: Shutdown
[2023.06.30-02.01.49:049][931]LogD3D11RHI: CleanupD3DDevice
[2023.06.30-02.01.49:051][931]LogD3D11RHI: ~FD3D11DynamicRHI
[2023.06.30-02.01.49:062][931]LogModuleManager: Shutting down and abandoning module HierarchicalLODOutliner (622)
[2023.06.30-02.01.49:062][931]LogModuleManager: Shutting down and abandoning module SceneOutliner (620)
[2023.06.30-02.01.49:062][931]LogModuleManager: Shutting down and abandoning module AddContentDialog (618)
[2023.06.30-02.01.49:062][931]LogModuleManager: Shutting down and abandoning module WidgetCarousel (617)
[2023.06.30-02.01.49:062][931]LogModuleManager: Shutting down and abandoning module EditorWidgets (614)
[2023.06.30-02.01.49:062][931]LogModuleManager: Shutting down and abandoning module CollectionManager (612)
[2023.06.30-02.01.49:062][931]LogModuleManager: Shutting down and abandoning module StatsViewer (610)
[2023.06.30-02.01.49:062][931]LogModuleManager: Shutting down and abandoning module FoliageEdit (608)
[2023.06.30-02.01.49:062][931]LogModuleManager: Shutting down and abandoning module LandscapeEditor (606)
[2023.06.30-02.01.49:063][931]LogModuleManager: Shutting down and abandoning module MeshPaintMode (604)
[2023.06.30-02.01.49:063][931]LogModuleManager: Shutting down and abandoning module SceneDepthPickerMode (602)
[2023.06.30-02.01.49:063][931]LogModuleManager: Shutting down and abandoning module ActorPickerMode (600)
[2023.06.30-02.01.49:063][931]LogModuleManager: Shutting down and abandoning module GeometryMode (598)
[2023.06.30-02.01.49:063][931]LogModuleManager: Shutting down and abandoning module TextureAlignMode (596)
[2023.06.30-02.01.49:063][931]LogModuleManager: Shutting down and abandoning module BspMode (594)
[2023.06.30-02.01.49:063][931]LogModuleManager: Shutting down and abandoning module PIEPreviewDeviceProfileSelector (592)
[2023.06.30-02.01.49:063][931]LogModuleManager: Shutting down and abandoning module SequenceRecorderSections (590)
[2023.06.30-02.01.49:063][931]LogModuleManager: Shutting down and abandoning module AutomationWorker (588)
[2023.06.30-02.01.49:063][931]LogModuleManager: Shutting down and abandoning module AudioCaptureEditor (586)
[2023.06.30-02.01.49:063][931]LogModuleManager: Shutting down and abandoning module MatineeToLevelSequence (584)
[2023.06.30-02.01.49:063][931]LogModuleManager: Shutting down and abandoning module LevelSequenceEditor (582)
[2023.06.30-02.01.49:063][931]LogModuleManager: Shutting down and abandoning module PlacementMode (581)
[2023.06.30-02.01.49:063][931]LogModuleManager: Shutting down and abandoning module MaterialEditor (580)
[2023.06.30-02.01.49:063][931]LogModuleManager: Shutting down and abandoning module WmfMediaFactory (576)
[2023.06.30-02.01.49:063][931]LogModuleManager: Shutting down and abandoning module WmfMediaEditor (574)
[2023.06.30-02.01.49:063][931]LogModuleManager: Shutting down and abandoning module WebMMediaFactory (572)
[2023.06.30-02.01.49:063][931]LogModuleManager: Shutting down and abandoning module WebMMediaEditor (570)
[2023.06.30-02.01.49:063][931]LogModuleManager: Shutting down and abandoning module WebMMedia (568)
[2023.06.30-02.01.49:063][931]LogModuleManager: Shutting down and abandoning module MediaPlayerEditor (566)
[2023.06.30-02.01.49:063][931]LogModuleManager: Shutting down and abandoning module MediaCompositingEditor (564)
[2023.06.30-02.01.49:063][931]LogModuleManager: Shutting down and abandoning module SequenceRecorder (563)
[2023.06.30-02.01.49:063][931]LogModuleManager: Shutting down and abandoning module OpenExrWrapper (560)
[2023.06.30-02.01.49:063][931]LogModuleManager: Shutting down and abandoning module ImgMediaFactory (558)
[2023.06.30-02.01.49:064][931]LogModuleManager: Shutting down and abandoning module ImgMediaEditor (556)
[2023.06.30-02.01.49:064][931]LogModuleManager: Shutting down and abandoning module AvfMediaFactory (554)
[2023.06.30-02.01.49:064][931]LogModuleManager: Shutting down and abandoning module AvfMediaEditor (552)
[2023.06.30-02.01.49:064][931]LogModuleManager: Shutting down and abandoning module AndroidMediaFactory (550)
[2023.06.30-02.01.49:064][931]LogModuleManager: Shutting down and abandoning module AndroidMediaEditor (548)
[2023.06.30-02.01.49:064][931]LogModuleManager: Shutting down and abandoning module MagicLeapCameraPreviewFactory (546)
[2023.06.30-02.01.49:064][931]LogModuleManager: Shutting down and abandoning module MagicLeapMediaFactory (544)
[2023.06.30-02.01.49:064][931]LogModuleManager: Shutting down and abandoning module MagicLeapMediaEditor (542)
[2023.06.30-02.01.49:064][931]LogModuleManager: Shutting down and abandoning module CharacterAI (540)
[2023.06.30-02.01.49:064][931]LogModuleManager: Shutting down and abandoning module SmartSnapping (538)
[2023.06.30-02.01.49:064][931]LogModuleManager: Shutting down and abandoning module SessionServices (536)
[2023.06.30-02.01.49:064][931]LogModuleManager: Shutting down and abandoning module ViewportSnapping (534)
[2023.06.30-02.01.49:064][931]LogModuleManager: Shutting down and abandoning module ViewportInteraction (532)
[2023.06.30-02.01.49:064][931]LogModuleManager: Shutting down and abandoning module ClothPainter (530)
[2023.06.30-02.01.49:064][931]LogModuleManager: Shutting down and abandoning module SkeletalMeshEditor (529)
[2023.06.30-02.01.49:064][931]LogModuleManager: Shutting down and abandoning module LogVisualizer (526)
[2023.06.30-02.01.49:064][931]LogModuleManager: Shutting down and abandoning module IntroTutorials (524)
[2023.06.30-02.01.49:064][931]LogModuleManager: Shutting down and abandoning module GameProjectGeneration (523)
[2023.06.30-02.01.49:064][931]LogModuleManager: Shutting down and abandoning module LuminPlatformEditor (520)
[2023.06.30-02.01.49:064][931]LogModuleManager: Shutting down and abandoning module IOSPlatformEditor (518)
[2023.06.30-02.01.49:064][931]LogModuleManager: Shutting down and abandoning module HTML5PlatformEditor (516)
[2023.06.30-02.01.49:064][931]LogModuleManager: Shutting down and abandoning module AndroidPlatformEditor (514)
[2023.06.30-02.01.49:064][931]LogModuleManager: Shutting down and abandoning module AndroidDeviceDetection (513)
[2023.06.30-02.01.49:426][931]LogModuleManager: Shutting down and abandoning module WindowsPlatformEditor (510)
[2023.06.30-02.01.49:426][931]LogModuleManager: Shutting down and abandoning module LuminRuntimeSettings (508)
[2023.06.30-02.01.49:426][931]LogModuleManager: Shutting down and abandoning module IOSRuntimeSettings (506)
[2023.06.30-02.01.49:426][931]LogModuleManager: Shutting down and abandoning module AndroidRuntimeSettings (504)
[2023.06.30-02.01.49:426][931]LogModuleManager: Shutting down and abandoning module TimeManagementEditor (502)
[2023.06.30-02.01.49:426][931]LogModuleManager: Shutting down and abandoning module InputBindingEditor (500)
[2023.06.30-02.01.49:426][931]LogModuleManager: Shutting down and abandoning module MergeActors (498)
[2023.06.30-02.01.49:426][931]LogModuleManager: Shutting down and abandoning module LocalizationDashboard (496)
[2023.06.30-02.01.49:426][931]LogModuleManager: Shutting down and abandoning module LocalizationService (495)
[2023.06.30-02.01.49:428][931]LogModuleManager: Shutting down and abandoning module HardwareTargeting (492)
[2023.06.30-02.01.49:428][931]LogModuleManager: Shutting down and abandoning module DeviceProfileEditor (490)
[2023.06.30-02.01.49:428][931]LogModuleManager: Shutting down and abandoning module UndoHistory (488)
[2023.06.30-02.01.49:428][931]LogModuleManager: Shutting down and abandoning module XmlParser (486)
[2023.06.30-02.01.49:428][931]LogModuleManager: Shutting down and abandoning module Blutility (484)
[2023.06.30-02.01.49:428][931]LogModuleManager: Shutting down and abandoning module ProjectSettingsViewer (482)
[2023.06.30-02.01.49:428][931]LogModuleManager: Shutting down and abandoning module ProjectTargetPlatformEditor (481)
[2023.06.30-02.01.49:428][931]LogModuleManager: Shutting down and abandoning module EditorSettingsViewer (478)
[2023.06.30-02.01.49:428][931]LogModuleManager: Shutting down and abandoning module SettingsEditor (476)
[2023.06.30-02.01.49:428][931]LogModuleManager: Shutting down and abandoning module ProjectLauncher (474)
[2023.06.30-02.01.49:428][931]LogModuleManager: Shutting down and abandoning module SessionFrontend (472)
[2023.06.30-02.01.49:428][931]LogModuleManager: Shutting down and abandoning module ProfilerClient (470)
[2023.06.30-02.01.49:428][931]LogModuleManager: Shutting down and abandoning module DeviceManager (468)
[2023.06.30-02.01.49:428][931]LogModuleManager: Shutting down and abandoning module TargetDeviceServices (467)
[2023.06.30-02.01.49:471][931]LogModuleManager: Shutting down and abandoning module AutomationController (464)
[2023.06.30-02.01.49:471][931]LogModuleManager: Shutting down and abandoning module AutomationWindow (462)
[2023.06.30-02.01.49:471][931]LogModuleManager: Shutting down and abandoning module Layers (460)
[2023.06.30-02.01.49:471][931]LogModuleManager: Shutting down and abandoning module ComponentVisualizers (458)
[2023.06.30-02.01.49:471][931]LogModuleManager: Shutting down and abandoning module DetailCustomizations (456)
[2023.06.30-02.01.49:471][931]LogModuleManager: Shutting down and abandoning module PackagesDialog (454)
[2023.06.30-02.01.49:471][931]LogModuleManager: Shutting down and abandoning module Persona (452)
[2023.06.30-02.01.49:471][931]LogModuleManager: Shutting down and abandoning module AdvancedPreviewScene (451)
[2023.06.30-02.01.49:471][931]LogModuleManager: Shutting down and abandoning module AnimGraph (449)
[2023.06.30-02.01.49:471][931]LogModuleManager: Shutting down and abandoning module Kismet (446)
[2023.06.30-02.01.49:472][931]LogModuleManager: Shutting down and abandoning module GraphEditor (444)
[2023.06.30-02.01.49:472][931]LogModuleManager: Shutting down and abandoning module ClassViewer (442)
[2023.06.30-02.01.49:472][931]LogModuleManager: Shutting down and abandoning module Toolbox (440)
[2023.06.30-02.01.49:472][931]LogModuleManager: Shutting down and abandoning module ModuleUI (438)
[2023.06.30-02.01.49:472][931]LogModuleManager: Shutting down and abandoning module MovieSceneTools (436)
[2023.06.30-02.01.49:472][931]LogModuleManager: Shutting down and abandoning module OutputLog (434)
[2023.06.30-02.01.49:472][931]LogModuleManager: Shutting down and abandoning module GammaUI (432)
[2023.06.30-02.01.49:472][931]LogModuleManager: Shutting down and abandoning module Documentation (430)
[2023.06.30-02.01.49:472][931]LogModuleManager: Shutting down and abandoning module MovieSceneTracks (428)
[2023.06.30-02.01.49:472][931]LogModuleManager: Shutting down and abandoning module MovieScene (426)
[2023.06.30-02.01.49:472][931]LogModuleManager: Shutting down and abandoning module StreamingPauseRendering (424)
[2023.06.30-02.01.49:472][931]LogModuleManager: Shutting down and abandoning module LauncherPlatform (422)
[2023.06.30-02.01.49:472][931]LogModuleManager: Shutting down and abandoning module AnalyticsET (420)
[2023.06.30-02.01.49:472][931]LogModuleManager: Shutting down and abandoning module PortalServices (418)
[2023.06.30-02.01.49:472][931]LogModuleManager: Shutting down and abandoning module PortalRpc (416)
[2023.06.30-02.01.49:472][931]LogModuleManager: Shutting down and abandoning module MessagingRpc (414)
[2023.06.30-02.01.49:472][931]LogModuleManager: Shutting down and abandoning module AIModule (412)
[2023.06.30-02.01.49:472][931]LogModuleManager: Shutting down and abandoning module GameplayDebugger (411)
[2023.06.30-02.01.49:472][931]LogModuleManager: Shutting down and abandoning module AITestSuite (409)
[2023.06.30-02.01.49:472][931]LogModuleManager: Shutting down and abandoning module NavigationSystem (407)
[2023.06.30-02.01.49:472][931]LogModuleManager: Shutting down and abandoning module DesktopPlatform (404)
[2023.06.30-02.01.49:472][931]LogModuleManager: Shutting down and abandoning module ImageWriteQueue (402)
[2023.06.30-02.01.49:479][931]LogModuleManager: Shutting down and abandoning module ProfilerService (400)
[2023.06.30-02.01.49:642][931]LogModuleManager: Shutting down and abandoning module TaskGraph (398)
[2023.06.30-02.01.49:643][931]LogModuleManager: Shutting down and abandoning module SteamVRController (396)
[2023.06.30-02.01.49:643][931]LogModuleManager: Shutting down and abandoning module ProceduralMeshComponentEditor (394)
[2023.06.30-02.01.49:643][931]LogModuleManager: Shutting down and abandoning module ProceduralMeshComponent (392)
[2023.06.30-02.01.49:643][931]LogModuleManager: Shutting down and abandoning module OculusInput (390)
[2023.06.30-02.01.49:643][931]LogModuleManager: Shutting down and abandoning module MobilePatchingUtils (388)
[2023.06.30-02.01.49:643][931]LogModuleManager: Shutting down and abandoning module EditableMesh (386)
[2023.06.30-02.01.49:643][931]LogModuleManager: Shutting down and abandoning module CustomMeshComponent (384)
[2023.06.30-02.01.49:643][931]LogModuleManager: Shutting down and abandoning module CableComponent (382)
[2023.06.30-02.01.49:644][931]LogModuleManager: Shutting down and abandoning module AudioCapture (380)
[2023.06.30-02.01.49:644][931]LogModuleManager: Shutting down and abandoning module ArchVisCharacter (378)
[2023.06.30-02.01.49:644][931]LogModuleManager: Shutting down and abandoning module AndroidPermission (376)
[2023.06.30-02.01.49:644][931]LogModuleManager: Shutting down and abandoning module NUTUnrealEngine4 (374)
[2023.06.30-02.01.49:644][931]LogModuleManager: Shutting down and abandoning module NetcodeUnitTest (372)
[2023.06.30-02.01.49:644][931]LogModuleManager: Shutting down and abandoning module MediaCompositing (370)
[2023.06.30-02.01.49:644][931]LogModuleManager: Shutting down and abandoning module LinearTimecode (368)
[2023.06.30-02.01.49:644][931]LogModuleManager: Shutting down and abandoning module ImgMedia (366)
[2023.06.30-02.01.49:657][931]LogModuleManager: Shutting down and abandoning module HTML5Networking (364)
[2023.06.30-02.01.49:657][931]LogModuleManager: Shutting down and abandoning module GeometryCacheTracks (362)
[2023.06.30-02.01.49:657][931]LogModuleManager: Shutting down and abandoning module GeometryCacheSequencer (360)
[2023.06.30-02.01.49:657][931]LogModuleManager: Shutting down and abandoning module BackChannel (358)
[2023.06.30-02.01.49:657][931]LogModuleManager: Shutting down and abandoning module AppleVision (356)
[2023.06.30-02.01.49:657][931]LogModuleManager: Shutting down and abandoning module AppleImageUtilsBlueprintSupport (354)
[2023.06.30-02.01.49:657][931]LogModuleManager: Shutting down and abandoning module AppleImageUtils (352)
[2023.06.30-02.01.49:657][931]LogModuleManager: Shutting down and abandoning module AlembicImporter (350)
[2023.06.30-02.01.49:657][931]LogModuleManager: Shutting down and abandoning module AlembicLibrary (349)
[2023.06.30-02.01.49:657][931]LogModuleManager: Shutting down and abandoning module GeometryCache (348)
[2023.06.30-02.01.49:657][931]LogModuleManager: Shutting down and abandoning module GeometryCacheEd (347)
[2023.06.30-02.01.49:657][931]LogModuleManager: Shutting down and abandoning module VariantManagerContent (342)
[2023.06.30-02.01.49:657][931]LogModuleManager: Shutting down and abandoning module DatasmithContentEditor (340)
[2023.06.30-02.01.49:657][931]LogModuleManager: Shutting down and abandoning module SpeedTreeImporter (338)
[2023.06.30-02.01.49:657][931]LogModuleManager: Shutting down and abandoning module PluginBrowser (336)
[2023.06.30-02.01.49:659][931]LogModuleManager: Shutting down and abandoning module MobileLauncherProfileWizard (334)
[2023.06.30-02.01.49:659][931]LogModuleManager: Shutting down and abandoning module PolygonModeling (332)
[2023.06.30-02.01.49:659][931]LogModuleManager: Shutting down and abandoning module MeshEditor (330)
[2023.06.30-02.01.49:659][931]LogModuleManager: Shutting down and abandoning module CryptoKeysOpenSSL (328)
[2023.06.30-02.01.49:659][931]LogModuleManager: Shutting down and abandoning module CryptoKeys (326)
[2023.06.30-02.01.49:659][931]LogModuleManager: Shutting down and abandoning module VisualStudioSourceCodeAccess (324)
[2023.06.30-02.01.49:659][931]LogModuleManager: Shutting down and abandoning module VisualStudioCodeSourceCodeAccess (322)
[2023.06.30-02.01.49:659][931]LogModuleManager: Shutting down and abandoning module UObjectPlugin (320)
[2023.06.30-02.01.49:659][931]LogModuleManager: Shutting down and abandoning module SubversionSourceControl (318)
[2023.06.30-02.01.49:659][931]LogModuleManager: Shutting down and abandoning module PerforceSourceControl (316)
[2023.06.30-02.01.49:659][931]LogModuleManager: Shutting down and abandoning module GitSourceControl (314)
[2023.06.30-02.01.49:659][931]LogModuleManager: Shutting down and abandoning module SourceControl (313)
[2023.06.30-02.01.49:659][931]LogModuleManager: Shutting down and abandoning module CLionSourceCodeAccess (310)
[2023.06.30-02.01.49:661][931]LogModuleManager: Shutting down and abandoning module ActorLayerUtilitiesEditor (308)
[2023.06.30-02.01.49:661][931]LogModuleManager: Shutting down and abandoning module ActorLayerUtilities (306)
[2023.06.30-02.01.49:661][931]LogModuleManager: Shutting down and abandoning module LightPropagationVolumeEditor (304)
[2023.06.30-02.01.49:661][931]LogModuleManager: Shutting down and abandoning module PaperTiledImporter (302)
[2023.06.30-02.01.49:661][931]LogModuleManager: Shutting down and abandoning module PaperSpriteSheetImporter (300)
[2023.06.30-02.01.49:661][931]LogModuleManager: Shutting down and abandoning module Paper2DEditor (298)
[2023.06.30-02.01.49:661][931]LogModuleManager: Shutting down and abandoning module MeshPaint (297)
[2023.06.30-02.01.49:661][931]LogModuleManager: Shutting down and abandoning module RuntimePhysXCooking (294)
[2023.06.30-02.01.49:661][931]LogModuleManager: Shutting down and abandoning module PhysXVehiclesEditor (292)
[2023.06.30-02.01.49:661][931]LogModuleManager: Shutting down and abandoning module PhysXVehicles (290)
[2023.06.30-02.01.49:661][931]LogModuleManager: Shutting down and abandoning module OculusEditor (288)
[2023.06.30-02.01.49:662][931]LogModuleManager: Shutting down and abandoning module LocationServicesBPLibrary (286)
[2023.06.30-02.01.49:662][931]LogModuleManager: Shutting down and abandoning module ActorSequence (284)
[2023.06.30-02.01.49:662][931]LogModuleManager: Shutting down and abandoning module UdpMessaging (282)
[2023.06.30-02.01.49:764][931]LogModuleManager: Shutting down and abandoning module TcpMessaging (280)
[2023.06.30-02.01.49:864][931]LogModuleManager: Shutting down and abandoning module MagicLeapAudio (278)
[2023.06.30-02.01.49:864][931]LogModuleManager: Shutting down and abandoning module GameplayTagsEditor (276)
[2023.06.30-02.01.49:864][931]LogModuleManager: Shutting down and abandoning module FacialAnimationEditor (274)
[2023.06.30-02.01.49:864][931]LogModuleManager: Shutting down and abandoning module FacialAnimation (272)
[2023.06.30-02.01.49:864][931]LogModuleManager: Shutting down and abandoning module DataValidation (270)
[2023.06.30-02.01.49:864][931]LogModuleManager: Shutting down and abandoning module AssetManagerEditor (268)
[2023.06.30-02.01.49:864][931]LogModuleManager: Shutting down and abandoning module LevelEditor (267)
[2023.06.30-02.01.49:866][931]LogModuleManager: Shutting down and abandoning module PixelInspectorModule (266)
[2023.06.30-02.01.49:867][931]LogModuleManager: Shutting down and abandoning module CommonMenuExtensions (264)
[2023.06.30-02.01.49:867][931]LogModuleManager: Shutting down and abandoning module MainFrame (262)
[2023.06.30-02.01.49:867][931]LogModuleManager: Shutting down and abandoning module HotReload (261)
[2023.06.30-02.01.49:868][931]LogModuleManager: Shutting down and abandoning module ContentBrowser (257)
[2023.06.30-02.01.49:869][931]LogModuleManager: Shutting down and abandoning module TreeMap (255)
[2023.06.30-02.01.49:869][931]LogModuleManager: Shutting down and abandoning module LightPropagationVolumeRuntime (252)
[2023.06.30-02.01.49:869][931]LogModuleManager: Shutting down and abandoning module AISupportModule (250)
[2023.06.30-02.01.49:869][931]LogModuleManager: Shutting down and abandoning module Paper2D (248)
[2023.06.30-02.01.49:869][931]LogModuleManager: Shutting down and abandoning module WindowsMoviePlayer (246)
[2023.06.30-02.01.49:869][931]LogModuleManager: Shutting down and abandoning module WebMMoviePlayer (244)
[2023.06.30-02.01.49:869][931]LogModuleManager: Shutting down and abandoning module WmfMedia (242)
[2023.06.30-02.01.49:874][931]LogModuleManager: Shutting down and abandoning module Media (241)
[2023.06.30-02.01.49:880][931]LogModuleManager: Shutting down and abandoning module PacketHandler (238)
[2023.06.30-02.01.49:880][931]LogModuleManager: Shutting down and abandoning module ClothingSystemEditor (236)
[2023.06.30-02.01.49:881][931]LogModuleManager: Shutting down and abandoning module ClothingSystemRuntime (234)
[2023.06.30-02.01.49:882][931]LogModuleManager: Shutting down and abandoning module MediaAssets (232)
[2023.06.30-02.01.49:882][931]LogModuleManager: Shutting down and abandoning module Overlay (230)
[2023.06.30-02.01.49:882][931]LogModuleManager: Shutting down and abandoning module OverlayEditor (229)
[2023.06.30-02.01.49:882][931]LogModuleManager: Shutting down and abandoning module VREditor (226)
[2023.06.30-02.01.49:882][931]LogModuleManager: Shutting down and abandoning module StringTableEditor (224)
[2023.06.30-02.01.49:882][931]LogModuleManager: Shutting down and abandoning module GameplayTasksEditor (222)
[2023.06.30-02.01.49:882][931]LogModuleManager: Shutting down and abandoning module BehaviorTreeEditor (220)
[2023.06.30-02.01.49:882][931]LogModuleManager: Shutting down and abandoning module FunctionalTesting (218)
[2023.06.30-02.01.49:882][931]LogModuleManager: Shutting down and abandoning module CollisionAnalyzer (216)
[2023.06.30-02.01.49:882][931]LogModuleManager: Shutting down and abandoning module WorkspaceMenuStructure (215)
[2023.06.30-02.01.49:882][931]LogModuleManager: Shutting down and abandoning module UMG (212)
[2023.06.30-02.01.49:882][931]LogModuleManager: Shutting down and abandoning module UMGEditor (211)
[2023.06.30-02.01.49:882][931]LogModuleManager: Shutting down and abandoning module Sequencer (210)
[2023.06.30-02.01.49:882][931]LogModuleManager: Shutting down and abandoning module MessageLog (207)
[2023.06.30-02.01.49:883][931]LogModuleManager: Shutting down and abandoning module SlateReflector (202)
[2023.06.30-02.01.49:883][931]LogModuleManager: Shutting down and abandoning module Slate (200)
[2023.06.30-02.01.49:883][931]LogModuleManager: Shutting down and abandoning module EditorStyle (198)
[2023.06.30-02.01.49:885][931]LogModuleManager: Shutting down and abandoning module MRMesh (196)
[2023.06.30-02.01.49:885][931]LogModuleManager: Shutting down and abandoning module SourceCodeAccess (194)
[2023.06.30-02.01.49:885][931]LogModuleManager: Shutting down and abandoning module HeadMountedDisplay (192)
[2023.06.30-02.01.49:885][931]LogModuleManager: Shutting down and abandoning module XAudio2 (190)
[2023.06.30-02.01.49:885][931]LogModuleManager: Shutting down and abandoning module Networking (188)
[2023.06.30-02.01.49:885][931]LogModuleManager: Shutting down and abandoning module Core (186)
[2023.06.30-02.01.49:885][931]LogModuleManager: Shutting down and abandoning module LevelSequence (184)
[2023.06.30-02.01.49:885][931]LogModuleManager: Shutting down and abandoning module KismetCompiler (182)
[2023.06.30-02.01.49:885][931]LogModuleManager: Shutting down and abandoning module MeshUtilities (180)
[2023.06.30-02.01.49:885][931]LogModuleManager: Shutting down and abandoning module MeshMergeUtilities (179)
[2023.06.30-02.01.49:885][931]LogModuleManager: Shutting down and abandoning module MeshReductionInterface (178)
[2023.06.30-02.01.49:885][931]LogModuleManager: Shutting down and abandoning module SimplygonSwarm (177)
[2023.06.30-02.01.49:885][931]LogModuleManager: Shutting down and abandoning module ProxyLODMeshReduction (175)
[2023.06.30-02.01.49:885][931]LogModuleManager: Shutting down and abandoning module SimplygonMeshReduction (173)
[2023.06.30-02.01.49:885][931]LogModuleManager: Shutting down and abandoning module QuadricMeshReduction (171)
[2023.06.30-02.01.49:885][931]LogModuleManager: Shutting down and abandoning module MaterialBaking (167)
[2023.06.30-02.01.49:886][931]LogModuleManager: Shutting down and abandoning module DirectoryWatcher (163)
[2023.06.30-02.01.49:886][931]LogModuleManager: Shutting down and abandoning module DerivedDataCache (160)
[2023.06.30-02.01.49:908][931]LogDerivedDataCache: Shutdown
[2023.06.30-02.01.49:908][931]LogModuleManager: Shutting down and abandoning module XGEController (158)
[2023.06.30-02.01.49:908][931]LogModuleManager: Shutting down and abandoning module TargetPlatform (156)
[2023.06.30-02.01.49:908][931]LogModuleManager: Shutting down and abandoning module VulkanShaderFormat (155)
[2023.06.30-02.01.49:908][931]LogModuleManager: Shutting down and abandoning module ShaderFormatVectorVM (153)
[2023.06.30-02.01.49:908][931]LogModuleManager: Shutting down and abandoning module ShaderFormatOpenGL (151)
[2023.06.30-02.01.49:908][931]LogModuleManager: Shutting down and abandoning module ShaderFormatD3D (149)
[2023.06.30-02.01.49:908][931]LogModuleManager: Shutting down and abandoning module MetalShaderFormat (147)
[2023.06.30-02.01.49:908][931]LogModuleManager: Shutting down and abandoning module TextureFormatUncompressed (145)
[2023.06.30-02.01.49:908][931]LogModuleManager: Shutting down and abandoning module TextureFormatPVR (143)
[2023.06.30-02.01.49:908][931]LogModuleManager: Shutting down and abandoning module TextureFormatDXT (141)
[2023.06.30-02.01.49:908][931]LogModuleManager: Shutting down and abandoning module TextureFormatIntelISPCTexComp (139)
[2023.06.30-02.01.49:908][931]LogModuleManager: Shutting down and abandoning module TextureFormatASTC (137)
[2023.06.30-02.01.49:908][931]LogModuleManager: Shutting down and abandoning module ImageWrapper (136)
[2023.06.30-02.01.49:908][931]LogModuleManager: Shutting down and abandoning module TextureFormatAndroid (133)
[2023.06.30-02.01.49:908][931]LogModuleManager: Shutting down and abandoning module AudioFormatOpus (131)
[2023.06.30-02.01.49:908][931]LogModuleManager: Shutting down and abandoning module AudioFormatOgg (129)
[2023.06.30-02.01.49:908][931]LogModuleManager: Shutting down and abandoning module AudioFormatADPCM (127)
[2023.06.30-02.01.49:908][931]LogModuleManager: Shutting down and abandoning module LuminTargetPlatform (125)
[2023.06.30-02.01.49:910][931]LogModuleManager: Shutting down and abandoning module LinuxTargetPlatform (123)
[2023.06.30-02.01.49:910][931]LogModuleManager: Shutting down and abandoning module LinuxServerTargetPlatform (121)
[2023.06.30-02.01.49:910][931]LogModuleManager: Shutting down and abandoning module LinuxNoEditorTargetPlatform (119)
[2023.06.30-02.01.49:910][931]LogModuleManager: Shutting down and abandoning module LinuxClientTargetPlatform (117)
[2023.06.30-02.01.49:910][931]LogModuleManager: Shutting down and abandoning module TVOSTargetPlatform (115)
[2023.06.30-02.01.49:912][931]LogModuleManager: Shutting down and abandoning module Messaging (113)
[2023.06.30-02.01.49:913][931]LogModuleManager: Shutting down and abandoning module IOSTargetPlatform (111)
[2023.06.30-02.01.49:914][931]LogModuleManager: Shutting down and abandoning module HTML5TargetPlatform (109)
[2023.06.30-02.01.49:914][931]LogModuleManager: Shutting down and abandoning module AndroidTargetPlatform (107)
[2023.06.30-02.01.49:927][931]LogModuleManager: Shutting down and abandoning module WindowsTargetPlatform (105)
[2023.06.30-02.01.49:927][931]LogModuleManager: Shutting down and abandoning module WindowsServerTargetPlatform (103)
[2023.06.30-02.01.49:927][931]LogModuleManager: Shutting down and abandoning module WindowsNoEditorTargetPlatform (101)
[2023.06.30-02.01.49:927][931]LogModuleManager: Shutting down and abandoning module WindowsClientTargetPlatform (99)
[2023.06.30-02.01.49:927][931]LogModuleManager: Shutting down and abandoning module MacTargetPlatform (97)
[2023.06.30-02.01.49:927][931]LogModuleManager: Shutting down and abandoning module MacServerTargetPlatform (95)
[2023.06.30-02.01.49:927][931]LogModuleManager: Shutting down and abandoning module MacNoEditorTargetPlatform (93)
[2023.06.30-02.01.49:927][931]LogModuleManager: Shutting down and abandoning module MacClientTargetPlatform (91)
[2023.06.30-02.01.49:927][931]LogModuleManager: Shutting down and abandoning module AllDesktopTargetPlatform (89)
[2023.06.30-02.01.49:927][931]LogModuleManager: Shutting down and abandoning module InputCore (86)
[2023.06.30-02.01.49:927][931]LogModuleManager: Shutting down and abandoning module Settings (84)
[2023.06.30-02.01.49:927][931]LogModuleManager: Shutting down and abandoning module PhysXCooking (82)
[2023.06.30-02.01.49:927][931]LogModuleManager: Shutting down and abandoning module SteamVR (80)
[2023.06.30-02.01.49:927][931]LogHMD: Freeing OpenVRDLLHandle.
[2023.06.30-02.01.49:927][931]LogModuleManager: Shutting down and abandoning module OculusHMD (78)
[2023.06.30-02.01.49:927][931]LogModuleManager: Shutting down and abandoning module ExampleDeviceProfileSelector (76)
[2023.06.30-02.01.49:927][931]LogModuleManager: Shutting down and abandoning module LauncherChunkInstaller (74)
[2023.06.30-02.01.49:927][931]LogModuleManager: Shutting down and abandoning module OnlineBlueprintSupport (72)
[2023.06.30-02.01.49:927][931]LogModuleManager: Shutting down and abandoning module OnlineSubsystem (68)
[2023.06.30-02.01.49:929][931]LogModuleManager: Shutting down and abandoning module XMPP (63)
[2023.06.30-02.01.49:929][931]LogModuleManager: Shutting down and abandoning module WebSockets (62)
[2023.06.30-02.01.49:933][931]LogModuleManager: Shutting down and abandoning module HTTP (59)
[2023.06.30-02.01.49:933][931]LogHttp: Display: Http module shutting down, but needs to wait on 1 outstanding Http requests:
[2023.06.30-02.01.49:933][931]LogHttp: Display: 	verb=[POST] url=[https://datarouter.ol.epicgames.com/datarouter/api/v1/public/data?SessionID=%7B915B315C-45D3-874C-3E66-E2BA9B51EFD4%7D&AppID=UEEditor.Rocket.Release&AppVersion=4.21.2-4753647%2B%2B%2BUE4%2BRelease-4.21&UserID=ff739b8e43ec5d403d10d68f035ba25e%7Cc49c3256390546089380b1b73475d0fb%7Cf3a8d8ce-d39b-479b-a3ba-2e4dac082b5a&AppEnvironment=datacollector-binary&UploadType=eteventstream] status=Processing
[2023.06.30-02.01.49:968][931]LogModuleManager: Shutting down and abandoning module SSL (58)
[2023.06.30-02.01.49:969][931]LogModuleManager: Shutting down and abandoning module MagicLeapIdentity (54)
[2023.06.30-02.01.49:969][931]LogModuleManager: Shutting down and abandoning module MagicLeapHelperVulkan (52)
[2023.06.30-02.01.49:969][931]LogModuleManager: Shutting down and abandoning module MagicLeapHelperOpenGL (50)
[2023.06.30-02.01.49:969][931]LogModuleManager: Shutting down and abandoning module MagicLeapSecureStorage (48)
[2023.06.30-02.01.49:969][931]LogModuleManager: Shutting down and abandoning module MagicLeapHandTracking (46)
[2023.06.30-02.01.49:969][931]LogModuleManager: Shutting down and abandoning module MagicLeapEyeTracker (44)
[2023.06.30-02.01.49:969][931]LogModuleManager: Shutting down and abandoning module MagicLeapController (42)
[2023.06.30-02.01.49:969][931]LogSlate: Slate User Destroyed.  User Index 0, Is Virtual User: 0
[2023.06.30-02.01.49:969][931]LogModuleManager: Shutting down and abandoning module MagicLeap (40)
[2023.06.30-02.01.49:971][931]LogModuleManager: Shutting down and abandoning module DatasmithContent (38)
[2023.06.30-02.01.49:971][931]LogModuleManager: Shutting down and abandoning module AnimationModifiers (36)
[2023.06.30-02.01.49:971][931]LogModuleManager: Shutting down and abandoning module PropertyEditor (35)
[2023.06.30-02.01.49:971][931]LogModuleManager: Shutting down and abandoning module AudioEditor (32)
[2023.06.30-02.01.49:971][931]LogModuleManager: Shutting down and abandoning module TextureCompressor (30)
[2023.06.30-02.01.49:971][931]LogModuleManager: Shutting down and abandoning module ShaderCore (28)
[2023.06.30-02.01.49:971][931]LogModuleManager: Shutting down and abandoning module Landscape (26)
[2023.06.30-02.01.49:971][931]LogModuleManager: Shutting down and abandoning module SlateRHIRenderer (24)
[2023.06.30-02.01.49:972][931]LogModuleManager: Shutting down and abandoning module OpenGLDrv (22)
[2023.06.30-02.01.49:973][931]LogModuleManager: Shutting down and abandoning module D3D11RHI (20)
[2023.06.30-02.01.49:973][931]LogModuleManager: Shutting down and abandoning module AnimGraphRuntime (18)
[2023.06.30-02.01.49:973][931]LogModuleManager: Shutting down and abandoning module Renderer (16)
[2023.06.30-02.01.49:973][931]LogModuleManager: Shutting down and abandoning module Engine (14)
[2023.06.30-02.01.49:974][931]LogModuleManager: Shutting down and abandoning module CoreUObject (12)
[2023.06.30-02.01.49:974][931]LogModuleManager: Shutting down and abandoning module NetworkFile (10)
[2023.06.30-02.01.49:974][931]LogModuleManager: Shutting down and abandoning module CookedIterativeFile (8)
[2023.06.30-02.01.49:974][931]LogModuleManager: Shutting down and abandoning module StreamingFile (6)
[2023.06.30-02.01.49:974][931]LogModuleManager: Shutting down and abandoning module SandboxFile (4)
[2023.06.30-02.01.49:974][931]LogModuleManager: Shutting down and abandoning module PakFile (2)
[2023.06.30-02.01.49:999][931]LogExit: Exiting.
[2023.06.30-02.01.50:002][931]Log file closed, 06/30/23 11:01:50
